/Users/pranavthatte/Desktop/Core/Princeton Senior/Winter 2023 Studying/Exchange/exchange/matching_engine/matching_engine.h:43 run() Tue Jan 21 01:05:30 2025 
/Users/pranavthatte/Desktop/Core/Princeton Senior/Winter 2023 Studying/Exchange/exchange/matching_engine/matching_engine.h:52 run() Tue Jan 21 01:05:55 2025 Processing MEClientRequest [type: NEW, client: 3, ticker: 3, order_id: 3000, side: SELL, qty: 75, price: 131] 
/Users/pranavthatte/Desktop/Core/Princeton Senior/Winter 2023 Studying/Exchange/exchange/matching_engine/matching_engine.h:68 sendClientResponse() Tue Jan 21 01:05:55 2025 Sending MEClientResponse [type: ACCEPTED, client: 3, ticker: 3, client order id: 3000, market order id: 1, side: SELL, exec_qty: 75, leaves_qty: INVALID, price: 131] 
/Users/pranavthatte/Desktop/Core/Princeton Senior/Winter 2023 Studying/Exchange/exchange/matching_engine/matching_engine.h:86 sendMarketUpdate() Tue Jan 21 01:05:55 2025 Sending MEMarketUpdate [type: ADD, order_id: 1, ticker: 3, side: SELL, price: 131, qty: 75, priority: 1] 
/Users/pranavthatte/Desktop/Core/Princeton Senior/Winter 2023 Studying/Exchange/exchange/matching_engine/matching_engine.h:52 run() Tue Jan 21 01:05:55 2025 Processing MEClientRequest [type: CANCEL, client: 3, ticker: 3, order_id: 3000, side: SELL, qty: 75, price: 131] 
/Users/pranavthatte/Desktop/Core/Princeton Senior/Winter 2023 Studying/Exchange/exchange/matching_engine/matching_engine.h:86 sendMarketUpdate() Tue Jan 21 01:05:55 2025 Sending MEMarketUpdate [type: CANCEL, order_id: 1, ticker: 3, side: SELL, price: 131, qty: 0, priority: 1] 
/Users/pranavthatte/Desktop/Core/Princeton Senior/Winter 2023 Studying/Exchange/exchange/matching_engine/matching_engine.h:68 sendClientResponse() Tue Jan 21 01:05:55 2025 Sending MEClientResponse [type: CANCELED, client: 3, ticker: 3, client order id: 3000, market order id: 1, side: SELL, exec_qty: 75, leaves_qty: INVALID, price: 131] 
/Users/pranavthatte/Desktop/Core/Princeton Senior/Winter 2023 Studying/Exchange/exchange/matching_engine/matching_engine.h:52 run() Tue Jan 21 01:05:55 2025 Processing MEClientRequest [type: NEW, client: 3, ticker: 6, order_id: 3001, side: BUY, qty: 64, price: 134] 
/Users/pranavthatte/Desktop/Core/Princeton Senior/Winter 2023 Studying/Exchange/exchange/matching_engine/matching_engine.h:68 sendClientResponse() Tue Jan 21 01:05:55 2025 Sending MEClientResponse [type: ACCEPTED, client: 3, ticker: 6, client order id: 3001, market order id: 1, side: BUY, exec_qty: 64, leaves_qty: INVALID, price: 134] 
/Users/pranavthatte/Desktop/Core/Princeton Senior/Winter 2023 Studying/Exchange/exchange/matching_engine/matching_engine.h:86 sendMarketUpdate() Tue Jan 21 01:05:55 2025 Sending MEMarketUpdate [type: ADD, order_id: 1, ticker: 6, side: BUY, price: 134, qty: 64, priority: 1] 
/Users/pranavthatte/Desktop/Core/Princeton Senior/Winter 2023 Studying/Exchange/exchange/matching_engine/matching_engine.h:52 run() Tue Jan 21 01:05:55 2025 Processing MEClientRequest [type: CANCEL, client: 3, ticker: 6, order_id: 3001, side: BUY, qty: 64, price: 134] 
/Users/pranavthatte/Desktop/Core/Princeton Senior/Winter 2023 Studying/Exchange/exchange/matching_engine/matching_engine.h:86 sendMarketUpdate() Tue Jan 21 01:05:55 2025 Sending MEMarketUpdate [type: CANCEL, order_id: 1, ticker: 6, side: BUY, price: 134, qty: 0, priority: 1] 
/Users/pranavthatte/Desktop/Core/Princeton Senior/Winter 2023 Studying/Exchange/exchange/matching_engine/matching_engine.h:68 sendClientResponse() Tue Jan 21 01:05:55 2025 Sending MEClientResponse [type: CANCELED, client: 3, ticker: 6, client order id: 3001, market order id: 1, side: BUY, exec_qty: 64, leaves_qty: INVALID, price: 134] 
/Users/pranavthatte/Desktop/Core/Princeton Senior/Winter 2023 Studying/Exchange/exchange/matching_engine/matching_engine.h:52 run() Tue Jan 21 01:05:55 2025 Processing MEClientRequest [type: NEW, client: 3, ticker: 1, order_id: 3002, side: BUY, qty: 64, price: 154] 
/Users/pranavthatte/Desktop/Core/Princeton Senior/Winter 2023 Studying/Exchange/exchange/matching_engine/matching_engine.h:68 sendClientResponse() Tue Jan 21 01:05:55 2025 Sending MEClientResponse [type: ACCEPTED, client: 3, ticker: 1, client order id: 3002, market order id: 1, side: BUY, exec_qty: 64, leaves_qty: INVALID, price: 154] 
/Users/pranavthatte/Desktop/Core/Princeton Senior/Winter 2023 Studying/Exchange/exchange/matching_engine/matching_engine.h:86 sendMarketUpdate() Tue Jan 21 01:05:55 2025 Sending MEMarketUpdate [type: ADD, order_id: 1, ticker: 1, side: BUY, price: 154, qty: 64, priority: 1] 
/Users/pranavthatte/Desktop/Core/Princeton Senior/Winter 2023 Studying/Exchange/exchange/matching_engine/matching_engine.h:52 run() Tue Jan 21 01:05:55 2025 Processing MEClientRequest [type: CANCEL, client: 3, ticker: 1, order_id: 3002, side: BUY, qty: 64, price: 154] 
/Users/pranavthatte/Desktop/Core/Princeton Senior/Winter 2023 Studying/Exchange/exchange/matching_engine/matching_engine.h:86 sendMarketUpdate() Tue Jan 21 01:05:55 2025 Sending MEMarketUpdate [type: CANCEL, order_id: 1, ticker: 1, side: BUY, price: 154, qty: 0, priority: 1] 
/Users/pranavthatte/Desktop/Core/Princeton Senior/Winter 2023 Studying/Exchange/exchange/matching_engine/matching_engine.h:68 sendClientResponse() Tue Jan 21 01:05:55 2025 Sending MEClientResponse [type: CANCELED, client: 3, ticker: 1, client order id: 3002, market order id: 1, side: BUY, exec_qty: 64, leaves_qty: INVALID, price: 154] 
/Users/pranavthatte/Desktop/Core/Princeton Senior/Winter 2023 Studying/Exchange/exchange/matching_engine/matching_engine.h:52 run() Tue Jan 21 01:05:55 2025 Processing MEClientRequest [type: NEW, client: 3, ticker: 1, order_id: 3003, side: BUY, qty: 54, price: 154] 
/Users/pranavthatte/Desktop/Core/Princeton Senior/Winter 2023 Studying/Exchange/exchange/matching_engine/matching_engine.h:68 sendClientResponse() Tue Jan 21 01:05:55 2025 Sending MEClientResponse [type: ACCEPTED, client: 3, ticker: 1, client order id: 3003, market order id: 2, side: BUY, exec_qty: 54, leaves_qty: INVALID, price: 154] 
/Users/pranavthatte/Desktop/Core/Princeton Senior/Winter 2023 Studying/Exchange/exchange/matching_engine/matching_engine.h:86 sendMarketUpdate() Tue Jan 21 01:05:55 2025 Sending MEMarketUpdate [type: ADD, order_id: 2, ticker: 1, side: BUY, price: 154, qty: 54, priority: 1] 
/Users/pranavthatte/Desktop/Core/Princeton Senior/Winter 2023 Studying/Exchange/exchange/matching_engine/matching_engine.h:52 run() Tue Jan 21 01:05:55 2025 Processing MEClientRequest [type: CANCEL, client: 3, ticker: 1, order_id: 3003, side: BUY, qty: 54, price: 154] 
/Users/pranavthatte/Desktop/Core/Princeton Senior/Winter 2023 Studying/Exchange/exchange/matching_engine/matching_engine.h:86 sendMarketUpdate() Tue Jan 21 01:05:55 2025 Sending MEMarketUpdate [type: CANCEL, order_id: 2, ticker: 1, side: BUY, price: 154, qty: 0, priority: 1] 
/Users/pranavthatte/Desktop/Core/Princeton Senior/Winter 2023 Studying/Exchange/exchange/matching_engine/matching_engine.h:68 sendClientResponse() Tue Jan 21 01:05:55 2025 Sending MEClientResponse [type: CANCELED, client: 3, ticker: 1, client order id: 3003, market order id: 2, side: BUY, exec_qty: 54, leaves_qty: INVALID, price: 154] 
/Users/pranavthatte/Desktop/Core/Princeton Senior/Winter 2023 Studying/Exchange/exchange/matching_engine/matching_engine.h:52 run() Tue Jan 21 01:05:55 2025 Processing MEClientRequest [type: NEW, client: 3, ticker: 1, order_id: 3004, side: SELL, qty: 99, price: 149] 
/Users/pranavthatte/Desktop/Core/Princeton Senior/Winter 2023 Studying/Exchange/exchange/matching_engine/matching_engine.h:68 sendClientResponse() Tue Jan 21 01:05:55 2025 Sending MEClientResponse [type: ACCEPTED, client: 3, ticker: 1, client order id: 3004, market order id: 3, side: SELL, exec_qty: 99, leaves_qty: INVALID, price: 149] 
/Users/pranavthatte/Desktop/Core/Princeton Senior/Winter 2023 Studying/Exchange/exchange/matching_engine/matching_engine.h:86 sendMarketUpdate() Tue Jan 21 01:05:55 2025 Sending MEMarketUpdate [type: ADD, order_id: 3, ticker: 1, side: SELL, price: 149, qty: 99, priority: 1] 
/Users/pranavthatte/Desktop/Core/Princeton Senior/Winter 2023 Studying/Exchange/exchange/matching_engine/matching_engine.h:52 run() Tue Jan 21 01:05:55 2025 Processing MEClientRequest [type: CANCEL, client: 3, ticker: 6, order_id: 3001, side: BUY, qty: 64, price: 134] 
/Users/pranavthatte/Desktop/Core/Princeton Senior/Winter 2023 Studying/Exchange/exchange/matching_engine/matching_engine.h:68 sendClientResponse() Tue Jan 21 01:05:55 2025 Sending MEClientResponse [type: CANCEL_REJECTED, client: 3, ticker: 6, client order id: 3001, market order id: INVALID, side: INVALID, exec_qty: INVALID, leaves_qty: INVALID, price: INVALID] 
/Users/pranavthatte/Desktop/Core/Princeton Senior/Winter 2023 Studying/Exchange/exchange/matching_engine/matching_engine.h:52 run() Tue Jan 21 01:05:55 2025 Processing MEClientRequest [type: NEW, client: 3, ticker: 1, order_id: 3005, side: SELL, qty: 101, price: 154] 
/Users/pranavthatte/Desktop/Core/Princeton Senior/Winter 2023 Studying/Exchange/exchange/matching_engine/matching_engine.h:68 sendClientResponse() Tue Jan 21 01:05:55 2025 Sending MEClientResponse [type: ACCEPTED, client: 3, ticker: 1, client order id: 3005, market order id: 4, side: SELL, exec_qty: 101, leaves_qty: INVALID, price: 154] 
/Users/pranavthatte/Desktop/Core/Princeton Senior/Winter 2023 Studying/Exchange/exchange/matching_engine/matching_engine.h:86 sendMarketUpdate() Tue Jan 21 01:05:55 2025 Sending MEMarketUpdate [type: ADD, order_id: 4, ticker: 1, side: SELL, price: 154, qty: 101, priority: 1] 
/Users/pranavthatte/Desktop/Core/Princeton Senior/Winter 2023 Studying/Exchange/exchange/matching_engine/matching_engine.h:52 run() Tue Jan 21 01:05:55 2025 Processing MEClientRequest [type: CANCEL, client: 3, ticker: 6, order_id: 3001, side: BUY, qty: 64, price: 134] 
/Users/pranavthatte/Desktop/Core/Princeton Senior/Winter 2023 Studying/Exchange/exchange/matching_engine/matching_engine.h:68 sendClientResponse() Tue Jan 21 01:05:55 2025 Sending MEClientResponse [type: CANCEL_REJECTED, client: 3, ticker: 6, client order id: 3001, market order id: INVALID, side: INVALID, exec_qty: INVALID, leaves_qty: INVALID, price: INVALID] 
/Users/pranavthatte/Desktop/Core/Princeton Senior/Winter 2023 Studying/Exchange/exchange/matching_engine/matching_engine.h:52 run() Tue Jan 21 01:05:55 2025 Processing MEClientRequest [type: NEW, client: 3, ticker: 3, order_id: 3006, side: SELL, qty: 3, price: 134] 
/Users/pranavthatte/Desktop/Core/Princeton Senior/Winter 2023 Studying/Exchange/exchange/matching_engine/matching_engine.h:68 sendClientResponse() Tue Jan 21 01:05:55 2025 Sending MEClientResponse [type: ACCEPTED, client: 3, ticker: 3, client order id: 3006, market order id: 2, side: SELL, exec_qty: 3, leaves_qty: INVALID, price: 134] 
/Users/pranavthatte/Desktop/Core/Princeton Senior/Winter 2023 Studying/Exchange/exchange/matching_engine/matching_engine.h:86 sendMarketUpdate() Tue Jan 21 01:05:55 2025 Sending MEMarketUpdate [type: ADD, order_id: 2, ticker: 3, side: SELL, price: 134, qty: 3, priority: 1] 
/Users/pranavthatte/Desktop/Core/Princeton Senior/Winter 2023 Studying/Exchange/exchange/matching_engine/matching_engine.h:52 run() Tue Jan 21 01:05:55 2025 Processing MEClientRequest [type: CANCEL, client: 3, ticker: 1, order_id: 3005, side: SELL, qty: 101, price: 154] 
/Users/pranavthatte/Desktop/Core/Princeton Senior/Winter 2023 Studying/Exchange/exchange/matching_engine/matching_engine.h:86 sendMarketUpdate() Tue Jan 21 01:05:55 2025 Sending MEMarketUpdate [type: CANCEL, order_id: 4, ticker: 1, side: SELL, price: 154, qty: 0, priority: 1] 
/Users/pranavthatte/Desktop/Core/Princeton Senior/Winter 2023 Studying/Exchange/exchange/matching_engine/matching_engine.h:68 sendClientResponse() Tue Jan 21 01:05:55 2025 Sending MEClientResponse [type: CANCELED, client: 3, ticker: 1, client order id: 3005, market order id: 4, side: SELL, exec_qty: 101, leaves_qty: INVALID, price: 154] 
/Users/pranavthatte/Desktop/Core/Princeton Senior/Winter 2023 Studying/Exchange/exchange/matching_engine/matching_engine.h:52 run() Tue Jan 21 01:05:55 2025 Processing MEClientRequest [type: NEW, client: 3, ticker: 2, order_id: 3007, side: BUY, qty: 37, price: 134] 
/Users/pranavthatte/Desktop/Core/Princeton Senior/Winter 2023 Studying/Exchange/exchange/matching_engine/matching_engine.h:68 sendClientResponse() Tue Jan 21 01:05:55 2025 Sending MEClientResponse [type: ACCEPTED, client: 3, ticker: 2, client order id: 3007, market order id: 1, side: BUY, exec_qty: 37, leaves_qty: INVALID, price: 134] 
/Users/pranavthatte/Desktop/Core/Princeton Senior/Winter 2023 Studying/Exchange/exchange/matching_engine/matching_engine.h:86 sendMarketUpdate() Tue Jan 21 01:05:55 2025 Sending MEMarketUpdate [type: ADD, order_id: 1, ticker: 2, side: BUY, price: 134, qty: 37, priority: 1] 
/Users/pranavthatte/Desktop/Core/Princeton Senior/Winter 2023 Studying/Exchange/exchange/matching_engine/matching_engine.h:52 run() Tue Jan 21 01:05:56 2025 Processing MEClientRequest [type: CANCEL, client: 3, ticker: 1, order_id: 3003, side: BUY, qty: 54, price: 154] 
/Users/pranavthatte/Desktop/Core/Princeton Senior/Winter 2023 Studying/Exchange/exchange/matching_engine/matching_engine.h:68 sendClientResponse() Tue Jan 21 01:05:56 2025 Sending MEClientResponse [type: CANCEL_REJECTED, client: 3, ticker: 1, client order id: 3003, market order id: INVALID, side: INVALID, exec_qty: INVALID, leaves_qty: INVALID, price: INVALID] 
/Users/pranavthatte/Desktop/Core/Princeton Senior/Winter 2023 Studying/Exchange/exchange/matching_engine/matching_engine.h:52 run() Tue Jan 21 01:05:56 2025 Processing MEClientRequest [type: NEW, client: 3, ticker: 6, order_id: 3008, side: SELL, qty: 11, price: 137] 
/Users/pranavthatte/Desktop/Core/Princeton Senior/Winter 2023 Studying/Exchange/exchange/matching_engine/matching_engine.h:68 sendClientResponse() Tue Jan 21 01:05:56 2025 Sending MEClientResponse [type: ACCEPTED, client: 3, ticker: 6, client order id: 3008, market order id: 2, side: SELL, exec_qty: 11, leaves_qty: INVALID, price: 137] 
/Users/pranavthatte/Desktop/Core/Princeton Senior/Winter 2023 Studying/Exchange/exchange/matching_engine/matching_engine.h:86 sendMarketUpdate() Tue Jan 21 01:05:56 2025 Sending MEMarketUpdate [type: ADD, order_id: 2, ticker: 6, side: SELL, price: 137, qty: 11, priority: 1] 
/Users/pranavthatte/Desktop/Core/Princeton Senior/Winter 2023 Studying/Exchange/exchange/matching_engine/matching_engine.h:52 run() Tue Jan 21 01:05:56 2025 Processing MEClientRequest [type: CANCEL, client: 3, ticker: 1, order_id: 3003, side: BUY, qty: 54, price: 154] 
/Users/pranavthatte/Desktop/Core/Princeton Senior/Winter 2023 Studying/Exchange/exchange/matching_engine/matching_engine.h:68 sendClientResponse() Tue Jan 21 01:05:56 2025 Sending MEClientResponse [type: CANCEL_REJECTED, client: 3, ticker: 1, client order id: 3003, market order id: INVALID, side: INVALID, exec_qty: INVALID, leaves_qty: INVALID, price: INVALID] 
/Users/pranavthatte/Desktop/Core/Princeton Senior/Winter 2023 Studying/Exchange/exchange/matching_engine/matching_engine.h:52 run() Tue Jan 21 01:05:56 2025 Processing MEClientRequest [type: NEW, client: 3, ticker: 0, order_id: 3009, side: BUY, qty: 72, price: 129] 
/Users/pranavthatte/Desktop/Core/Princeton Senior/Winter 2023 Studying/Exchange/exchange/matching_engine/matching_engine.h:68 sendClientResponse() Tue Jan 21 01:05:56 2025 Sending MEClientResponse [type: ACCEPTED, client: 3, ticker: 0, client order id: 3009, market order id: 1, side: BUY, exec_qty: 72, leaves_qty: INVALID, price: 129] 
/Users/pranavthatte/Desktop/Core/Princeton Senior/Winter 2023 Studying/Exchange/exchange/matching_engine/matching_engine.h:86 sendMarketUpdate() Tue Jan 21 01:05:56 2025 Sending MEMarketUpdate [type: ADD, order_id: 1, ticker: 0, side: BUY, price: 129, qty: 72, priority: 1] 
/Users/pranavthatte/Desktop/Core/Princeton Senior/Winter 2023 Studying/Exchange/exchange/matching_engine/matching_engine.h:52 run() Tue Jan 21 01:05:56 2025 Processing MEClientRequest [type: CANCEL, client: 3, ticker: 1, order_id: 3004, side: SELL, qty: 99, price: 149] 
/Users/pranavthatte/Desktop/Core/Princeton Senior/Winter 2023 Studying/Exchange/exchange/matching_engine/matching_engine.h:86 sendMarketUpdate() Tue Jan 21 01:05:56 2025 Sending MEMarketUpdate [type: CANCEL, order_id: 3, ticker: 1, side: SELL, price: 149, qty: 0, priority: 1] 
/Users/pranavthatte/Desktop/Core/Princeton Senior/Winter 2023 Studying/Exchange/exchange/matching_engine/matching_engine.h:68 sendClientResponse() Tue Jan 21 01:05:56 2025 Sending MEClientResponse [type: CANCELED, client: 3, ticker: 1, client order id: 3004, market order id: 3, side: SELL, exec_qty: 99, leaves_qty: INVALID, price: 149] 
/Users/pranavthatte/Desktop/Core/Princeton Senior/Winter 2023 Studying/Exchange/exchange/matching_engine/me_order_book.cpp:19 ~MEOrderBook() Tue Jan 21 01:07:50 2025 OrderBook destructor 
  
/Users/pranavthatte/Desktop/Core/Princeton Senior/Winter 2023 Studying/Exchange/exchange/matching_engine/me_order_book.cpp:19 ~MEOrderBook() Tue Jan 21 01:07:50 2025 OrderBook destructor 
  
/Users/pranavthatte/Desktop/Core/Princeton Senior/Winter 2023 Studying/Exchange/exchange/matching_engine/me_order_book.cpp:19 ~MEOrderBook() Tue Jan 21 01:07:50 2025 OrderBook destructor 
  
/Users/pranavthatte/Desktop/Core/Princeton Senior/Winter 2023 Studying/Exchange/exchange/matching_engine/me_order_book.cpp:19 ~MEOrderBook() Tue Jan 21 01:07:51 2025 OrderBook destructor 
  
/Users/pranavthatte/Desktop/Core/Princeton Senior/Winter 2023 Studying/Exchange/exchange/matching_engine/me_order_book.cpp:19 ~MEOrderBook() Tue Jan 21 01:07:51 2025 OrderBook destructor 
  
/Users/pranavthatte/Desktop/Core/Princeton Senior/Winter 2023 Studying/Exchange/exchange/matching_engine/me_order_book.cpp:19 ~MEOrderBook() Tue Jan 21 01:07:51 2025 OrderBook destructor 
  
/Users/pranavthatte/Desktop/Core/Princeton Senior/Winter 2023 Studying/Exchange/exchange/matching_engine/me_order_book.cpp:19 ~MEOrderBook() Tue Jan 21 01:07:51 2025 OrderBook destructor 
  
/Users/pranavthatte/Desktop/Core/Princeton Senior/Winter 2023 Studying/Exchange/exchange/matching_engine/me_order_book.cpp:19 ~MEOrderBook() Tue Jan 21 01:07:51 2025 OrderBook destructor 
  
