/Users/pranavthatte/Desktop/Core/Princeton Senior/Winter 2023 Studying/Exchange/utils/socket_utils.h:125 createSocket() Thu Jan 23 01:19:31 2025 ip:233.252.14.1 interface:lo port:20000 is_udp:1 is_blocking:0 is_listening:0 ttl:0 SOtime:0 
/Users/pranavthatte/Desktop/Core/Princeton Senior/Winter 2023 Studying/Exchange/exchange/market_publisher/snapshot_synthesizer.h:184 run() Thu Jan 23 01:19:32 2025 Synthesizer running... 
/Users/pranavthatte/Desktop/Core/Princeton Senior/Winter 2023 Studying/Exchange/exchange/market_publisher/snapshot_synthesizer.h:128 publishSnapshot() Thu Jan 23 01:19:32 2025 START SENTINEL MDPMarketUpdate [ seq: 0 MEMarketUpdate [type: SNAPSHOT_START, order_id: 0, ticker: INVALID, side: INVALID, price: INVALID, qty: INVALID, priority: INVALID]] 
/Users/pranavthatte/Desktop/Core/Princeton Senior/Winter 2023 Studying/Exchange/exchange/market_publisher/snapshot_synthesizer.h:145 publishSnapshot() Thu Jan 23 01:19:32 2025 CLEAR SENTINEL MDPMarketUpdate [ seq: 1 MEMarketUpdate [type: CLEAR, order_id: INVALID, ticker: 0, side: INVALID, price: INVALID, qty: INVALID, priority: INVALID]] 
/Users/pranavthatte/Desktop/Core/Princeton Senior/Winter 2023 Studying/Exchange/exchange/market_publisher/snapshot_synthesizer.h:145 publishSnapshot() Thu Jan 23 01:19:32 2025 CLEAR SENTINEL MDPMarketUpdate [ seq: 2 MEMarketUpdate [type: CLEAR, order_id: INVALID, ticker: 1, side: INVALID, price: INVALID, qty: INVALID, priority: INVALID]] 
/Users/pranavthatte/Desktop/Core/Princeton Senior/Winter 2023 Studying/Exchange/exchange/market_publisher/snapshot_synthesizer.h:145 publishSnapshot() Thu Jan 23 01:19:32 2025 CLEAR SENTINEL MDPMarketUpdate [ seq: 3 MEMarketUpdate [type: CLEAR, order_id: INVALID, ticker: 2, side: INVALID, price: INVALID, qty: INVALID, priority: INVALID]] 
/Users/pranavthatte/Desktop/Core/Princeton Senior/Winter 2023 Studying/Exchange/exchange/market_publisher/snapshot_synthesizer.h:145 publishSnapshot() Thu Jan 23 01:19:32 2025 CLEAR SENTINEL MDPMarketUpdate [ seq: 4 MEMarketUpdate [type: CLEAR, order_id: INVALID, ticker: 3, side: INVALID, price: INVALID, qty: INVALID, priority: INVALID]] 
/Users/pranavthatte/Desktop/Core/Princeton Senior/Winter 2023 Studying/Exchange/exchange/market_publisher/snapshot_synthesizer.h:145 publishSnapshot() Thu Jan 23 01:19:32 2025 CLEAR SENTINEL MDPMarketUpdate [ seq: 5 MEMarketUpdate [type: CLEAR, order_id: INVALID, ticker: 4, side: INVALID, price: INVALID, qty: INVALID, priority: INVALID]] 
/Users/pranavthatte/Desktop/Core/Princeton Senior/Winter 2023 Studying/Exchange/exchange/market_publisher/snapshot_synthesizer.h:145 publishSnapshot() Thu Jan 23 01:19:32 2025 CLEAR SENTINEL MDPMarketUpdate [ seq: 6 MEMarketUpdate [type: CLEAR, order_id: INVALID, ticker: 5, side: INVALID, price: INVALID, qty: INVALID, priority: INVALID]] 
/Users/pranavthatte/Desktop/Core/Princeton Senior/Winter 2023 Studying/Exchange/exchange/market_publisher/snapshot_synthesizer.h:145 publishSnapshot() Thu Jan 23 01:19:32 2025 CLEAR SENTINEL MDPMarketUpdate [ seq: 7 MEMarketUpdate [type: CLEAR, order_id: INVALID, ticker: 6, side: INVALID, price: INVALID, qty: INVALID, priority: INVALID]] 
/Users/pranavthatte/Desktop/Core/Princeton Senior/Winter 2023 Studying/Exchange/exchange/market_publisher/snapshot_synthesizer.h:145 publishSnapshot() Thu Jan 23 01:19:32 2025 CLEAR SENTINEL MDPMarketUpdate [ seq: 8 MEMarketUpdate [type: CLEAR, order_id: INVALID, ticker: 7, side: INVALID, price: INVALID, qty: INVALID, priority: INVALID]] 
/Users/pranavthatte/Desktop/Core/Princeton Senior/Winter 2023 Studying/Exchange/exchange/market_publisher/snapshot_synthesizer.h:170 publishSnapshot() Thu Jan 23 01:19:32 2025 END SENTINEL MDPMarketUpdate [ seq: 9 MEMarketUpdate [type: SNAPSHOT_END, order_id: 0, ticker: INVALID, side: INVALID, price: INVALID, qty: INVALID, priority: INVALID]] 
/Users/pranavthatte/Desktop/Core/Princeton Senior/Winter 2023 Studying/Exchange/utils/multicast_socket.cpp:32 sendAndRecv() Thu Jan 23 01:19:32 2025 send socket:8 len:420
/Users/pranavthatte/Desktop/Core/Princeton Senior/Winter 2023 Studying/Exchange/exchange/market_publisher/snapshot_synthesizer.h:177 publishSnapshot() Thu Jan 23 01:19:32 2025 Published snapshot of 9 orders. 
/Users/pranavthatte/Desktop/Core/Princeton Senior/Winter 2023 Studying/Exchange/exchange/market_publisher/snapshot_synthesizer.h:194 run() Thu Jan 23 01:19:50 2025 Run is processing MDPMarketUpdate [ seq: 1 MEMarketUpdate [type: ADD, order_id: 1, ticker: 0, side: SELL, price: 10, qty: 100, priority: 1]] 
/Users/pranavthatte/Desktop/Core/Princeton Senior/Winter 2023 Studying/Exchange/exchange/market_publisher/snapshot_synthesizer.h:194 run() Thu Jan 23 01:20:00 2025 Run is processing MDPMarketUpdate [ seq: 2 MEMarketUpdate [type: TRADE, order_id: INVALID, ticker: 0, side: BUY, price: 10, qty: 100, priority: INVALID]] 
/Users/pranavthatte/Desktop/Core/Princeton Senior/Winter 2023 Studying/Exchange/exchange/market_publisher/snapshot_synthesizer.h:194 run() Thu Jan 23 01:20:00 2025 Run is processing MDPMarketUpdate [ seq: 3 MEMarketUpdate [type: CANCEL, order_id: 1, ticker: 0, side: SELL, price: 10, qty: 0, priority: INVALID]] 
/Users/pranavthatte/Desktop/Core/Princeton Senior/Winter 2023 Studying/Exchange/exchange/market_publisher/snapshot_synthesizer.h:194 run() Thu Jan 23 01:20:00 2025 Run is processing MDPMarketUpdate [ seq: 4 MEMarketUpdate [type: ADD, order_id: 3, ticker: 0, side: BUY, price: 10, qty: 100, priority: 1]] 
/Users/pranavthatte/Desktop/Core/Princeton Senior/Winter 2023 Studying/Exchange/exchange/market_publisher/snapshot_synthesizer.h:194 run() Thu Jan 23 01:20:05 2025 Run is processing MDPMarketUpdate [ seq: 5 MEMarketUpdate [type: ADD, order_id: 1, ticker: 1, side: BUY, price: 10, qty: 1, priority: 1]] 
/Users/pranavthatte/Desktop/Core/Princeton Senior/Winter 2023 Studying/Exchange/exchange/market_publisher/snapshot_synthesizer.h:194 run() Thu Jan 23 01:20:10 2025 Run is processing MDPMarketUpdate [ seq: 6 MEMarketUpdate [type: ADD, order_id: 2, ticker: 1, side: BUY, price: 10, qty: 1, priority: 2]] 
/Users/pranavthatte/Desktop/Core/Princeton Senior/Winter 2023 Studying/Exchange/exchange/market_publisher/snapshot_synthesizer.h:194 run() Thu Jan 23 01:20:10 2025 Run is processing MDPMarketUpdate [ seq: 7 MEMarketUpdate [type: ADD, order_id: 4, ticker: 0, side: SELL, price: 40, qty: 100, priority: 1]] 
/Users/pranavthatte/Desktop/Core/Princeton Senior/Winter 2023 Studying/Exchange/exchange/market_publisher/snapshot_synthesizer.h:194 run() Thu Jan 23 01:20:10 2025 Run is processing MDPMarketUpdate [ seq: 8 MEMarketUpdate [type: ADD, order_id: 3, ticker: 1, side: BUY, price: 10, qty: 1, priority: 3]] 
/Users/pranavthatte/Desktop/Core/Princeton Senior/Winter 2023 Studying/Exchange/exchange/market_publisher/snapshot_synthesizer.h:194 run() Thu Jan 23 01:20:15 2025 Run is processing MDPMarketUpdate [ seq: 9 MEMarketUpdate [type: ADD, order_id: 4, ticker: 1, side: BUY, price: 10, qty: 1, priority: 4]] 
/Users/pranavthatte/Desktop/Core/Princeton Senior/Winter 2023 Studying/Exchange/exchange/market_publisher/snapshot_synthesizer.h:194 run() Thu Jan 23 01:20:15 2025 Run is processing MDPMarketUpdate [ seq: 10 MEMarketUpdate [type: ADD, order_id: 5, ticker: 1, side: BUY, price: 10, qty: 1, priority: 5]] 
/Users/pranavthatte/Desktop/Core/Princeton Senior/Winter 2023 Studying/Exchange/exchange/market_publisher/snapshot_synthesizer.h:194 run() Thu Jan 23 01:20:20 2025 Run is processing MDPMarketUpdate [ seq: 11 MEMarketUpdate [type: ADD, order_id: 6, ticker: 1, side: BUY, price: 10, qty: 1, priority: 6]] 
/Users/pranavthatte/Desktop/Core/Princeton Senior/Winter 2023 Studying/Exchange/exchange/market_publisher/snapshot_synthesizer.h:128 publishSnapshot() Thu Jan 23 01:20:32 2025 START SENTINEL MDPMarketUpdate [ seq: 0 MEMarketUpdate [type: SNAPSHOT_START, order_id: 11, ticker: INVALID, side: INVALID, price: INVALID, qty: INVALID, priority: INVALID]] 
/Users/pranavthatte/Desktop/Core/Princeton Senior/Winter 2023 Studying/Exchange/exchange/market_publisher/snapshot_synthesizer.h:145 publishSnapshot() Thu Jan 23 01:20:32 2025 CLEAR SENTINEL MDPMarketUpdate [ seq: 1 MEMarketUpdate [type: CLEAR, order_id: INVALID, ticker: 0, side: INVALID, price: INVALID, qty: INVALID, priority: INVALID]] 
/Users/pranavthatte/Desktop/Core/Princeton Senior/Winter 2023 Studying/Exchange/exchange/market_publisher/snapshot_synthesizer.h:155 publishSnapshot() Thu Jan 23 01:20:32 2025 MDPMarketUpdate [ seq: 2 MEMarketUpdate [type: ADD, order_id: 3, ticker: 0, side: BUY, price: 10, qty: 100, priority: 1]] 
/Users/pranavthatte/Desktop/Core/Princeton Senior/Winter 2023 Studying/Exchange/utils/multicast_socket.cpp:32 sendAndRecv() Thu Jan 23 01:20:32 2025 send socket:8 len:126
/Users/pranavthatte/Desktop/Core/Princeton Senior/Winter 2023 Studying/Exchange/exchange/market_publisher/snapshot_synthesizer.h:155 publishSnapshot() Thu Jan 23 01:20:32 2025 MDPMarketUpdate [ seq: 3 MEMarketUpdate [type: ADD, order_id: 4, ticker: 0, side: SELL, price: 40, qty: 100, priority: 1]] 
/Users/pranavthatte/Desktop/Core/Princeton Senior/Winter 2023 Studying/Exchange/utils/multicast_socket.cpp:32 sendAndRecv() Thu Jan 23 01:20:32 2025 send socket:8 len:42
/Users/pranavthatte/Desktop/Core/Princeton Senior/Winter 2023 Studying/Exchange/exchange/market_publisher/snapshot_synthesizer.h:145 publishSnapshot() Thu Jan 23 01:20:32 2025 CLEAR SENTINEL MDPMarketUpdate [ seq: 4 MEMarketUpdate [type: CLEAR, order_id: INVALID, ticker: 1, side: INVALID, price: INVALID, qty: INVALID, priority: INVALID]] 
/Users/pranavthatte/Desktop/Core/Princeton Senior/Winter 2023 Studying/Exchange/exchange/market_publisher/snapshot_synthesizer.h:155 publishSnapshot() Thu Jan 23 01:20:32 2025 MDPMarketUpdate [ seq: 5 MEMarketUpdate [type: ADD, order_id: 1, ticker: 1, side: BUY, price: 10, qty: 1, priority: 1]] 
/Users/pranavthatte/Desktop/Core/Princeton Senior/Winter 2023 Studying/Exchange/utils/multicast_socket.cpp:32 sendAndRecv() Thu Jan 23 01:20:32 2025 send socket:8 len:84
/Users/pranavthatte/Desktop/Core/Princeton Senior/Winter 2023 Studying/Exchange/exchange/market_publisher/snapshot_synthesizer.h:155 publishSnapshot() Thu Jan 23 01:20:32 2025 MDPMarketUpdate [ seq: 6 MEMarketUpdate [type: ADD, order_id: 2, ticker: 1, side: BUY, price: 10, qty: 1, priority: 2]] 
/Users/pranavthatte/Desktop/Core/Princeton Senior/Winter 2023 Studying/Exchange/utils/multicast_socket.cpp:32 sendAndRecv() Thu Jan 23 01:20:32 2025 send socket:8 len:42
/Users/pranavthatte/Desktop/Core/Princeton Senior/Winter 2023 Studying/Exchange/exchange/market_publisher/snapshot_synthesizer.h:155 publishSnapshot() Thu Jan 23 01:20:32 2025 MDPMarketUpdate [ seq: 7 MEMarketUpdate [type: ADD, order_id: 3, ticker: 1, side: BUY, price: 10, qty: 1, priority: 3]] 
/Users/pranavthatte/Desktop/Core/Princeton Senior/Winter 2023 Studying/Exchange/utils/multicast_socket.cpp:32 sendAndRecv() Thu Jan 23 01:20:32 2025 send socket:8 len:42
/Users/pranavthatte/Desktop/Core/Princeton Senior/Winter 2023 Studying/Exchange/exchange/market_publisher/snapshot_synthesizer.h:155 publishSnapshot() Thu Jan 23 01:20:32 2025 MDPMarketUpdate [ seq: 8 MEMarketUpdate [type: ADD, order_id: 4, ticker: 1, side: BUY, price: 10, qty: 1, priority: 4]] 
/Users/pranavthatte/Desktop/Core/Princeton Senior/Winter 2023 Studying/Exchange/utils/multicast_socket.cpp:32 sendAndRecv() Thu Jan 23 01:20:32 2025 send socket:8 len:42
/Users/pranavthatte/Desktop/Core/Princeton Senior/Winter 2023 Studying/Exchange/exchange/market_publisher/snapshot_synthesizer.h:155 publishSnapshot() Thu Jan 23 01:20:32 2025 MDPMarketUpdate [ seq: 9 MEMarketUpdate [type: ADD, order_id: 5, ticker: 1, side: BUY, price: 10, qty: 1, priority: 5]] 
/Users/pranavthatte/Desktop/Core/Princeton Senior/Winter 2023 Studying/Exchange/utils/multicast_socket.cpp:32 sendAndRecv() Thu Jan 23 01:20:32 2025 send socket:8 len:42
/Users/pranavthatte/Desktop/Core/Princeton Senior/Winter 2023 Studying/Exchange/exchange/market_publisher/snapshot_synthesizer.h:155 publishSnapshot() Thu Jan 23 01:20:32 2025 MDPMarketUpdate [ seq: 10 MEMarketUpdate [type: ADD, order_id: 6, ticker: 1, side: BUY, price: 10, qty: 1, priority: 6]] 
/Users/pranavthatte/Desktop/Core/Princeton Senior/Winter 2023 Studying/Exchange/utils/multicast_socket.cpp:32 sendAndRecv() Thu Jan 23 01:20:32 2025 send socket:8 len:42
/Users/pranavthatte/Desktop/Core/Princeton Senior/Winter 2023 Studying/Exchange/exchange/market_publisher/snapshot_synthesizer.h:145 publishSnapshot() Thu Jan 23 01:20:32 2025 CLEAR SENTINEL MDPMarketUpdate [ seq: 11 MEMarketUpdate [type: CLEAR, order_id: INVALID, ticker: 2, side: INVALID, price: INVALID, qty: INVALID, priority: INVALID]] 
/Users/pranavthatte/Desktop/Core/Princeton Senior/Winter 2023 Studying/Exchange/exchange/market_publisher/snapshot_synthesizer.h:145 publishSnapshot() Thu Jan 23 01:20:32 2025 CLEAR SENTINEL MDPMarketUpdate [ seq: 12 MEMarketUpdate [type: CLEAR, order_id: INVALID, ticker: 3, side: INVALID, price: INVALID, qty: INVALID, priority: INVALID]] 
/Users/pranavthatte/Desktop/Core/Princeton Senior/Winter 2023 Studying/Exchange/exchange/market_publisher/snapshot_synthesizer.h:145 publishSnapshot() Thu Jan 23 01:20:32 2025 CLEAR SENTINEL MDPMarketUpdate [ seq: 13 MEMarketUpdate [type: CLEAR, order_id: INVALID, ticker: 4, side: INVALID, price: INVALID, qty: INVALID, priority: INVALID]] 
/Users/pranavthatte/Desktop/Core/Princeton Senior/Winter 2023 Studying/Exchange/exchange/market_publisher/snapshot_synthesizer.h:145 publishSnapshot() Thu Jan 23 01:20:32 2025 CLEAR SENTINEL MDPMarketUpdate [ seq: 14 MEMarketUpdate [type: CLEAR, order_id: INVALID, ticker: 5, side: INVALID, price: INVALID, qty: INVALID, priority: INVALID]] 
/Users/pranavthatte/Desktop/Core/Princeton Senior/Winter 2023 Studying/Exchange/exchange/market_publisher/snapshot_synthesizer.h:145 publishSnapshot() Thu Jan 23 01:20:32 2025 CLEAR SENTINEL MDPMarketUpdate [ seq: 15 MEMarketUpdate [type: CLEAR, order_id: INVALID, ticker: 6, side: INVALID, price: INVALID, qty: INVALID, priority: INVALID]] 
/Users/pranavthatte/Desktop/Core/Princeton Senior/Winter 2023 Studying/Exchange/exchange/market_publisher/snapshot_synthesizer.h:145 publishSnapshot() Thu Jan 23 01:20:32 2025 CLEAR SENTINEL MDPMarketUpdate [ seq: 16 MEMarketUpdate [type: CLEAR, order_id: INVALID, ticker: 7, side: INVALID, price: INVALID, qty: INVALID, priority: INVALID]] 
/Users/pranavthatte/Desktop/Core/Princeton Senior/Winter 2023 Studying/Exchange/exchange/market_publisher/snapshot_synthesizer.h:170 publishSnapshot() Thu Jan 23 01:20:32 2025 END SENTINEL MDPMarketUpdate [ seq: 17 MEMarketUpdate [type: SNAPSHOT_END, order_id: 11, ticker: INVALID, side: INVALID, price: INVALID, qty: INVALID, priority: INVALID]] 
/Users/pranavthatte/Desktop/Core/Princeton Senior/Winter 2023 Studying/Exchange/utils/multicast_socket.cpp:32 sendAndRecv() Thu Jan 23 01:20:32 2025 send socket:8 len:294
/Users/pranavthatte/Desktop/Core/Princeton Senior/Winter 2023 Studying/Exchange/exchange/market_publisher/snapshot_synthesizer.h:177 publishSnapshot() Thu Jan 23 01:20:32 2025 Published snapshot of 17 orders. 
/Users/pranavthatte/Desktop/Core/Princeton Senior/Winter 2023 Studying/Exchange/exchange/market_publisher/snapshot_synthesizer.h:128 publishSnapshot() Thu Jan 23 01:21:32 2025 START SENTINEL MDPMarketUpdate [ seq: 0 MEMarketUpdate [type: SNAPSHOT_START, order_id: 11, ticker: INVALID, side: INVALID, price: INVALID, qty: INVALID, priority: INVALID]] 
/Users/pranavthatte/Desktop/Core/Princeton Senior/Winter 2023 Studying/Exchange/exchange/market_publisher/snapshot_synthesizer.h:145 publishSnapshot() Thu Jan 23 01:21:32 2025 CLEAR SENTINEL MDPMarketUpdate [ seq: 1 MEMarketUpdate [type: CLEAR, order_id: INVALID, ticker: 0, side: INVALID, price: INVALID, qty: INVALID, priority: INVALID]] 
/Users/pranavthatte/Desktop/Core/Princeton Senior/Winter 2023 Studying/Exchange/exchange/market_publisher/snapshot_synthesizer.h:155 publishSnapshot() Thu Jan 23 01:21:32 2025 MDPMarketUpdate [ seq: 2 MEMarketUpdate [type: ADD, order_id: 3, ticker: 0, side: BUY, price: 10, qty: 100, priority: 1]] 
/Users/pranavthatte/Desktop/Core/Princeton Senior/Winter 2023 Studying/Exchange/utils/multicast_socket.cpp:32 sendAndRecv() Thu Jan 23 01:21:32 2025 send socket:8 len:126
/Users/pranavthatte/Desktop/Core/Princeton Senior/Winter 2023 Studying/Exchange/exchange/market_publisher/snapshot_synthesizer.h:155 publishSnapshot() Thu Jan 23 01:21:32 2025 MDPMarketUpdate [ seq: 3 MEMarketUpdate [type: ADD, order_id: 4, ticker: 0, side: SELL, price: 40, qty: 100, priority: 1]] 
/Users/pranavthatte/Desktop/Core/Princeton Senior/Winter 2023 Studying/Exchange/utils/multicast_socket.cpp:32 sendAndRecv() Thu Jan 23 01:21:32 2025 send socket:8 len:42
/Users/pranavthatte/Desktop/Core/Princeton Senior/Winter 2023 Studying/Exchange/exchange/market_publisher/snapshot_synthesizer.h:145 publishSnapshot() Thu Jan 23 01:21:32 2025 CLEAR SENTINEL MDPMarketUpdate [ seq: 4 MEMarketUpdate [type: CLEAR, order_id: INVALID, ticker: 1, side: INVALID, price: INVALID, qty: INVALID, priority: INVALID]] 
/Users/pranavthatte/Desktop/Core/Princeton Senior/Winter 2023 Studying/Exchange/exchange/market_publisher/snapshot_synthesizer.h:155 publishSnapshot() Thu Jan 23 01:21:32 2025 MDPMarketUpdate [ seq: 5 MEMarketUpdate [type: ADD, order_id: 1, ticker: 1, side: BUY, price: 10, qty: 1, priority: 1]] 
/Users/pranavthatte/Desktop/Core/Princeton Senior/Winter 2023 Studying/Exchange/utils/multicast_socket.cpp:32 sendAndRecv() Thu Jan 23 01:21:32 2025 send socket:8 len:84
/Users/pranavthatte/Desktop/Core/Princeton Senior/Winter 2023 Studying/Exchange/exchange/market_publisher/snapshot_synthesizer.h:155 publishSnapshot() Thu Jan 23 01:21:32 2025 MDPMarketUpdate [ seq: 6 MEMarketUpdate [type: ADD, order_id: 2, ticker: 1, side: BUY, price: 10, qty: 1, priority: 2]] 
/Users/pranavthatte/Desktop/Core/Princeton Senior/Winter 2023 Studying/Exchange/utils/multicast_socket.cpp:32 sendAndRecv() Thu Jan 23 01:21:32 2025 send socket:8 len:42
/Users/pranavthatte/Desktop/Core/Princeton Senior/Winter 2023 Studying/Exchange/exchange/market_publisher/snapshot_synthesizer.h:155 publishSnapshot() Thu Jan 23 01:21:32 2025 MDPMarketUpdate [ seq: 7 MEMarketUpdate [type: ADD, order_id: 3, ticker: 1, side: BUY, price: 10, qty: 1, priority: 3]] 
/Users/pranavthatte/Desktop/Core/Princeton Senior/Winter 2023 Studying/Exchange/utils/multicast_socket.cpp:32 sendAndRecv() Thu Jan 23 01:21:32 2025 send socket:8 len:42
/Users/pranavthatte/Desktop/Core/Princeton Senior/Winter 2023 Studying/Exchange/exchange/market_publisher/snapshot_synthesizer.h:155 publishSnapshot() Thu Jan 23 01:21:32 2025 MDPMarketUpdate [ seq: 8 MEMarketUpdate [type: ADD, order_id: 4, ticker: 1, side: BUY, price: 10, qty: 1, priority: 4]] 
/Users/pranavthatte/Desktop/Core/Princeton Senior/Winter 2023 Studying/Exchange/utils/multicast_socket.cpp:32 sendAndRecv() Thu Jan 23 01:21:32 2025 send socket:8 len:42
/Users/pranavthatte/Desktop/Core/Princeton Senior/Winter 2023 Studying/Exchange/exchange/market_publisher/snapshot_synthesizer.h:155 publishSnapshot() Thu Jan 23 01:21:32 2025 MDPMarketUpdate [ seq: 9 MEMarketUpdate [type: ADD, order_id: 5, ticker: 1, side: BUY, price: 10, qty: 1, priority: 5]] 
/Users/pranavthatte/Desktop/Core/Princeton Senior/Winter 2023 Studying/Exchange/utils/multicast_socket.cpp:32 sendAndRecv() Thu Jan 23 01:21:32 2025 send socket:8 len:42
/Users/pranavthatte/Desktop/Core/Princeton Senior/Winter 2023 Studying/Exchange/exchange/market_publisher/snapshot_synthesizer.h:155 publishSnapshot() Thu Jan 23 01:21:32 2025 MDPMarketUpdate [ seq: 10 MEMarketUpdate [type: ADD, order_id: 6, ticker: 1, side: BUY, price: 10, qty: 1, priority: 6]] 
/Users/pranavthatte/Desktop/Core/Princeton Senior/Winter 2023 Studying/Exchange/utils/multicast_socket.cpp:32 sendAndRecv() Thu Jan 23 01:21:32 2025 send socket:8 len:42
/Users/pranavthatte/Desktop/Core/Princeton Senior/Winter 2023 Studying/Exchange/exchange/market_publisher/snapshot_synthesizer.h:145 publishSnapshot() Thu Jan 23 01:21:32 2025 CLEAR SENTINEL MDPMarketUpdate [ seq: 11 MEMarketUpdate [type: CLEAR, order_id: INVALID, ticker: 2, side: INVALID, price: INVALID, qty: INVALID, priority: INVALID]] 
/Users/pranavthatte/Desktop/Core/Princeton Senior/Winter 2023 Studying/Exchange/exchange/market_publisher/snapshot_synthesizer.h:145 publishSnapshot() Thu Jan 23 01:21:32 2025 CLEAR SENTINEL MDPMarketUpdate [ seq: 12 MEMarketUpdate [type: CLEAR, order_id: INVALID, ticker: 3, side: INVALID, price: INVALID, qty: INVALID, priority: INVALID]] 
/Users/pranavthatte/Desktop/Core/Princeton Senior/Winter 2023 Studying/Exchange/exchange/market_publisher/snapshot_synthesizer.h:145 publishSnapshot() Thu Jan 23 01:21:32 2025 CLEAR SENTINEL MDPMarketUpdate [ seq: 13 MEMarketUpdate [type: CLEAR, order_id: INVALID, ticker: 4, side: INVALID, price: INVALID, qty: INVALID, priority: INVALID]] 
/Users/pranavthatte/Desktop/Core/Princeton Senior/Winter 2023 Studying/Exchange/exchange/market_publisher/snapshot_synthesizer.h:145 publishSnapshot() Thu Jan 23 01:21:32 2025 CLEAR SENTINEL MDPMarketUpdate [ seq: 14 MEMarketUpdate [type: CLEAR, order_id: INVALID, ticker: 5, side: INVALID, price: INVALID, qty: INVALID, priority: INVALID]] 
/Users/pranavthatte/Desktop/Core/Princeton Senior/Winter 2023 Studying/Exchange/exchange/market_publisher/snapshot_synthesizer.h:145 publishSnapshot() Thu Jan 23 01:21:32 2025 CLEAR SENTINEL MDPMarketUpdate [ seq: 15 MEMarketUpdate [type: CLEAR, order_id: INVALID, ticker: 6, side: INVALID, price: INVALID, qty: INVALID, priority: INVALID]] 
/Users/pranavthatte/Desktop/Core/Princeton Senior/Winter 2023 Studying/Exchange/exchange/market_publisher/snapshot_synthesizer.h:145 publishSnapshot() Thu Jan 23 01:21:32 2025 CLEAR SENTINEL MDPMarketUpdate [ seq: 16 MEMarketUpdate [type: CLEAR, order_id: INVALID, ticker: 7, side: INVALID, price: INVALID, qty: INVALID, priority: INVALID]] 
/Users/pranavthatte/Desktop/Core/Princeton Senior/Winter 2023 Studying/Exchange/exchange/market_publisher/snapshot_synthesizer.h:170 publishSnapshot() Thu Jan 23 01:21:32 2025 END SENTINEL MDPMarketUpdate [ seq: 17 MEMarketUpdate [type: SNAPSHOT_END, order_id: 11, ticker: INVALID, side: INVALID, price: INVALID, qty: INVALID, priority: INVALID]] 
/Users/pranavthatte/Desktop/Core/Princeton Senior/Winter 2023 Studying/Exchange/utils/multicast_socket.cpp:32 sendAndRecv() Thu Jan 23 01:21:32 2025 send socket:8 len:294
/Users/pranavthatte/Desktop/Core/Princeton Senior/Winter 2023 Studying/Exchange/exchange/market_publisher/snapshot_synthesizer.h:177 publishSnapshot() Thu Jan 23 01:21:32 2025 Published snapshot of 17 orders. 
