/Users/pranavthatte/Desktop/Core/Princeton Senior/Winter 2023 Studying/Exchange/utils/socket_utils.h:125 createSocket() Tue Jan 21 01:05:36 2025 ip: interface:lo port:12345 is_udp:0 is_blocking:0 is_listening:1 ttl:0 SOtime:1 
/Users/pranavthatte/Desktop/Core/Princeton Senior/Winter 2023 Studying/Exchange/exchange/order_gateway/order_server.h:157 run() Tue Jan 21 01:05:36 2025 Order server running... 
/Users/pranavthatte/Desktop/Core/Princeton Senior/Winter 2023 Studying/Exchange/utils/tcp_server.cpp:43 poll() Tue Jan 21 01:05:42 2025 EVFILT_READ listener_socket:11 
/Users/pranavthatte/Desktop/Core/Princeton Senior/Winter 2023 Studying/Exchange/utils/tcp_server.cpp:89 poll() Tue Jan 21 01:05:42 2025 new connection! 
/Users/pranavthatte/Desktop/Core/Princeton Senior/Winter 2023 Studying/Exchange/utils/tcp_server.cpp:103 poll() Tue Jan 21 01:05:42 2025 accepted socket:12 
/Users/pranavthatte/Desktop/Core/Princeton Senior/Winter 2023 Studying/Exchange/utils/tcp_server.cpp:89 poll() Tue Jan 21 01:05:42 2025 new connection! 
/Users/pranavthatte/Desktop/Core/Princeton Senior/Winter 2023 Studying/Exchange/utils/tcp_server.cpp:51 poll() Tue Jan 21 01:05:55 2025 EVFILT_READ listener_socket:12 
/Users/pranavthatte/Desktop/Core/Princeton Senior/Winter 2023 Studying/Exchange/utils/tcp_socket.cpp: 55 sendAndReceive() Tue Jan 21 01:05:55 2025 read socket: 12 len:38 utime:1737443155595814000 ktime:0 diff:1737443155595814000 
/Users/pranavthatte/Desktop/Core/Princeton Senior/Winter 2023 Studying/Exchange/exchange/order_gateway/order_server.h:47 recvCallback() Tue Jan 21 01:05:55 2025 Received socket:12 len38 rx:0 
/Users/pranavthatte/Desktop/Core/Princeton Senior/Winter 2023 Studying/Exchange/exchange/order_gateway/order_server.h:60 recvCallback() Tue Jan 21 01:05:55 2025 Gateway received OMClientRequest:OMClientRequest [seq: 1 MEClientRequest [type: NEW, client: 3, ticker: 3, order_id: 3000, side: SELL, qty: 75, price: 131]] 
/Users/pranavthatte/Desktop/Core/Princeton Senior/Winter 2023 Studying/Exchange/exchange/matching_engine/../order_gateway/fifo_sequencer.h:59 sequenceAndPublish() Tue Jan 21 01:05:55 2025 Processing 1 requests 
/Users/pranavthatte/Desktop/Core/Princeton Senior/Winter 2023 Studying/Exchange/exchange/matching_engine/../order_gateway/fifo_sequencer.h:70 sequenceAndPublish() Tue Jan 21 01:05:55 2025 FIFO sending to M. E. RX:0 Req:MEClientRequest [type: NEW, client: 3, ticker: 3, order_id: 3000, side: SELL, qty: 75, price: 131] 
/Users/pranavthatte/Desktop/Core/Princeton Senior/Winter 2023 Studying/Exchange/utils/tcp_server.cpp:51 poll() Tue Jan 21 01:05:55 2025 EVFILT_READ listener_socket:12 
/Users/pranavthatte/Desktop/Core/Princeton Senior/Winter 2023 Studying/Exchange/utils/tcp_socket.cpp: 55 sendAndReceive() Tue Jan 21 01:05:55 2025 read socket: 12 len:76 utime:1737443155644016000 ktime:0 diff:1737443155644016000 
/Users/pranavthatte/Desktop/Core/Princeton Senior/Winter 2023 Studying/Exchange/exchange/order_gateway/order_server.h:47 recvCallback() Tue Jan 21 01:05:55 2025 Received socket:12 len76 rx:0 
/Users/pranavthatte/Desktop/Core/Princeton Senior/Winter 2023 Studying/Exchange/exchange/order_gateway/order_server.h:60 recvCallback() Tue Jan 21 01:05:55 2025 Gateway received OMClientRequest:OMClientRequest [seq: 2 MEClientRequest [type: CANCEL, client: 3, ticker: 3, order_id: 3000, side: SELL, qty: 75, price: 131]] 
/Users/pranavthatte/Desktop/Core/Princeton Senior/Winter 2023 Studying/Exchange/exchange/order_gateway/order_server.h:60 recvCallback() Tue Jan 21 01:05:55 2025 Gateway received OMClientRequest:OMClientRequest [seq: 3 MEClientRequest [type: NEW, client: 3, ticker: 6, order_id: 3001, side: BUY, qty: 64, price: 134]] 
/Users/pranavthatte/Desktop/Core/Princeton Senior/Winter 2023 Studying/Exchange/exchange/matching_engine/../order_gateway/fifo_sequencer.h:59 sequenceAndPublish() Tue Jan 21 01:05:55 2025 Processing 2 requests 
/Users/pranavthatte/Desktop/Core/Princeton Senior/Winter 2023 Studying/Exchange/exchange/matching_engine/../order_gateway/fifo_sequencer.h:70 sequenceAndPublish() Tue Jan 21 01:05:55 2025 FIFO sending to M. E. RX:0 Req:MEClientRequest [type: CANCEL, client: 3, ticker: 3, order_id: 3000, side: SELL, qty: 75, price: 131] 
/Users/pranavthatte/Desktop/Core/Princeton Senior/Winter 2023 Studying/Exchange/exchange/matching_engine/../order_gateway/fifo_sequencer.h:70 sequenceAndPublish() Tue Jan 21 01:05:55 2025 FIFO sending to M. E. RX:0 Req:MEClientRequest [type: NEW, client: 3, ticker: 6, order_id: 3001, side: BUY, qty: 64, price: 134] 
/Users/pranavthatte/Desktop/Core/Princeton Senior/Winter 2023 Studying/Exchange/exchange/order_gateway/order_server.h:171 run() Tue Jan 21 01:05:55 2025 Processing cid:3 seq:1 MEClientResponse [type: ACCEPTED, client: 3, ticker: 3, client order id: 3000, market order id: 1, side: SELL, exec_qty: 75, leaves_qty: INVALID, price: 131] 
/Users/pranavthatte/Desktop/Core/Princeton Senior/Winter 2023 Studying/Exchange/exchange/order_gateway/order_server.h:171 run() Tue Jan 21 01:05:55 2025 Processing cid:3 seq:2 MEClientResponse [type: CANCELED, client: 3, ticker: 3, client order id: 3000, market order id: 1, side: SELL, exec_qty: 75, leaves_qty: INVALID, price: 131] 
/Users/pranavthatte/Desktop/Core/Princeton Senior/Winter 2023 Studying/Exchange/utils/tcp_server.cpp:51 poll() Tue Jan 21 01:05:55 2025 EVFILT_READ listener_socket:12 
/Users/pranavthatte/Desktop/Core/Princeton Senior/Winter 2023 Studying/Exchange/utils/tcp_socket.cpp: 55 sendAndReceive() Tue Jan 21 01:05:55 2025 read socket: 12 len:114 utime:1737443155724357000 ktime:0 diff:1737443155724357000 
/Users/pranavthatte/Desktop/Core/Princeton Senior/Winter 2023 Studying/Exchange/exchange/order_gateway/order_server.h:47 recvCallback() Tue Jan 21 01:05:55 2025 Received socket:12 len114 rx:0 
/Users/pranavthatte/Desktop/Core/Princeton Senior/Winter 2023 Studying/Exchange/exchange/order_gateway/order_server.h:60 recvCallback() Tue Jan 21 01:05:55 2025 Gateway received OMClientRequest:OMClientRequest [seq: 4 MEClientRequest [type: CANCEL, client: 3, ticker: 6, order_id: 3001, side: BUY, qty: 64, price: 134]] 
/Users/pranavthatte/Desktop/Core/Princeton Senior/Winter 2023 Studying/Exchange/exchange/order_gateway/order_server.h:60 recvCallback() Tue Jan 21 01:05:55 2025 Gateway received OMClientRequest:OMClientRequest [seq: 5 MEClientRequest [type: NEW, client: 3, ticker: 1, order_id: 3002, side: BUY, qty: 64, price: 154]] 
/Users/pranavthatte/Desktop/Core/Princeton Senior/Winter 2023 Studying/Exchange/exchange/order_gateway/order_server.h:60 recvCallback() Tue Jan 21 01:05:55 2025 Gateway received OMClientRequest:OMClientRequest [seq: 6 MEClientRequest [type: CANCEL, client: 3, ticker: 1, order_id: 3002, side: BUY, qty: 64, price: 154]] 
/Users/pranavthatte/Desktop/Core/Princeton Senior/Winter 2023 Studying/Exchange/utils/tcp_socket.cpp:78 sendAndReceive() Tue Jan 21 01:05:55 2025 send socket:12 len:108 
/Users/pranavthatte/Desktop/Core/Princeton Senior/Winter 2023 Studying/Exchange/exchange/matching_engine/../order_gateway/fifo_sequencer.h:59 sequenceAndPublish() Tue Jan 21 01:05:55 2025 Processing 3 requests 
/Users/pranavthatte/Desktop/Core/Princeton Senior/Winter 2023 Studying/Exchange/exchange/matching_engine/../order_gateway/fifo_sequencer.h:70 sequenceAndPublish() Tue Jan 21 01:05:55 2025 FIFO sending to M. E. RX:0 Req:MEClientRequest [type: CANCEL, client: 3, ticker: 6, order_id: 3001, side: BUY, qty: 64, price: 134] 
/Users/pranavthatte/Desktop/Core/Princeton Senior/Winter 2023 Studying/Exchange/exchange/matching_engine/../order_gateway/fifo_sequencer.h:70 sequenceAndPublish() Tue Jan 21 01:05:55 2025 FIFO sending to M. E. RX:0 Req:MEClientRequest [type: NEW, client: 3, ticker: 1, order_id: 3002, side: BUY, qty: 64, price: 154] 
/Users/pranavthatte/Desktop/Core/Princeton Senior/Winter 2023 Studying/Exchange/exchange/matching_engine/../order_gateway/fifo_sequencer.h:70 sequenceAndPublish() Tue Jan 21 01:05:55 2025 FIFO sending to M. E. RX:0 Req:MEClientRequest [type: CANCEL, client: 3, ticker: 1, order_id: 3002, side: BUY, qty: 64, price: 154] 
/Users/pranavthatte/Desktop/Core/Princeton Senior/Winter 2023 Studying/Exchange/exchange/order_gateway/order_server.h:171 run() Tue Jan 21 01:05:55 2025 Processing cid:3 seq:3 MEClientResponse [type: ACCEPTED, client: 3, ticker: 6, client order id: 3001, market order id: 1, side: BUY, exec_qty: 64, leaves_qty: INVALID, price: 134] 
/Users/pranavthatte/Desktop/Core/Princeton Senior/Winter 2023 Studying/Exchange/utils/tcp_server.cpp:51 poll() Tue Jan 21 01:05:55 2025 EVFILT_READ listener_socket:12 
/Users/pranavthatte/Desktop/Core/Princeton Senior/Winter 2023 Studying/Exchange/utils/tcp_socket.cpp: 55 sendAndReceive() Tue Jan 21 01:05:55 2025 read socket: 12 len:114 utime:1737443155800802000 ktime:0 diff:1737443155800802000 
/Users/pranavthatte/Desktop/Core/Princeton Senior/Winter 2023 Studying/Exchange/exchange/order_gateway/order_server.h:47 recvCallback() Tue Jan 21 01:05:55 2025 Received socket:12 len114 rx:0 
/Users/pranavthatte/Desktop/Core/Princeton Senior/Winter 2023 Studying/Exchange/exchange/order_gateway/order_server.h:60 recvCallback() Tue Jan 21 01:05:55 2025 Gateway received OMClientRequest:OMClientRequest [seq: 7 MEClientRequest [type: NEW, client: 3, ticker: 1, order_id: 3003, side: BUY, qty: 54, price: 154]] 
/Users/pranavthatte/Desktop/Core/Princeton Senior/Winter 2023 Studying/Exchange/exchange/order_gateway/order_server.h:60 recvCallback() Tue Jan 21 01:05:55 2025 Gateway received OMClientRequest:OMClientRequest [seq: 8 MEClientRequest [type: CANCEL, client: 3, ticker: 1, order_id: 3003, side: BUY, qty: 54, price: 154]] 
/Users/pranavthatte/Desktop/Core/Princeton Senior/Winter 2023 Studying/Exchange/exchange/order_gateway/order_server.h:60 recvCallback() Tue Jan 21 01:05:55 2025 Gateway received OMClientRequest:OMClientRequest [seq: 9 MEClientRequest [type: NEW, client: 3, ticker: 1, order_id: 3004, side: SELL, qty: 99, price: 149]] 
/Users/pranavthatte/Desktop/Core/Princeton Senior/Winter 2023 Studying/Exchange/utils/tcp_socket.cpp:78 sendAndReceive() Tue Jan 21 01:05:55 2025 send socket:12 len:54 
/Users/pranavthatte/Desktop/Core/Princeton Senior/Winter 2023 Studying/Exchange/exchange/matching_engine/../order_gateway/fifo_sequencer.h:59 sequenceAndPublish() Tue Jan 21 01:05:55 2025 Processing 3 requests 
/Users/pranavthatte/Desktop/Core/Princeton Senior/Winter 2023 Studying/Exchange/exchange/matching_engine/../order_gateway/fifo_sequencer.h:70 sequenceAndPublish() Tue Jan 21 01:05:55 2025 FIFO sending to M. E. RX:0 Req:MEClientRequest [type: NEW, client: 3, ticker: 1, order_id: 3003, side: BUY, qty: 54, price: 154] 
/Users/pranavthatte/Desktop/Core/Princeton Senior/Winter 2023 Studying/Exchange/exchange/matching_engine/../order_gateway/fifo_sequencer.h:70 sequenceAndPublish() Tue Jan 21 01:05:55 2025 FIFO sending to M. E. RX:0 Req:MEClientRequest [type: CANCEL, client: 3, ticker: 1, order_id: 3003, side: BUY, qty: 54, price: 154] 
/Users/pranavthatte/Desktop/Core/Princeton Senior/Winter 2023 Studying/Exchange/exchange/matching_engine/../order_gateway/fifo_sequencer.h:70 sequenceAndPublish() Tue Jan 21 01:05:55 2025 FIFO sending to M. E. RX:0 Req:MEClientRequest [type: NEW, client: 3, ticker: 1, order_id: 3004, side: SELL, qty: 99, price: 149] 
/Users/pranavthatte/Desktop/Core/Princeton Senior/Winter 2023 Studying/Exchange/exchange/order_gateway/order_server.h:171 run() Tue Jan 21 01:05:55 2025 Processing cid:3 seq:4 MEClientResponse [type: CANCELED, client: 3, ticker: 6, client order id: 3001, market order id: 1, side: BUY, exec_qty: 64, leaves_qty: INVALID, price: 134] 
/Users/pranavthatte/Desktop/Core/Princeton Senior/Winter 2023 Studying/Exchange/exchange/order_gateway/order_server.h:171 run() Tue Jan 21 01:05:55 2025 Processing cid:3 seq:5 MEClientResponse [type: ACCEPTED, client: 3, ticker: 1, client order id: 3002, market order id: 1, side: BUY, exec_qty: 64, leaves_qty: INVALID, price: 154] 
/Users/pranavthatte/Desktop/Core/Princeton Senior/Winter 2023 Studying/Exchange/exchange/order_gateway/order_server.h:171 run() Tue Jan 21 01:05:55 2025 Processing cid:3 seq:6 MEClientResponse [type: CANCELED, client: 3, ticker: 1, client order id: 3002, market order id: 1, side: BUY, exec_qty: 64, leaves_qty: INVALID, price: 154] 
/Users/pranavthatte/Desktop/Core/Princeton Senior/Winter 2023 Studying/Exchange/exchange/order_gateway/order_server.h:171 run() Tue Jan 21 01:05:55 2025 Processing cid:3 seq:7 MEClientResponse [type: ACCEPTED, client: 3, ticker: 1, client order id: 3003, market order id: 2, side: BUY, exec_qty: 54, leaves_qty: INVALID, price: 154] 
/Users/pranavthatte/Desktop/Core/Princeton Senior/Winter 2023 Studying/Exchange/exchange/order_gateway/order_server.h:171 run() Tue Jan 21 01:05:55 2025 Processing cid:3 seq:8 MEClientResponse [type: CANCELED, client: 3, ticker: 1, client order id: 3003, market order id: 2, side: BUY, exec_qty: 54, leaves_qty: INVALID, price: 154] 
/Users/pranavthatte/Desktop/Core/Princeton Senior/Winter 2023 Studying/Exchange/utils/tcp_server.cpp:51 poll() Tue Jan 21 01:05:55 2025 EVFILT_READ listener_socket:12 
/Users/pranavthatte/Desktop/Core/Princeton Senior/Winter 2023 Studying/Exchange/utils/tcp_socket.cpp: 55 sendAndReceive() Tue Jan 21 01:05:55 2025 read socket: 12 len:228 utime:1737443155922210000 ktime:0 diff:1737443155922210000 
/Users/pranavthatte/Desktop/Core/Princeton Senior/Winter 2023 Studying/Exchange/exchange/order_gateway/order_server.h:47 recvCallback() Tue Jan 21 01:05:55 2025 Received socket:12 len228 rx:0 
/Users/pranavthatte/Desktop/Core/Princeton Senior/Winter 2023 Studying/Exchange/exchange/order_gateway/order_server.h:60 recvCallback() Tue Jan 21 01:05:55 2025 Gateway received OMClientRequest:OMClientRequest [seq: 10 MEClientRequest [type: CANCEL, client: 3, ticker: 6, order_id: 3001, side: BUY, qty: 64, price: 134]] 
/Users/pranavthatte/Desktop/Core/Princeton Senior/Winter 2023 Studying/Exchange/exchange/order_gateway/order_server.h:60 recvCallback() Tue Jan 21 01:05:55 2025 Gateway received OMClientRequest:OMClientRequest [seq: 11 MEClientRequest [type: NEW, client: 3, ticker: 1, order_id: 3005, side: SELL, qty: 101, price: 154]] 
/Users/pranavthatte/Desktop/Core/Princeton Senior/Winter 2023 Studying/Exchange/exchange/order_gateway/order_server.h:60 recvCallback() Tue Jan 21 01:05:55 2025 Gateway received OMClientRequest:OMClientRequest [seq: 12 MEClientRequest [type: CANCEL, client: 3, ticker: 6, order_id: 3001, side: BUY, qty: 64, price: 134]] 
/Users/pranavthatte/Desktop/Core/Princeton Senior/Winter 2023 Studying/Exchange/exchange/order_gateway/order_server.h:60 recvCallback() Tue Jan 21 01:05:55 2025 Gateway received OMClientRequest:OMClientRequest [seq: 13 MEClientRequest [type: NEW, client: 3, ticker: 3, order_id: 3006, side: SELL, qty: 3, price: 134]] 
/Users/pranavthatte/Desktop/Core/Princeton Senior/Winter 2023 Studying/Exchange/exchange/order_gateway/order_server.h:60 recvCallback() Tue Jan 21 01:05:55 2025 Gateway received OMClientRequest:OMClientRequest [seq: 14 MEClientRequest [type: CANCEL, client: 3, ticker: 1, order_id: 3005, side: SELL, qty: 101, price: 154]] 
/Users/pranavthatte/Desktop/Core/Princeton Senior/Winter 2023 Studying/Exchange/exchange/order_gateway/order_server.h:60 recvCallback() Tue Jan 21 01:05:55 2025 Gateway received OMClientRequest:OMClientRequest [seq: 15 MEClientRequest [type: NEW, client: 3, ticker: 2, order_id: 3007, side: BUY, qty: 37, price: 134]] 
/Users/pranavthatte/Desktop/Core/Princeton Senior/Winter 2023 Studying/Exchange/utils/tcp_socket.cpp:78 sendAndReceive() Tue Jan 21 01:05:55 2025 send socket:12 len:270 
/Users/pranavthatte/Desktop/Core/Princeton Senior/Winter 2023 Studying/Exchange/exchange/matching_engine/../order_gateway/fifo_sequencer.h:59 sequenceAndPublish() Tue Jan 21 01:05:55 2025 Processing 6 requests 
/Users/pranavthatte/Desktop/Core/Princeton Senior/Winter 2023 Studying/Exchange/exchange/matching_engine/../order_gateway/fifo_sequencer.h:70 sequenceAndPublish() Tue Jan 21 01:05:55 2025 FIFO sending to M. E. RX:0 Req:MEClientRequest [type: CANCEL, client: 3, ticker: 6, order_id: 3001, side: BUY, qty: 64, price: 134] 
/Users/pranavthatte/Desktop/Core/Princeton Senior/Winter 2023 Studying/Exchange/exchange/matching_engine/../order_gateway/fifo_sequencer.h:70 sequenceAndPublish() Tue Jan 21 01:05:55 2025 FIFO sending to M. E. RX:0 Req:MEClientRequest [type: NEW, client: 3, ticker: 1, order_id: 3005, side: SELL, qty: 101, price: 154] 
/Users/pranavthatte/Desktop/Core/Princeton Senior/Winter 2023 Studying/Exchange/exchange/matching_engine/../order_gateway/fifo_sequencer.h:70 sequenceAndPublish() Tue Jan 21 01:05:55 2025 FIFO sending to M. E. RX:0 Req:MEClientRequest [type: CANCEL, client: 3, ticker: 6, order_id: 3001, side: BUY, qty: 64, price: 134] 
/Users/pranavthatte/Desktop/Core/Princeton Senior/Winter 2023 Studying/Exchange/exchange/matching_engine/../order_gateway/fifo_sequencer.h:70 sequenceAndPublish() Tue Jan 21 01:05:55 2025 FIFO sending to M. E. RX:0 Req:MEClientRequest [type: NEW, client: 3, ticker: 3, order_id: 3006, side: SELL, qty: 3, price: 134] 
/Users/pranavthatte/Desktop/Core/Princeton Senior/Winter 2023 Studying/Exchange/exchange/matching_engine/../order_gateway/fifo_sequencer.h:70 sequenceAndPublish() Tue Jan 21 01:05:55 2025 FIFO sending to M. E. RX:0 Req:MEClientRequest [type: CANCEL, client: 3, ticker: 1, order_id: 3005, side: SELL, qty: 101, price: 154] 
/Users/pranavthatte/Desktop/Core/Princeton Senior/Winter 2023 Studying/Exchange/exchange/matching_engine/../order_gateway/fifo_sequencer.h:70 sequenceAndPublish() Tue Jan 21 01:05:55 2025 FIFO sending to M. E. RX:0 Req:MEClientRequest [type: NEW, client: 3, ticker: 2, order_id: 3007, side: BUY, qty: 37, price: 134] 
/Users/pranavthatte/Desktop/Core/Princeton Senior/Winter 2023 Studying/Exchange/exchange/order_gateway/order_server.h:171 run() Tue Jan 21 01:05:55 2025 Processing cid:3 seq:9 MEClientResponse [type: ACCEPTED, client: 3, ticker: 1, client order id: 3004, market order id: 3, side: SELL, exec_qty: 99, leaves_qty: INVALID, price: 149] 
/Users/pranavthatte/Desktop/Core/Princeton Senior/Winter 2023 Studying/Exchange/exchange/order_gateway/order_server.h:171 run() Tue Jan 21 01:05:55 2025 Processing cid:3 seq:10 MEClientResponse [type: CANCEL_REJECTED, client: 3, ticker: 6, client order id: 3001, market order id: INVALID, side: INVALID, exec_qty: INVALID, leaves_qty: INVALID, price: INVALID] 
/Users/pranavthatte/Desktop/Core/Princeton Senior/Winter 2023 Studying/Exchange/exchange/order_gateway/order_server.h:171 run() Tue Jan 21 01:05:55 2025 Processing cid:3 seq:11 MEClientResponse [type: ACCEPTED, client: 3, ticker: 1, client order id: 3005, market order id: 4, side: SELL, exec_qty: 101, leaves_qty: INVALID, price: 154] 
/Users/pranavthatte/Desktop/Core/Princeton Senior/Winter 2023 Studying/Exchange/utils/tcp_server.cpp:51 poll() Tue Jan 21 01:05:56 2025 EVFILT_READ listener_socket:12 
/Users/pranavthatte/Desktop/Core/Princeton Senior/Winter 2023 Studying/Exchange/utils/tcp_socket.cpp: 55 sendAndReceive() Tue Jan 21 01:05:56 2025 read socket: 12 len:152 utime:1737443156018063000 ktime:0 diff:1737443156018063000 
/Users/pranavthatte/Desktop/Core/Princeton Senior/Winter 2023 Studying/Exchange/exchange/order_gateway/order_server.h:47 recvCallback() Tue Jan 21 01:05:56 2025 Received socket:12 len152 rx:0 
/Users/pranavthatte/Desktop/Core/Princeton Senior/Winter 2023 Studying/Exchange/exchange/order_gateway/order_server.h:60 recvCallback() Tue Jan 21 01:05:56 2025 Gateway received OMClientRequest:OMClientRequest [seq: 16 MEClientRequest [type: CANCEL, client: 3, ticker: 1, order_id: 3003, side: BUY, qty: 54, price: 154]] 
/Users/pranavthatte/Desktop/Core/Princeton Senior/Winter 2023 Studying/Exchange/exchange/order_gateway/order_server.h:60 recvCallback() Tue Jan 21 01:05:56 2025 Gateway received OMClientRequest:OMClientRequest [seq: 17 MEClientRequest [type: NEW, client: 3, ticker: 6, order_id: 3008, side: SELL, qty: 11, price: 137]] 
/Users/pranavthatte/Desktop/Core/Princeton Senior/Winter 2023 Studying/Exchange/exchange/order_gateway/order_server.h:60 recvCallback() Tue Jan 21 01:05:56 2025 Gateway received OMClientRequest:OMClientRequest [seq: 18 MEClientRequest [type: CANCEL, client: 3, ticker: 1, order_id: 3003, side: BUY, qty: 54, price: 154]] 
/Users/pranavthatte/Desktop/Core/Princeton Senior/Winter 2023 Studying/Exchange/exchange/order_gateway/order_server.h:60 recvCallback() Tue Jan 21 01:05:56 2025 Gateway received OMClientRequest:OMClientRequest [seq: 19 MEClientRequest [type: NEW, client: 3, ticker: 0, order_id: 3009, side: BUY, qty: 72, price: 129]] 
/Users/pranavthatte/Desktop/Core/Princeton Senior/Winter 2023 Studying/Exchange/utils/tcp_socket.cpp:78 sendAndReceive() Tue Jan 21 01:05:56 2025 send socket:12 len:162 
/Users/pranavthatte/Desktop/Core/Princeton Senior/Winter 2023 Studying/Exchange/exchange/matching_engine/../order_gateway/fifo_sequencer.h:59 sequenceAndPublish() Tue Jan 21 01:05:56 2025 Processing 4 requests 
/Users/pranavthatte/Desktop/Core/Princeton Senior/Winter 2023 Studying/Exchange/exchange/matching_engine/../order_gateway/fifo_sequencer.h:70 sequenceAndPublish() Tue Jan 21 01:05:56 2025 FIFO sending to M. E. RX:0 Req:MEClientRequest [type: CANCEL, client: 3, ticker: 1, order_id: 3003, side: BUY, qty: 54, price: 154] 
/Users/pranavthatte/Desktop/Core/Princeton Senior/Winter 2023 Studying/Exchange/exchange/matching_engine/../order_gateway/fifo_sequencer.h:70 sequenceAndPublish() Tue Jan 21 01:05:56 2025 FIFO sending to M. E. RX:0 Req:MEClientRequest [type: NEW, client: 3, ticker: 6, order_id: 3008, side: SELL, qty: 11, price: 137] 
/Users/pranavthatte/Desktop/Core/Princeton Senior/Winter 2023 Studying/Exchange/exchange/matching_engine/../order_gateway/fifo_sequencer.h:70 sequenceAndPublish() Tue Jan 21 01:05:56 2025 FIFO sending to M. E. RX:0 Req:MEClientRequest [type: CANCEL, client: 3, ticker: 1, order_id: 3003, side: BUY, qty: 54, price: 154] 
/Users/pranavthatte/Desktop/Core/Princeton Senior/Winter 2023 Studying/Exchange/exchange/matching_engine/../order_gateway/fifo_sequencer.h:70 sequenceAndPublish() Tue Jan 21 01:05:56 2025 FIFO sending to M. E. RX:0 Req:MEClientRequest [type: NEW, client: 3, ticker: 0, order_id: 3009, side: BUY, qty: 72, price: 129] 
/Users/pranavthatte/Desktop/Core/Princeton Senior/Winter 2023 Studying/Exchange/exchange/order_gateway/order_server.h:171 run() Tue Jan 21 01:05:56 2025 Processing cid:3 seq:12 MEClientResponse [type: CANCEL_REJECTED, client: 3, ticker: 6, client order id: 3001, market order id: INVALID, side: INVALID, exec_qty: INVALID, leaves_qty: INVALID, price: INVALID] 
/Users/pranavthatte/Desktop/Core/Princeton Senior/Winter 2023 Studying/Exchange/exchange/order_gateway/order_server.h:171 run() Tue Jan 21 01:05:56 2025 Processing cid:3 seq:13 MEClientResponse [type: ACCEPTED, client: 3, ticker: 3, client order id: 3006, market order id: 2, side: SELL, exec_qty: 3, leaves_qty: INVALID, price: 134] 
/Users/pranavthatte/Desktop/Core/Princeton Senior/Winter 2023 Studying/Exchange/exchange/order_gateway/order_server.h:171 run() Tue Jan 21 01:05:56 2025 Processing cid:3 seq:14 MEClientResponse [type: CANCELED, client: 3, ticker: 1, client order id: 3005, market order id: 4, side: SELL, exec_qty: 101, leaves_qty: INVALID, price: 154] 
/Users/pranavthatte/Desktop/Core/Princeton Senior/Winter 2023 Studying/Exchange/exchange/order_gateway/order_server.h:171 run() Tue Jan 21 01:05:56 2025 Processing cid:3 seq:15 MEClientResponse [type: ACCEPTED, client: 3, ticker: 2, client order id: 3007, market order id: 1, side: BUY, exec_qty: 37, leaves_qty: INVALID, price: 134] 
/Users/pranavthatte/Desktop/Core/Princeton Senior/Winter 2023 Studying/Exchange/exchange/order_gateway/order_server.h:171 run() Tue Jan 21 01:05:56 2025 Processing cid:3 seq:16 MEClientResponse [type: CANCEL_REJECTED, client: 3, ticker: 1, client order id: 3003, market order id: INVALID, side: INVALID, exec_qty: INVALID, leaves_qty: INVALID, price: INVALID] 
/Users/pranavthatte/Desktop/Core/Princeton Senior/Winter 2023 Studying/Exchange/exchange/order_gateway/order_server.h:171 run() Tue Jan 21 01:05:56 2025 Processing cid:3 seq:17 MEClientResponse [type: ACCEPTED, client: 3, ticker: 6, client order id: 3008, market order id: 2, side: SELL, exec_qty: 11, leaves_qty: INVALID, price: 137] 
/Users/pranavthatte/Desktop/Core/Princeton Senior/Winter 2023 Studying/Exchange/exchange/order_gateway/order_ser