/Users/pranavthatte/Desktop/Core/Princeton Senior/Winter 2023 Studying/Exchange/utils/socket_utils.h:125 createSocket() Tue Jan 21 01:05:32 2025 ip:233.252.14.3 interface:lo port:20001 is_udp:1 is_blocking:0 is_listening:0 ttl:0 SOtime:0 
/Users/pranavthatte/Desktop/Core/Princeton Senior/Winter 2023 Studying/Exchange/exchange/market_publisher/market_data_publisher.h:79 run() Tue Jan 21 01:05:33 2025 Publisher running... 
/Users/pranavthatte/Desktop/Core/Princeton Senior/Winter 2023 Studying/Exchange/exchange/market_publisher/market_data_publisher.h:88 run() Tue Jan 21 01:05:55 2025 Sending seq:1 MEMarketUpdate [type: ADD, order_id: 1, ticker: 3, side: SELL, price: 131, qty: 75, priority: 1] 
/Users/pranavthatte/Desktop/Core/Princeton Senior/Winter 2023 Studying/Exchange/utils/multicast_socket.cpp:32 sendAndRecv() Tue Jan 21 01:05:55 2025 send socket:6 len:42
/Users/pranavthatte/Desktop/Core/Princeton Senior/Winter 2023 Studying/Exchange/exchange/market_publisher/market_data_publisher.h:88 run() Tue Jan 21 01:05:55 2025 Sending seq:2 MEMarketUpdate [type: CANCEL, order_id: 1, ticker: 3, side: SELL, price: 131, qty: 0, priority: 1] 
/Users/pranavthatte/Desktop/Core/Princeton Senior/Winter 2023 Studying/Exchange/utils/multicast_socket.cpp:32 sendAndRecv() Tue Jan 21 01:05:55 2025 send socket:6 len:42
/Users/pranavthatte/Desktop/Core/Princeton Senior/Winter 2023 Studying/Exchange/exchange/market_publisher/market_data_publisher.h:88 run() Tue Jan 21 01:05:55 2025 Sending seq:3 MEMarketUpdate [type: ADD, order_id: 1, ticker: 6, side: BUY, price: 134, qty: 64, priority: 1] 
/Users/pranavthatte/Desktop/Core/Princeton Senior/Winter 2023 Studying/Exchange/utils/multicast_socket.cpp:32 sendAndRecv() Tue Jan 21 01:05:55 2025 send socket:6 len:42
/Users/pranavthatte/Desktop/Core/Princeton Senior/Winter 2023 Studying/Exchange/exchange/market_publisher/market_data_publisher.h:88 run() Tue Jan 21 01:05:55 2025 Sending seq:4 MEMarketUpdate [type: CANCEL, order_id: 1, ticker: 6, side: BUY, price: 134, qty: 0, priority: 1] 
/Users/pranavthatte/Desktop/Core/Princeton Senior/Winter 2023 Studying/Exchange/utils/multicast_socket.cpp:32 sendAndRecv() Tue Jan 21 01:05:55 2025 send socket:6 len:42
/Users/pranavthatte/Desktop/Core/Princeton Senior/Winter 2023 Studying/Exchange/exchange/market_publisher/market_data_publisher.h:88 run() Tue Jan 21 01:05:55 2025 Sending seq:5 MEMarketUpdate [type: ADD, order_id: 1, ticker: 1, side: BUY, price: 154, qty: 64, priority: 1] 
/Users/pranavthatte/Desktop/Core/Princeton Senior/Winter 2023 Studying/Exchange/exchange/market_publisher/market_data_publisher.h:88 run() Tue Jan 21 01:05:55 2025 Sending seq:6 MEMarketUpdate [type: CANCEL, order_id: 1, ticker: 1, side: BUY, price: 154, qty: 0, priority: 1] 
/Users/pranavthatte/Desktop/Core/Princeton Senior/Winter 2023 Studying/Exchange/utils/multicast_socket.cpp:32 sendAndRecv() Tue Jan 21 01:05:55 2025 send socket:6 len:84
/Users/pranavthatte/Desktop/Core/Princeton Senior/Winter 2023 Studying/Exchange/exchange/market_publisher/market_data_publisher.h:88 run() Tue Jan 21 01:05:55 2025 Sending seq:7 MEMarketUpdate [type: ADD, order_id: 2, ticker: 1, side: BUY, price: 154, qty: 54, priority: 1] 
/Users/pranavthatte/Desktop/Core/Princeton Senior/Winter 2023 Studying/Exchange/utils/multicast_socket.cpp:32 sendAndRecv() Tue Jan 21 01:05:55 2025 send socket:6 len:42
/Users/pranavthatte/Desktop/Core/Princeton Senior/Winter 2023 Studying/Exchange/exchange/market_publisher/market_data_publisher.h:88 run() Tue Jan 21 01:05:55 2025 Sending seq:8 MEMarketUpdate [type: CANCEL, order_id: 2, ticker: 1, side: BUY, price: 154, qty: 0, priority: 1] 
/Users/pranavthatte/Desktop/Core/Princeton Senior/Winter 2023 Studying/Exchange/utils/multicast_socket.cpp:32 sendAndRecv() Tue Jan 21 01:05:55 2025 send socket:6 len:42
/Users/pranavthatte/Desktop/Core/Princeton Senior/Winter 2023 Studying/Exchange/exchange/market_publisher/market_data_publisher.h:88 run() Tue Jan 21 01:05:55 2025 Sending seq:9 MEMarketUpdate [type: ADD, order_id: 3, ticker: 1, side: SELL, price: 149, qty: 99, priority: 1] 
/Users/pranavthatte/Desktop/Core/Princeton Senior/Winter 2023 Studying/Exchange/utils/multicast_socket.cpp:32 sendAndRecv() Tue Jan 21 01:05:55 2025 send socket:6 len:42
/Users/pranavthatte/Desktop/Core/Princeton Senior/Winter 2023 Studying/Exchange/exchange/market_publisher/market_data_publisher.h:88 run() Tue Jan 21 01:05:55 2025 Sending seq:10 MEMarketUpdate [type: ADD, order_id: 4, ticker: 1, side: SELL, price: 154, qty: 101, priority: 1] 
/Users/pranavthatte/Desktop/Core/Princeton Senior/Winter 2023 Studying/Exchange/utils/multicast_socket.cpp:32 sendAndRecv() Tue Jan 21 01:05:55 2025 send socket:6 len:42
/Users/pranavthatte/Desktop/Core/Princeton Senior/Winter 2023 Studying/Exchange/exchange/market_publisher/market_data_publisher.h:88 run() Tue Jan 21 01:05:55 2025 Sending seq:11 MEMarketUpdate [type: ADD, order_id: 2, ticker: 3, side: SELL, price: 134, qty: 3, priority: 1] 
/Users/pranavthatte/Desktop/Core/Princeton Senior/Winter 2023 Studying/Exchange/exchange/market_publisher/market_data_publisher.h:88 run() Tue Jan 21 01:05:55 2025 Sending seq:12 MEMarketUpdate [type: CANCEL, order_id: 4, ticker: 1, side: SELL, price: 154, qty: 0, priority: 1] 
/Users/pranavthatte/Desktop/Core/Princeton Senior/Winter 2023 Studying/Exchange/exchange/market_publisher/market_data_publisher.h:88 run() Tue Jan 21 01:05:55 2025 Sending seq:13 MEMarketUpdate [type: ADD, order_id: 1, ticker: 2, side: BUY, price: 134, qty: 37, priority: 1] 
/Users/pranavthatte/Desktop/Core/Princeton Senior/Winter 2023 Studying/Exchange/utils/multicast_socket.cpp:32 sendAndRecv() Tue Jan 21 01:05:55 2025 send socket:6 len:126
/Users/pranavthatte/Desktop/Core/Princeton Senior/Winter 2023 Studying/Exchange/exchange/market_publisher/market_data_publisher.h:88 run() Tue Jan 21 01:05:56 2025 Sending seq:14 MEMarketUpdate [type: ADD, order_id: 2, ticker: 6, side: SELL, price: 137, qty: 11, priority: 1] 
/Users/pranavthatte/Desktop/Core/Princeton Senior/Winter 2023 Studying/Exchange/utils/multicast_socket.cpp:32 sendAndRecv() Tue Jan 21 01:05:56 2025 send socket:6 len:42
/Users/pranavthatte/Desktop/Core/Princeton Senior/Winter 2023 Studying/Exchange/exchange/market_publisher/market_data_publisher.h:88 run() Tue Jan 21 01:05:56 2025 Sending seq:15 MEMarketUpdate [type: ADD, order_id: 1, ticker: 0, side: BUY, price: 129, qty: 72, priority: 1] 
/Users/pranavthatte/Desktop/Core/Princeton Senior/Winter 2023 Studying/Exchange/utils/multicast_socket.cpp:32 sendAndRecv() Tue Jan 21 01:05:56 2025 send socket:6 len:42
/Users/pranavthatte/Desktop/Core/Princeton Senior/Winter 2023 Studying/Exchange/exchange/market_publisher/market_data_publisher.h:88 run() Tue Jan 21 01:05:56 2025 Sending seq:16 MEMarketUpdate [type: CANCEL, order_id: 3, ticker: 1, side: SELL, price: 149, qty: 0, priority: 1] 
/Users/pranavthatte/Desktop/Core/Princeton Senior/Winter 2023 Studying/Exchange/utils/multicast_socket.cpp:32 sendAndRecv() Tue Jan 21 01:05:56 2025 send socket:6 len:42
