/Users/pranavthatte/Desktop/Core/Princeton Senior/Winter 2023 Studying/Exchange/utils/socket_utils.h:125 createSocket() Tue Jan 21 01:05:44 2025 ip:233.252.14.3 interface:lo port:20001 is_udp:1 is_blocking:0 is_listening:1 ttl:0 SOtime:0 
/Users/pranavthatte/Desktop/Core/Princeton Senior/Winter 2023 Studying/Exchange/trading/market_data/market_data_consumer.cpp:39 run() Tue Jan 21 01:05:44 2025 
/Users/pranavthatte/Desktop/Core/Princeton Senior/Winter 2023 Studying/Exchange/utils/multicast_socket.cpp:23 sendAndRecv() Tue Jan 21 01:05:55 2025 read socket:8 len:42
/Users/pranavthatte/Desktop/Core/Princeton Senior/Winter 2023 Studying/Exchange/trading/market_data/market_data_consumer.cpp:77 recvCallback() Tue Jan 21 01:05:55 2025 Received incremental socket len:42 MDPMarketUpdate [ seq: 1 MEMarketUpdate [type: ADD, order_id: 1, ticker: 3, side: SELL, price: 131, qty: 75, priority: 1]]
/Users/pranavthatte/Desktop/Core/Princeton Senior/Winter 2023 Studying/Exchange/trading/market_data/market_data_consumer.cpp:109 recvCallback() Tue Jan 21 01:05:55 2025 Incremental Request: MDPMarketUpdate [ seq: 1 MEMarketUpdate [type: ADD, order_id: 1, ticker: 3, side: SELL, price: 131, qty: 75, priority: 1]]
/Users/pranavthatte/Desktop/Core/Princeton Senior/Winter 2023 Studying/Exchange/utils/multicast_socket.cpp:23 sendAndRecv() Tue Jan 21 01:05:55 2025 read socket:8 len:42
/Users/pranavthatte/Desktop/Core/Princeton Senior/Winter 2023 Studying/Exchange/trading/market_data/market_data_consumer.cpp:77 recvCallback() Tue Jan 21 01:05:55 2025 Received incremental socket len:42 MDPMarketUpdate [ seq: 2 MEMarketUpdate [type: CANCEL, order_id: 1, ticker: 3, side: SELL, price: 131, qty: 0, priority: 1]]
/Users/pranavthatte/Desktop/Core/Princeton Senior/Winter 2023 Studying/Exchange/trading/market_data/market_data_consumer.cpp:109 recvCallback() Tue Jan 21 01:05:55 2025 Incremental Request: MDPMarketUpdate [ seq: 2 MEMarketUpdate [type: CANCEL, order_id: 1, ticker: 3, side: SELL, price: 131, qty: 0, priority: 1]]
/Users/pranavthatte/Desktop/Core/Princeton Senior/Winter 2023 Studying/Exchange/utils/multicast_socket.cpp:23 sendAndRecv() Tue Jan 21 01:05:55 2025 read socket:8 len:42
/Users/pranavthatte/Desktop/Core/Princeton Senior/Winter 2023 Studying/Exchange/trading/market_data/market_data_consumer.cpp:77 recvCallback() Tue Jan 21 01:05:55 2025 Received incremental socket len:42 MDPMarketUpdate [ seq: 3 MEMarketUpdate [type: ADD, order_id: 1, ticker: 6, side: BUY, price: 134, qty: 64, priority: 1]]
/Users/pranavthatte/Desktop/Core/Princeton Senior/Winter 2023 Studying/Exchange/trading/market_data/market_data_consumer.cpp:109 recvCallback() Tue Jan 21 01:05:55 2025 Incremental Request: MDPMarketUpdate [ seq: 3 MEMarketUpdate [type: ADD, order_id: 1, ticker: 6, side: BUY, price: 134, qty: 64, priority: 1]]
/Users/pranavthatte/Desktop/Core/Princeton Senior/Winter 2023 Studying/Exchange/utils/multicast_socket.cpp:23 sendAndRecv() Tue Jan 21 01:05:55 2025 read socket:8 len:42
/Users/pranavthatte/Desktop/Core/Princeton Senior/Winter 2023 Studying/Exchange/trading/market_data/market_data_consumer.cpp:77 recvCallback() Tue Jan 21 01:05:55 2025 Received incremental socket len:42 MDPMarketUpdate [ seq: 4 MEMarketUpdate [type: CANCEL, order_id: 1, ticker: 6, side: BUY, price: 134, qty: 0, priority: 1]]
/Users/pranavthatte/Desktop/Core/Princeton Senior/Winter 2023 Studying/Exchange/trading/market_data/market_data_consumer.cpp:109 recvCallback() Tue Jan 21 01:05:55 2025 Incremental Request: MDPMarketUpdate [ seq: 4 MEMarketUpdate [type: CANCEL, order_id: 1, ticker: 6, side: BUY, price: 134, qty: 0, priority: 1]]
/Users/pranavthatte/Desktop/Core/Princeton Senior/Winter 2023 Studying/Exchange/utils/multicast_socket.cpp:23 sendAndRecv() Tue Jan 21 01:05:55 2025 read socket:8 len:84
/Users/pranavthatte/Desktop/Core/Princeton Senior/Winter 2023 Studying/Exchange/trading/market_data/market_data_consumer.cpp:77 recvCallback() Tue Jan 21 01:05:55 2025 Received incremental socket len:42 MDPMarketUpdate [ seq: 5 MEMarketUpdate [type: ADD, order_id: 1, ticker: 1, side: BUY, price: 154, qty: 64, priority: 1]]
/Users/pranavthatte/Desktop/Core/Princeton Senior/Winter 2023 Studying/Exchange/trading/market_data/market_data_consumer.cpp:109 recvCallback() Tue Jan 21 01:05:55 2025 Incremental Request: MDPMarketUpdate [ seq: 5 MEMarketUpdate [type: ADD, order_id: 1, ticker: 1, side: BUY, price: 154, qty: 64, priority: 1]]
/Users/pranavthatte/Desktop/Core/Princeton Senior/Winter 2023 Studying/Exchange/trading/market_data/market_data_consumer.cpp:77 recvCallback() Tue Jan 21 01:05:55 2025 Received incremental socket len:42 MDPMarketUpdate [ seq: 6 MEMarketUpdate [type: CANCEL, order_id: 1, ticker: 1, side: BUY, price: 154, qty: 0, priority: 1]]
/Users/pranavthatte/Desktop/Core/Princeton Senior/Winter 2023 Studying/Exchange/trading/market_data/market_data_consumer.cpp:109 recvCallback() Tue Jan 21 01:05:55 2025 Incremental Request: MDPMarketUpdate [ seq: 6 MEMarketUpdate [type: CANCEL, order_id: 1, ticker: 1, side: BUY, price: 154, qty: 0, priority: 1]]
/Users/pranavthatte/Desktop/Core/Princeton Senior/Winter 2023 Studying/Exchange/utils/multicast_socket.cpp:23 sendAndRecv() Tue Jan 21 01:05:55 2025 read socket:8 len:42
/Users/pranavthatte/Desktop/Core/Princeton Senior/Winter 2023 Studying/Exchange/trading/market_data/market_data_consumer.cpp:77 recvCallback() Tue Jan 21 01:05:55 2025 Received incremental socket len:42 MDPMarketUpdate [ seq: 7 MEMarketUpdate [type: ADD, order_id: 2, ticker: 1, side: BUY, price: 154, qty: 54, priority: 1]]
/Users/pranavthatte/Desktop/Core/Princeton Senior/Winter 2023 Studying/Exchange/trading/market_data/market_data_consumer.cpp:109 recvCallback() Tue Jan 21 01:05:55 2025 Incremental Request: MDPMarketUpdate [ seq: 7 MEMarketUpdate [type: ADD, order_id: 2, ticker: 1, side: BUY, price: 154, qty: 54, priority: 1]]
/Users/pranavthatte/Desktop/Core/Princeton Senior/Winter 2023 Studying/Exchange/utils/multicast_socket.cpp:23 sendAndRecv() Tue Jan 21 01:05:55 2025 read socket:8 len:42
/Users/pranavthatte/Desktop/Core/Princeton Senior/Winter 2023 Studying/Exchange/trading/market_data/market_data_consumer.cpp:77 recvCallback() Tue Jan 21 01:05:55 2025 Received incremental socket len:42 MDPMarketUpdate [ seq: 8 MEMarketUpdate [type: CANCEL, order_id: 2, ticker: 1, side: BUY, price: 154, qty: 0, priority: 1]]
/Users/pranavthatte/Desktop/Core/Princeton Senior/Winter 2023 Studying/Exchange/trading/market_data/market_data_consumer.cpp:109 recvCallback() Tue Jan 21 01:05:55 2025 Incremental Request: MDPMarketUpdate [ seq: 8 MEMarketUpdate [type: CANCEL, order_id: 2, ticker: 1, side: BUY, price: 154, qty: 0, priority: 1]]
/Users/pranavthatte/Desktop/Core/Princeton Senior/Winter 2023 Studying/Exchange/utils/multicast_socket.cpp:23 sendAndRecv() Tue Jan 21 01:05:55 2025 read socket:8 len:42
/Users/pranavthatte/Desktop/Core/Princeton Senior/Winter 2023 Studying/Exchange/trading/market_data/market_data_consumer.cpp:77 recvCallback() Tue Jan 21 01:05:55 2025 Received incremental socket len:42 MDPMarketUpdate [ seq: 9 MEMarketUpdate [type: ADD, order_id: 3, ticker: 1, side: SELL, price: 149, qty: 99, priority: 1]]
/Users/pranavthatte/Desktop/Core/Princeton Senior/Winter 2023 Studying/Exchange/trading/market_data/market_data_consumer.cpp:109 recvCallback() Tue Jan 21 01:05:55 2025 Incremental Request: MDPMarketUpdate [ seq: 9 MEMarketUpdate [type: ADD, order_id: 3, ticker: 1, side: SELL, price: 149, qty: 99, priority: 1]]
/Users/pranavthatte/Desktop/Core/Princeton Senior/Winter 2023 Studying/Exchange/utils/multicast_socket.cpp:23 sendAndRecv() Tue Jan 21 01:05:55 2025 read socket:8 len:42
/Users/pranavthatte/Desktop/Core/Princeton Senior/Winter 2023 Studying/Exchange/trading/market_data/market_data_consumer.cpp:77 recvCallback() Tue Jan 21 01:05:55 2025 Received incremental socket len:42 MDPMarketUpdate [ seq: 10 MEMarketUpdate [type: ADD, order_id: 4, ticker: 1, side: SELL, price: 154, qty: 101, priority: 1]]
/Users/pranavthatte/Desktop/Core/Princeton Senior/Winter 2023 Studying/Exchange/trading/market_data/market_data_consumer.cpp:109 recvCallback() Tue Jan 21 01:05:55 2025 Incremental Request: MDPMarketUpdate [ seq: 10 MEMarketUpdate [type: ADD, order_id: 4, ticker: 1, side: SELL, price: 154, qty: 101, priority: 1]]
/Users/pranavthatte/Desktop/Core/Princeton Senior/Winter 2023 Studying/Exchange/utils/multicast_socket.cpp:23 sendAndRecv() Tue Jan 21 01:05:55 2025 read socket:8 len:126
/Users/pranavthatte/Desktop/Core/Princeton Senior/Winter 2023 Studying/Exchange/trading/market_data/market_data_consumer.cpp:77 recvCallback() Tue Jan 21 01:05:55 2025 Received incremental socket len:42 MDPMarketUpdate [ seq: 11 MEMarketUpdate [type: ADD, order_id: 2, ticker: 3, side: SELL, price: 134, qty: 3, priority: 1]]
/Users/pranavthatte/Desktop/Core/Princeton Senior/Winter 2023 Studying/Exchange/trading/market_data/market_data_consumer.cpp:109 recvCallback() Tue Jan 21 01:05:55 2025 Incremental Request: MDPMarketUpdate [ seq: 11 MEMarketUpdate [type: ADD, order_id: 2, ticker: 3, side: SELL, price: 134, qty: 3, priority: 1]]
/Users/pranavthatte/Desktop/Core/Princeton Senior/Winter 2023 Studying/Exchange/trading/market_data/market_data_consumer.cpp:77 recvCallback() Tue Jan 21 01:05:55 2025 Received incremental socket len:42 MDPMarketUpdate [ seq: 12 MEMarketUpdate [type: CANCEL, order_id: 4, ticker: 1, side: SELL, price: 154, qty: 0, priority: 1]]
/Users/pranavthatte/Desktop/Core/Princeton Senior/Winter 2023 Studying/Exchange/trading/market_data/market_data_consumer.cpp:109 recvCallback() Tue Jan 21 01:05:55 2025 Incremental Request: MDPMarketUpdate [ seq: 12 MEMarketUpdate [type: CANCEL, order_id: 4, ticker: 1, side: SELL, price: 154, qty: 0, priority: 1]]
/Users/pranavthatte/Desktop/Core/Princeton Senior/Winter 2023 Studying/Exchange/trading/market_data/market_data_consumer.cpp:77 recvCallback() Tue Jan 21 01:05:55 2025 Received incremental socket len:42 MDPMarketUpdate [ seq: 13 MEMarketUpdate [type: ADD, order_id: 1, ticker: 2, side: BUY, price: 134, qty: 37, priority: 1]]
/Users/pranavthatte/Desktop/Core/Princeton Senior/Winter 2023 Studying/Exchange/trading/market_data/market_data_consumer.cpp:109 recvCallback() Tue Jan 21 01:05:55 2025 Incremental Request: MDPMarketUpdate [ seq: 13 MEMarketUpdate [type: ADD, order_id: 1, ticker: 2, side: BUY, price: 134, qty: 37, priority: 1]]
/Users/pranavthatte/Desktop/Core/Princeton Senior/Winter 2023 Studying/Exchange/utils/multicast_socket.cpp:23 sendAndRecv() Tue Jan 21 01:05:56 2025 read socket:8 len:42
/Users/pranavthatte/Desktop/Core/Princeton Senior/Winter 2023 Studying/Exchange/trading/market_data/market_data_consumer.cpp:77 recvCallback() Tue Jan 21 01:05:56 2025 Received incremental socket len:42 MDPMarketUpdate [ seq: 14 MEMarketUpdate [type: ADD, order_id: 2, ticker: 6, side: SELL, price: 137, qty: 11, priority: 1]]
/Users/pranavthatte/Desktop/Core/Princeton Senior/Winter 2023 Studying/Exchange/trading/market_data/market_data_consumer.cpp:109 recvCallback() Tue Jan 21 01:05:56 2025 Incremental Request: MDPMarketUpdate [ seq: 14 MEMarketUpdate [type: ADD, order_id: 2, ticker: 6, side: SELL, price: 137, qty: 11, priority: 1]]
/Users/pranavthatte/Desktop/Core/Princeton Senior/Winter 2023 Studying/Exchange/utils/multicast_socket.cpp:23 sendAndRecv() Tue Jan 21 01:05:56 2025 read socket:8 len:42
/Users/pranavthatte/Desktop/Core/Princeton Senior/Winter 2023 Studying/Exchange/trading/market_data/market_data_consumer.cpp:77 recvCallback() Tue Jan 21 01:05:56 2025 Received incremental socket len:42 MDPMarketUpdate [ seq: 15 MEMarketUpdate [type: ADD, order_id: 1, ticker: 0, side: BUY, price: 129, qty: 72, priority: 1]]
/Users/pranavthatte/Desktop/Core/Princeton Senior/Winter 2023 Studying/Exchange/trading/market_data/market_data_consumer.cpp:109 recvCallback() Tue Jan 21 01:05:56 2025 Incremental Request: MDPMarketUpdate [ seq: 15 MEMarketUpdate [type: ADD, order_id: 1, ticker: 0, side: BUY, price: 129, qty: 72, priority: 1]]
/Users/pranavthatte/Desktop/Core/Princeton Senior/Winter 2023 Studying/Exchange/utils/multicast_socket.cpp:23 sendAndRecv() Tue Jan 21 01:05:56 2025 read socket:8 len:42
/Users/pranavthatte/Desktop/Core/Princeton Senior/Winter 2023 Studying/Exchange/trading/market_data/market_data_consumer.cpp:77 recvCallback() Tue Jan 21 01:05:56 2025 Received incremental socket len:42 MDPMarketUpdate [ seq: 16 MEMarketUpdate [type: CANCEL, order_id: 3, ticker: 1, side: SELL, price: 149, qty: 0, priority: 1]]
/Users/pranavthatte/Desktop/Core/Princeton Senior/Winter 2023 Studying/Exchange/trading/market_data/market_data_consumer.cpp:109 recvCallback() Tue Jan 21 01:05:56 2025 Incremental Request: MDPMarketUpdate [ seq: 16 MEMarketUpdate [type: CANCEL, order_id: 3, ticker: 1, side: SELL, price: 149, qty: 0, priority: 1]]
