/Users/pranavthatte/Desktop/Core/Princeton Senior/Winter 2023 Studying/Exchange/trading/strategy/trade_engine.cpp:40 TradeEngine() Mon Jan 20 22:57:51 2025 TradeEngine Configs Initialized MAKER Ticker: 0 TradeEngineConfig { trade-size: 200 feature-threshold: 0.4 risk config: RiskConfig { max-order-size: 200 max-position: 2300 max-loss: -1100 } }. 
/Users/pranavthatte/Desktop/Core/Princeton Senior/Winter 2023 Studying/Exchange/trading/strategy/trade_engine.cpp:40 TradeEngine() Mon Jan 20 22:57:51 2025 TradeEngine Configs Initialized MAKER Ticker: 1 TradeEngineConfig { trade-size: 350 feature-threshold: 0.8 risk config: RiskConfig { max-order-size: 200 max-position: 2300 max-loss: -1100 } }. 
/Users/pranavthatte/Desktop/Core/Princeton Senior/Winter 2023 Studying/Exchange/trading/strategy/trade_engine.cpp:40 TradeEngine() Mon Jan 20 22:57:51 2025 TradeEngine Configs Initialized MAKER Ticker: 2 TradeEngineConfig { trade-size: 300 feature-threshold: 0.3 risk config: RiskConfig { max-order-size: 200 max-position: 2300 max-loss: -1100 } }. 
/Users/pranavthatte/Desktop/Core/Princeton Senior/Winter 2023 Studying/Exchange/trading/strategy/trade_engine.cpp:40 TradeEngine() Mon Jan 20 22:57:51 2025 TradeEngine Configs Initialized MAKER Ticker: 3 TradeEngineConfig { trade-size: 0 feature-threshold: 0 risk config: RiskConfig { max-order-size: 0 max-position: 0 max-loss: 0 } }. 
/Users/pranavthatte/Desktop/Core/Princeton Senior/Winter 2023 Studying/Exchange/trading/strategy/trade_engine.cpp:40 TradeEngine() Mon Jan 20 22:57:51 2025 TradeEngine Configs Initialized MAKER Ticker: 4 TradeEngineConfig { trade-size: 0 feature-threshold: 0 risk config: RiskConfig { max-order-size: 0 max-position: 0 max-loss: 0 } }. 
/Users/pranavthatte/Desktop/Core/Princeton Senior/Winter 2023 Studying/Exchange/trading/strategy/trade_engine.cpp:40 TradeEngine() Mon Jan 20 22:57:51 2025 TradeEngine Configs Initialized MAKER Ticker: 5 TradeEngineConfig { trade-size: 0 feature-threshold: 0 risk config: RiskConfig { max-order-size: 0 max-position: 0 max-loss: 0 } }. 
/Users/pranavthatte/Desktop/Core/Princeton Senior/Winter 2023 Studying/Exchange/trading/strategy/trade_engine.cpp:40 TradeEngine() Mon Jan 20 22:57:51 2025 TradeEngine Configs Initialized MAKER Ticker: 6 TradeEngineConfig { trade-size: 0 feature-threshold: 0 risk config: RiskConfig { max-order-size: 0 max-position: 0 max-loss: 0 } }. 
/Users/pranavthatte/Desktop/Core/Princeton Senior/Winter 2023 Studying/Exchange/trading/strategy/trade_engine.cpp:40 TradeEngine() Mon Jan 20 22:57:51 2025 TradeEngine Configs Initialized MAKER Ticker: 7 TradeEngineConfig { trade-size: 0 feature-threshold: 0 risk config: RiskConfig { max-order-size: 0 max-position: 0 max-loss: 0 } }. 
/Users/pranavthatte/Desktop/Core/Princeton Senior/Winter 2023 Studying/Exchange/trading/strategy/trade_engine.cpp:80 run() Mon Jan 20 22:57:51 2025 TradeEngine running! 
/Users/pranavthatte/Desktop/Core/Princeton Senior/Winter 2023 Studying/Exchange/trading/strategy/trade_engine.h:106 stop() Mon Jan 20 22:58:16 2025 POSITIONS 
 TickerId: 0 Position{ pos: 0 r-pnl: 0 u-pnl: 0 t-pnl: 0 vol: 0 vwaps:[ 0 X 0 ] }
TickerId: 1 Position{ pos: 0 r-pnl: 0 u-pnl: 0 t-pnl: 0 vol: 0 vwaps:[ 0 X 0 ] }
TickerId: 2 Position{ pos: 0 r-pnl: 0 u-pnl: 0 t-pnl: 0 vol: 0 vwaps:[ 0 X 0 ] }
TickerId: 3 Position{ pos: 0 r-pnl: 0 u-pnl: 0 t-pnl: 0 vol: 0 vwaps:[ 0 X 0 ] }
TickerId: 4 Position{ pos: 0 r-pnl: 0 u-pnl: 0 t-pnl: 0 vol: 0 vwaps:[ 0 X 0 ] }
TickerId: 5 Position{ pos: 0 r-pnl: 0 u-pnl: 0 t-pnl: 0 vol: 0 vwaps:[ 0 X 0 ] }
TickerId: 6 Position{ pos: 0 r-pnl: 0 u-pnl: 0 t-pnl: 0 vol: 0 vwaps:[ 0 X 0 ] }
TickerId: 7 Position{ pos: 0 r-pnl: 0 u-pnl: 0 t-pnl: 0 vol: 0 vwaps:[ 0 X 0 ] }
Total PnL:0 Vol: 0
 
/Users/pranavthatte/Desktop/Core/Princeton Senior/Winter 2023 Studying/Exchange/trading/strategy/market_order_book.cpp:16 ~MarketOrderBook() Mon Jan 20 22:58:27 2025 ~MarketOrderBook() 
 Ticker: 0

                          X

 
/Users/pranavthatte/Desktop/Core/Princeton Senior/Winter 2023 Studying/Exchange/trading/strategy/market_order_book.cpp:16 ~MarketOrderBook() Mon Jan 20 22:58:27 2025 ~MarketOrderBook() 
 Ticker: 1

                          X

 
/Users/pranavthatte/Desktop/Core/Princeton Senior/Winter 2023 Studying/Exchange/trading/strategy/market_order_book.cpp:16 ~MarketOrderBook() Mon Jan 20 22:58:27 2025 ~MarketOrderBook() 
 Ticker: 2

                          X

 
/Users/pranavthatte/Desktop/Core/Princeton Senior/Winter 2023 Studying/Exchange/trading/strategy/market_order_book.cpp:16 ~MarketOrderBook() Mon Jan 20 22:58:27 2025 ~MarketOrderBook() 
 Ticker: 3

                          X

 
/Users/pranavthatte/Desktop/Core/Princeton Senior/Winter 2023 Studying/Exchange/trading/strategy/market_order_book.cpp:16 ~MarketOrderBook() Mon Jan 20 22:58:27 2025 ~MarketOrderBook() 
 Ticker: 4

                          X

 
/Users/pranavthatte/Desktop/Core/Princeton Senior/Winter 2023 Studying/Exchange/trading/strategy/market_order_book.cpp:16 ~MarketOrderBook() Mon Jan 20 22:58:27 2025 ~MarketOrderBook() 
 Ticker: 5

                          X

 
/Users/pranavthatte/Desktop/Core/Princeton Senior/Winter 2023 Studying/Exchange/trading/strategy/market_order_book.cpp:16 ~MarketOrderBook() Mon Jan 20 22:58:27 2025 ~MarketOrderBook() 
 Ticker: 6

                          X

 
/Users/pranavthatte/Desktop/Core/Princeton Senior/Winter 2023 Studying/Exchange/trading/strategy/market_order_book.cpp:16 ~MarketOrderBook() Mon Jan 20 22:58:27 2025 ~MarketOrderBook() 
 Ticker: 7

                          X

 
