/Users/pranavthatte/Desktop/Core/Princeton Senior/Winter 2023 Studying/Exchange/utils/socket_utils.h:125 createSocket() Thu Jan 23 01:19:37 2025 ip:127.0.0.1 interface:lo port:12345 is_udp:0 is_blocking:0 is_listening:0 ttl:0 SOtime:1 
/Users/pranavthatte/Desktop/Core/Princeton Senior/Winter 2023 Studying/Exchange/trading/order_gw/order_gateway.cpp:45 run() Thu Jan 23 01:19:37 2025 
/Users/pranavthatte/Desktop/Core/Princeton Senior/Winter 2023 Studying/Exchange/trading/order_gw/order_gateway.cpp:58 run() Thu Jan 23 01:19:50 2025 Sending cid:10 seq1 MEClientRequest [type: NEW, client: 10, ticker: 0, order_id: 10000, side: SELL, qty: 100, price: 10]
/Users/pranavthatte/Desktop/Core/Princeton Senior/Winter 2023 Studying/Exchange/utils/tcp_socket.cpp:78 sendAndReceive() Thu Jan 23 01:19:50 2025 send socket:6 len:38 
/Users/pranavthatte/Desktop/Core/Princeton Senior/Winter 2023 Studying/Exchange/trading/order_gw/order_gateway.cpp:58 run() Thu Jan 23 01:20:00 2025 Sending cid:10 seq2 MEClientRequest [type: NEW, client: 10, ticker: 0, order_id: 10001, side: BUY, qty: 100, price: 40]
/Users/pranavthatte/Desktop/Core/Princeton Senior/Winter 2023 Studying/Exchange/utils/tcp_socket.cpp:78 sendAndReceive() Thu Jan 23 01:20:00 2025 send socket:6 len:38 
/Users/pranavthatte/Desktop/Core/Princeton Senior/Winter 2023 Studying/Exchange/utils/tcp_socket.cpp: 55 sendAndReceive() Thu Jan 23 01:20:00 2025 read socket: 6 len:54 utime:1737616800621571000 ktime:0 diff:1737616800621571000 
/Users/pranavthatte/Desktop/Core/Princeton Senior/Winter 2023 Studying/Exchange/trading/order_gw/order_gateway.cpp:74 recvCallback() Thu Jan 23 01:20:00 2025 Received socket:6 len:54 0
/Users/pranavthatte/Desktop/Core/Princeton Senior/Winter 2023 Studying/Exchange/trading/order_gw/order_gateway.cpp:87 recvCallback() Thu Jan 23 01:20:00 2025 Received OMClientRequest [seq: 1 MEClientResponse [type: ACCEPTED, client: 10, ticker: 0, client order id: 10000, market order id: 1, side: SELL, exec_qty: 0, leaves_qty: 100, price: 10]]
/Users/pranavthatte/Desktop/Core/Princeton Senior/Winter 2023 Studying/Exchange/trading/order_gw/order_gateway.cpp:58 run() Thu Jan 23 01:20:05 2025 Sending cid:10 seq3 MEClientRequest [type: NEW, client: 10, ticker: 1, order_id: 10002, side: BUY, qty: 1, price: 10]
/Users/pranavthatte/Desktop/Core/Princeton Senior/Winter 2023 Studying/Exchange/utils/tcp_socket.cpp:78 sendAndReceive() Thu Jan 23 01:20:05 2025 send socket:6 len:38 
/Users/pranavthatte/Desktop/Core/Princeton Senior/Winter 2023 Studying/Exchange/trading/order_gw/order_gateway.cpp:58 run() Thu Jan 23 01:20:10 2025 Sending cid:10 seq4 MEClientRequest [type: NEW, client: 10, ticker: 1, order_id: 10003, side: BUY, qty: 1, price: 10]
/Users/pranavthatte/Desktop/Core/Princeton Senior/Winter 2023 Studying/Exchange/utils/tcp_socket.cpp:78 sendAndReceive() Thu Jan 23 01:20:10 2025 send socket:6 len:38 
/Users/pranavthatte/Desktop/Core/Princeton Senior/Winter 2023 Studying/Exchange/utils/tcp_socket.cpp: 55 sendAndReceive() Thu Jan 23 01:20:10 2025 read socket: 6 len:162 utime:1737616810599114000 ktime:0 diff:1737616810599114000 
/Users/pranavthatte/Desktop/Core/Princeton Senior/Winter 2023 Studying/Exchange/trading/order_gw/order_gateway.cpp:74 recvCallback() Thu Jan 23 01:20:10 2025 Received socket:6 len:162 0
/Users/pranavthatte/Desktop/Core/Princeton Senior/Winter 2023 Studying/Exchange/trading/order_gw/order_gateway.cpp:87 recvCallback() Thu Jan 23 01:20:10 2025 Received OMClientRequest [seq: 2 MEClientResponse [type: ACCEPTED, client: 10, ticker: 0, client order id: 10001, market order id: 2, side: BUY, exec_qty: 0, leaves_qty: 100, price: 40]]
/Users/pranavthatte/Desktop/Core/Princeton Senior/Winter 2023 Studying/Exchange/trading/order_gw/order_gateway.cpp:87 recvCallback() Thu Jan 23 01:20:10 2025 Received OMClientRequest [seq: 3 MEClientResponse [type: FILLED, client: 10, ticker: 0, client order id: 10001, market order id: 2, side: BUY, exec_qty: 100, leaves_qty: 0, price: 10]]
/Users/pranavthatte/Desktop/Core/Princeton Senior/Winter 2023 Studying/Exchange/trading/order_gw/order_gateway.cpp:87 recvCallback() Thu Jan 23 01:20:10 2025 Received OMClientRequest [seq: 4 MEClientResponse [type: FILLED, client: 10, ticker: 0, client order id: 10000, market order id: 1, side: SELL, exec_qty: 100, leaves_qty: 0, price: 10]]
/Users/pranavthatte/Desktop/Core/Princeton Senior/Winter 2023 Studying/Exchange/utils/tcp_socket.cpp: 55 sendAndReceive() Thu Jan 23 01:20:10 2025 read socket: 6 len:54 utime:1737616810606787000 ktime:0 diff:1737616810606787000 
/Users/pranavthatte/Desktop/Core/Princeton Senior/Winter 2023 Studying/Exchange/trading/order_gw/order_gateway.cpp:74 recvCallback() Thu Jan 23 01:20:10 2025 Received socket:6 len:54 0
/Users/pranavthatte/Desktop/Core/Princeton Senior/Winter 2023 Studying/Exchange/trading/order_gw/order_gateway.cpp:87 recvCallback() Thu Jan 23 01:20:10 2025 Received OMClientRequest [seq: 5 MEClientResponse [type: ACCEPTED, client: 10, ticker: 1, client order id: 10002, market order id: 1, side: BUY, exec_qty: 0, leaves_qty: 1, price: 10]]
/Users/pranavthatte/Desktop/Core/Princeton Senior/Winter 2023 Studying/Exchange/trading/order_gw/order_gateway.cpp:58 run() Thu Jan 23 01:20:15 2025 Sending cid:10 seq5 MEClientRequest [type: NEW, client: 10, ticker: 1, order_id: 10004, side: BUY, qty: 1, price: 10]
/Users/pranavthatte/Desktop/Core/Princeton Senior/Winter 2023 Studying/Exchange/utils/tcp_socket.cpp:78 sendAndReceive() Thu Jan 23 01:20:15 2025 send socket:6 len:38 
/Users/pranavthatte/Desktop/Core/Princeton Senior/Winter 2023 Studying/Exchange/utils/tcp_socket.cpp: 55 sendAndReceive() Thu Jan 23 01:20:15 2025 read socket: 6 len:54 utime:1737616815603143000 ktime:0 diff:1737616815603143000 
/Users/pranavthatte/Desktop/Core/Princeton Senior/Winter 2023 Studying/Exchange/trading/order_gw/order_gateway.cpp:74 recvCallback() Thu Jan 23 01:20:15 2025 Received socket:6 len:54 0
/Users/pranavthatte/Desktop/Core/Princeton Senior/Winter 2023 Studying/Exchange/trading/order_gw/order_gateway.cpp:87 recvCallback() Thu Jan 23 01:20:15 2025 Received OMClientRequest [seq: 6 MEClientResponse [type: ACCEPTED, client: 10, ticker: 1, client order id: 10003, market order id: 2, side: BUY, exec_qty: 0, leaves_qty: 1, price: 10]]
