/Users/pranavthatte/Desktop/Core/Princeton Senior/Winter 2023 Studying/Exchange/utils/socket_utils.h:125 createSocket() Thu Jan 23 01:19:39 2025 ip:233.252.14.3 interface:lo port:20001 is_udp:1 is_blocking:0 is_listening:1 ttl:0 SOtime:0 
/Users/pranavthatte/Desktop/Core/Princeton Senior/Winter 2023 Studying/Exchange/trading/market_data/market_data_consumer.cpp:39 run() Thu Jan 23 01:19:39 2025 
/Users/pranavthatte/Desktop/Core/Princeton Senior/Winter 2023 Studying/Exchange/utils/multicast_socket.cpp:23 sendAndRecv() Thu Jan 23 01:19:50 2025 read socket:8 len:42
/Users/pranavthatte/Desktop/Core/Princeton Senior/Winter 2023 Studying/Exchange/trading/market_data/market_data_consumer.cpp:77 recvCallback() Thu Jan 23 01:19:50 2025 Received incremental socket len:42 MDPMarketUpdate [ seq: 1 MEMarketUpdate [type: ADD, order_id: 1, ticker: 0, side: SELL, price: 10, qty: 100, priority: 1]]
/Users/pranavthatte/Desktop/Core/Princeton Senior/Winter 2023 Studying/Exchange/trading/market_data/market_data_consumer.cpp:109 recvCallback() Thu Jan 23 01:19:50 2025 Incremental Request: MDPMarketUpdate [ seq: 1 MEMarketUpdate [type: ADD, order_id: 1, ticker: 0, side: SELL, price: 10, qty: 100, priority: 1]]
/Users/pranavthatte/Desktop/Core/Princeton Senior/Winter 2023 Studying/Exchange/utils/multicast_socket.cpp:23 sendAndRecv() Thu Jan 23 01:20:00 2025 read socket:8 len:126
/Users/pranavthatte/Desktop/Core/Princeton Senior/Winter 2023 Studying/Exchange/trading/market_data/market_data_consumer.cpp:77 recvCallback() Thu Jan 23 01:20:00 2025 Received incremental socket len:42 MDPMarketUpdate [ seq: 2 MEMarketUpdate [type: TRADE, order_id: INVALID, ticker: 0, side: BUY, price: 10, qty: 100, priority: INVALID]]
/Users/pranavthatte/Desktop/Core/Princeton Senior/Winter 2023 Studying/Exchange/trading/market_data/market_data_consumer.cpp:109 recvCallback() Thu Jan 23 01:20:00 2025 Incremental Request: MDPMarketUpdate [ seq: 2 MEMarketUpdate [type: TRADE, order_id: INVALID, ticker: 0, side: BUY, price: 10, qty: 100, priority: INVALID]]
/Users/pranavthatte/Desktop/Core/Princeton Senior/Winter 2023 Studying/Exchange/trading/market_data/market_data_consumer.cpp:77 recvCallback() Thu Jan 23 01:20:00 2025 Received incremental socket len:42 MDPMarketUpdate [ seq: 3 MEMarketUpdate [type: CANCEL, order_id: 1, ticker: 0, side: SELL, price: 10, qty: 0, priority: INVALID]]
/Users/pranavthatte/Desktop/Core/Princeton Senior/Winter 2023 Studying/Exchange/trading/market_data/market_data_consumer.cpp:109 recvCallback() Thu Jan 23 01:20:00 2025 Incremental Request: MDPMarketUpdate [ seq: 3 MEMarketUpdate [type: CANCEL, order_id: 1, ticker: 0, side: SELL, price: 10, qty: 0, priority: INVALID]]
/Users/pranavthatte/Desktop/Core/Princeton Senior/Winter 2023 Studying/Exchange/trading/market_data/market_data_consumer.cpp:77 recvCallback() Thu Jan 23 01:20:00 2025 Received incremental socket len:42 MDPMarketUpdate [ seq: 4 MEMarketUpdate [type: ADD, order_id: 3, ticker: 0, side: BUY, price: 10, qty: 100, priority: 1]]
/Users/pranavthatte/Desktop/Core/Princeton Senior/Winter 2023 Studying/Exchange/trading/market_data/market_data_consumer.cpp:109 recvCallback() Thu Jan 23 01:20:00 2025 Incremental Request: MDPMarketUpdate [ seq: 4 MEMarketUpdate [type: ADD, order_id: 3, ticker: 0, side: BUY, price: 10, qty: 100, priority: 1]]
/Users/pranavthatte/Desktop/Core/Princeton Senior/Winter 2023 Studying/Exchange/utils/multicast_socket.cpp:23 sendAndRecv() Thu Jan 23 01:20:05 2025 read socket:8 len:42
/Users/pranavthatte/Desktop/Core/Princeton Senior/Winter 2023 Studying/Exchange/trading/market_data/market_data_consumer.cpp:77 recvCallback() Thu Jan 23 01:20:05 2025 Received incremental socket len:42 MDPMarketUpdate [ seq: 5 MEMarketUpdate [type: ADD, order_id: 1, ticker: 1, side: BUY, price: 10, qty: 1, priority: 1]]
/Users/pranavthatte/Desktop/Core/Princeton Senior/Winter 2023 Studying/Exchange/trading/market_data/market_data_consumer.cpp:109 recvCallback() Thu Jan 23 01:20:05 2025 Incremental Request: MDPMarketUpdate [ seq: 5 MEMarketUpdate [type: ADD, order_id: 1, ticker: 1, side: BUY, price: 10, qty: 1, priority: 1]]
/Users/pranavthatte/Desktop/Core/Princeton Senior/Winter 2023 Studying/Exchange/utils/multicast_socket.cpp:23 sendAndRecv() Thu Jan 23 01:20:10 2025 read socket:8 len:126
/Users/pranavthatte/Desktop/Core/Princeton Senior/Winter 2023 Studying/Exchange/trading/market_data/market_data_consumer.cpp:77 recvCallback() Thu Jan 23 01:20:10 2025 Received incremental socket len:42 MDPMarketUpdate [ seq: 6 MEMarketUpdate [type: ADD, order_id: 2, ticker: 1, side: BUY, price: 10, qty: 1, priority: 2]]
/Users/pranavthatte/Desktop/Core/Princeton Senior/Winter 2023 Studying/Exchange/trading/market_data/market_data_consumer.cpp:109 recvCallback() Thu Jan 23 01:20:10 2025 Incremental Request: MDPMarketUpdate [ seq: 6 MEMarketUpdate [type: ADD, order_id: 2, ticker: 1, side: BUY, price: 10, qty: 1, priority: 2]]
/Users/pranavthatte/Desktop/Core/Princeton Senior/Winter 2023 Studying/Exchange/trading/market_data/market_data_consumer.cpp:77 recvCallback() Thu Jan 23 01:20:10 2025 Received incremental socket len:42 MDPMarketUpdate [ seq: 7 MEMarketUpdate [type: ADD, order_id: 4, ticker: 0, side: SELL, price: 40, qty: 100, priority: 1]]
/Users/pranavthatte/Desktop/Core/Princeton Senior/Winter 2023 Studying/Exchange/trading/market_data/market_data_consumer.cpp:109 recvCallback() Thu Jan 23 01:20:10 2025 Incremental Request: MDPMarketUpdate [ seq: 7 MEMarketUpdate [type: ADD, order_id: 4, ticker: 0, side: SELL, price: 40, qty: 100, priority: 1]]
/Users/pranavthatte/Desktop/Core/Princeton Senior/Winter 2023 Studying/Exchange/trading/market_data/market_data_consumer.cpp:77 recvCallback() Thu Jan 23 01:20:10 2025 Received incremental socket len:42 MDPMarketUpdate [ seq: 8 MEMarketUpdate [type: ADD, order_id: 3, ticker: 1, side: BUY, price: 10, qty: 1, priority: 3]]
/Users/pranavthatte/Desktop/Core/Princeton Senior/Winter 2023 Studying/Exchange/trading/market_data/market_data_consumer.cpp:109 recvCallback() Thu Jan 23 01:20:10 2025 Incremental Request: MDPMarketUpdate [ seq: 8 MEMarketUpdate [type: ADD, order_id: 3, ticker: 1, side: BUY, price: 10, qty: 1, priority: 3]]
/Users/pranavthatte/Desktop/Core/Princeton Senior/Winter 2023 Studying/Exchange/utils/multicast_socket.cpp:23 sendAndRecv() Thu Jan 23 01:20:15 2025 read socket:8 len:42
/Users/pranavthatte/Desktop/Core/Princeton Senior/Winter 2023 Studying/Exchange/trading/market_data/market_data_consumer.cpp:77 recvCallback() Thu Jan 23 01:20:15 2025 Received incremental socket len:42 MDPMarketUpdate [ seq: 9 MEMarketUpdate [type: ADD, order_id: 4, ticker: 1, side: BUY, price: 10, qty: 1, priority: 4]]
/Users/pranavthatte/Desktop/Core/Princeton Senior/Winter 2023 Studying/Exchange/trading/market_data/market_data_consumer.cpp:109 recvCallback() Thu Jan 23 01:20:15 2025 Incremental Request: MDPMarketUpdate [ seq: 9 MEMarketUpdate [type: ADD, order_id: 4, ticker: 1, side: BUY, price: 10, qty: 1, priority: 4]]
/Users/pranavthatte/Desktop/Core/Princeton Senior/Winter 2023 Studying/Exchange/utils/multicast_socket.cpp:23 sendAndRecv() Thu Jan 23 01:20:15 2025 read socket:8 len:42
/Users/pranavthatte/Desktop/Core/Princeton Senior/Winter 2023 Studying/Exchange/trading/market_data/market_data_consumer.cpp:77 recvCallback() Thu Jan 23 01:20:15 2025 Received incremental socket len:42 MDPMarketUpdate [ seq: 10 MEMarketUpdate [type: ADD, order_id: 5, ticker: 1, side: BUY, price: 10, qty: 1, priority: 5]]
/Users/pranavthatte/Desktop/Core/Princeton Senior/Winter 2023 Studying/Exchange/trading/market_data/market_data_consumer.cpp:109 recvCallback() Thu Jan 23 01:20:15 2025 Incremental Request: MDPMarketUpdate [ seq: 10 MEMarketUpdate [type: ADD, order_id: 5, ticker: 1, side: BUY, price: 10, qty: 1, priority: 5]]
/Users/pranavthatte/Desktop/Core/Princeton Senior/Winter 2023 Studying/Exchange/utils/multicast_socket.cpp:23 sendAndRecv() Thu Jan 23 01:20:20 2025 read socket:8 len:42
/Users/pranavthatte/Desktop/Core/Princeton Senior/Winter 2023 Studying/Exchange/trading/market_data/market_data_consumer.cpp:77 recvCallback() Thu Jan 23 01:20:20 2025 Received incremental socket len:42 MDPMarketUpdate [ seq: 11 MEMarketUpdate [type: ADD, order_id: 6, ticker: 1, side: BUY, price: 10, qty: 1, priority: 6]]
/Users/pranavthatte/Desktop/Core/Princeton Senior/Winter 2023 Studying/Exchange/trading/market_data/market_data_consumer.cpp:109 recvCallback() Thu Jan 23 01:20:20 2025 Incremental Request: MDPMarketUpdate [ seq: 11 MEMarketUpdate [type: ADD, order_id: 6, ticker: 1, side: BUY, price: 10, qty: 1, priority: 6]]
