/Users/pranavthatte/Desktop/Core/Princeton Senior/Winter 2023 Studying/Exchange/trading/strategy/trade_engine.cpp:40 TradeEngine() Thu Jan 23 01:19:35 2025 TradeEngine Configs Initialized RANDOM Ticker: 0 TradeEngineConfig { trade-size: 0 feature-threshold: 0 risk config: RiskConfig { max-order-size: 0 max-position: 0 max-loss: 0 } }. 
/Users/pranavthatte/Desktop/Core/Princeton Senior/Winter 2023 Studying/Exchange/trading/strategy/trade_engine.cpp:40 TradeEngine() Thu Jan 23 01:19:35 2025 TradeEngine Configs Initialized RANDOM Ticker: 1 TradeEngineConfig { trade-size: 0 feature-threshold: 0 risk config: RiskConfig { max-order-size: 0 max-position: 0 max-loss: 0 } }. 
/Users/pranavthatte/Desktop/Core/Princeton Senior/Winter 2023 Studying/Exchange/trading/strategy/trade_engine.cpp:40 TradeEngine() Thu Jan 23 01:19:35 2025 TradeEngine Configs Initialized RANDOM Ticker: 2 TradeEngineConfig { trade-size: 0 feature-threshold: 0 risk config: RiskConfig { max-order-size: 0 max-position: 0 max-loss: 0 } }. 
/Users/pranavthatte/Desktop/Core/Princeton Senior/Winter 2023 Studying/Exchange/trading/strategy/trade_engine.cpp:40 TradeEngine() Thu Jan 23 01:19:35 2025 TradeEngine Configs Initialized RANDOM Ticker: 3 TradeEngineConfig { trade-size: 0 feature-threshold: 0 risk config: RiskConfig { max-order-size: 0 max-position: 0 max-loss: 0 } }. 
/Users/pranavthatte/Desktop/Core/Princeton Senior/Winter 2023 Studying/Exchange/trading/strategy/trade_engine.cpp:40 TradeEngine() Thu Jan 23 01:19:35 2025 TradeEngine Configs Initialized RANDOM Ticker: 4 TradeEngineConfig { trade-size: 0 feature-threshold: 0 risk config: RiskConfig { max-order-size: 0 max-position: 0 max-loss: 0 } }. 
/Users/pranavthatte/Desktop/Core/Princeton Senior/Winter 2023 Studying/Exchange/trading/strategy/trade_engine.cpp:40 TradeEngine() Thu Jan 23 01:19:35 2025 TradeEngine Configs Initialized RANDOM Ticker: 5 TradeEngineConfig { trade-size: 0 feature-threshold: 0 risk config: RiskConfig { max-order-size: 0 max-position: 0 max-loss: 0 } }. 
/Users/pranavthatte/Desktop/Core/Princeton Senior/Winter 2023 Studying/Exchange/trading/strategy/trade_engine.cpp:40 TradeEngine() Thu Jan 23 01:19:35 2025 TradeEngine Configs Initialized RANDOM Ticker: 6 TradeEngineConfig { trade-size: 0 feature-threshold: 0 risk config: RiskConfig { max-order-size: 0 max-position: 0 max-loss: 0 } }. 
/Users/pranavthatte/Desktop/Core/Princeton Senior/Winter 2023 Studying/Exchange/trading/strategy/trade_engine.cpp:40 TradeEngine() Thu Jan 23 01:19:35 2025 TradeEngine Configs Initialized RANDOM Ticker: 7 TradeEngineConfig { trade-size: 0 feature-threshold: 0 risk config: RiskConfig { max-order-size: 0 max-position: 0 max-loss: 0 } }. 
/Users/pranavthatte/Desktop/Core/Princeton Senior/Winter 2023 Studying/Exchange/trading/strategy/trade_engine.cpp:80 run() Thu Jan 23 01:19:35 2025 TradeEngine running! 
/Users/pranavthatte/Desktop/Core/Princeton Senior/Winter 2023 Studying/Exchange/trading/strategy/trade_engine.cpp:68 sendClientRequest() Thu Jan 23 01:19:50 2025 TradeEngine Sending MEClientRequest [type: NEW, client: 10, ticker: 0, order_id: 10000, side: SELL, qty: 100, price: 10]
/Users/pranavthatte/Desktop/Core/Princeton Senior/Winter 2023 Studying/Exchange/trading/strategy/trade_engine.cpp:102 run() Thu Jan 23 01:19:50 2025 Processing Market Update MEMarketUpdate [type: ADD, order_id: 1, ticker: 0, side: SELL, price: 10, qty: 100, priority: 1] 
/Users/pranavthatte/Desktop/Core/Princeton Senior/Winter 2023 Studying/Exchange/trading/strategy/trade_engine.cpp:119 onOrderBookUpdate() Thu Jan 23 01:19:50 2025 TradeEngine reaction to orderbook change - ticker: 0 price: 10 side: SELL 
/Users/pranavthatte/Desktop/Core/Princeton Senior/Winter 2023 Studying/Exchange/trading/strategy/feature_engine.h:63 onOrderBookUpdate() Thu Jan 23 01:19:50 2025 ticker:0 price:10 side:SELL mkt-price:nan aggr-trade-ratio:nan 
/Users/pranavthatte/Desktop/Core/Princeton Senior/Winter 2023 Studying/Exchange/trading/strategy/trade_engine.h:61 defaultAlgoOnOrderBookUpdate() Thu Jan 23 01:19:50 2025 TradeEngine orderbook update default - ticker:0 price:10 side:SELL 
/Users/pranavthatte/Desktop/Core/Princeton Senior/Winter 2023 Studying/Exchange/trading/strategy/market_order_book.cpp:109 onMarketUpdate() Thu Jan 23 01:19:50 2025 OrderBook 
 Ticker: 0
ASKS L:0 =>  <px: 10 prev: 10 next: 10> 10  @ 100  (1   )

                          X

 
/Users/pranavthatte/Desktop/Core/Princeton Senior/Winter 2023 Studying/Exchange/trading/strategy/trade_engine.cpp:68 sendClientRequest() Thu Jan 23 01:20:00 2025 TradeEngine Sending MEClientRequest [type: NEW, client: 10, ticker: 0, order_id: 10001, side: BUY, qty: 100, price: 40]
/Users/pranavthatte/Desktop/Core/Princeton Senior/Winter 2023 Studying/Exchange/trading/strategy/trade_engine.cpp:89 run() Thu Jan 23 01:20:00 2025 Processing Exchange Receipt: MEClientResponse [type: ACCEPTED, client: 10, ticker: 0, client order id: 10000, market order id: 1, side: SELL, exec_qty: 0, leaves_qty: 100, price: 10]
/Users/pranavthatte/Desktop/Core/Princeton Senior/Winter 2023 Studying/Exchange/trading/strategy/trade_engine.cpp:145 onOrderUpdate() Thu Jan 23 01:20:00 2025 TradeEngine reaction to order update - MEClientResponse [type: ACCEPTED, client: 10, ticker: 0, client order id: 10000, market order id: 1, side: SELL, exec_qty: 0, leaves_qty: 100, price: 10] 
/Users/pranavthatte/Desktop/Core/Princeton Senior/Winter 2023 Studying/Exchange/trading/strategy/trade_engine.h:75 defaultAlgoOnOrderUpdate() Thu Jan 23 01:20:00 2025 TradeEngine order update default - MEClientResponse [type: ACCEPTED, client: 10, ticker: 0, client order id: 10000, market order id: 1, side: SELL, exec_qty: 0, leaves_qty: 100, price: 10] 
/Users/pranavthatte/Desktop/Core/Princeton Senior/Winter 2023 Studying/Exchange/trading/strategy/trade_engine.cpp:102 run() Thu Jan 23 01:20:00 2025 Processing Market Update MEMarketUpdate [type: TRADE, order_id: INVALID, ticker: 0, side: BUY, price: 10, qty: 100, priority: INVALID] 
/Users/pranavthatte/Desktop/Core/Princeton Senior/Winter 2023 Studying/Exchange/trading/strategy/trade_engine.cpp:134 onTradeUpdate() Thu Jan 23 01:20:00 2025 TradeEngine reaction to trade - MEMarketUpdate [type: TRADE, order_id: INVALID, ticker: 0, side: BUY, price: 10, qty: 100, priority: INVALID]
/Users/pranavthatte/Desktop/Core/Princeton Senior/Winter 2023 Studying/Exchange/trading/strategy/feature_engine.h:83 onTradeUpdate() Thu Jan 23 01:20:00 2025 MEMarketUpdate [type: TRADE, order_id: INVALID, ticker: 0, side: BUY, price: 10, qty: 100, priority: INVALID] mkt-price:nan aggr-trade_ratio:nan 
/Users/pranavthatte/Desktop/Core/Princeton Senior/Winter 2023 Studying/Exchange/trading/strategy/trade_engine.h:68 defaultAlgoOnTradeUpdate() Thu Jan 23 01:20:00 2025 TradeEngine trade update default - MEMarketUpdate [type: TRADE, order_id: INVALID, ticker: 0, side: BUY, price: 10, qty: 100, priority: INVALID] 
/Users/pranavthatte/Desktop/Core/Princeton Senior/Winter 2023 Studying/Exchange/trading/strategy/trade_engine.cpp:102 run() Thu Jan 23 01:20:00 2025 Processing Market Update MEMarketUpdate [type: CANCEL, order_id: 1, ticker: 0, side: SELL, price: 10, qty: 0, priority: INVALID] 
/Users/pranavthatte/Desktop/Core/Princeton Senior/Winter 2023 Studying/Exchange/trading/strategy/trade_engine.cpp:119 onOrderBookUpdate() Thu Jan 23 01:20:00 2025 TradeEngine reaction to orderbook change - ticker: 0 price: 10 side: SELL 
/Users/pranavthatte/Desktop/Core/Princeton Senior/Winter 2023 Studying/Exchange/trading/strategy/feature_engine.h:63 onOrderBookUpdate() Thu Jan 23 01:20:00 2025 ticker:0 price:10 side:SELL mkt-price:nan aggr-trade-ratio:nan 
/Users/pranavthatte/Desktop/Core/Princeton Senior/Winter 2023 Studying/Exchange/trading/strategy/trade_engine.h:61 defaultAlgoOnOrderBookUpdate() Thu Jan 23 01:20:00 2025 TradeEngine orderbook update default - ticker:0 price:10 side:SELL 
/Users/pranavthatte/Desktop/Core/Princeton Senior/Winter 2023 Studying/Exchange/trading/strategy/market_order_book.cpp:109 onMarketUpdate() Thu Jan 23 01:20:00 2025 OrderBook 
 Ticker: 0

                          X

 
/Users/pranavthatte/Desktop/Core/Princeton Senior/Winter 2023 Studying/Exchange/trading/strategy/trade_engine.cpp:102 run() Thu Jan 23 01:20:00 2025 Processing Market Update MEMarketUpdate [type: ADD, order_id: 3, ticker: 0, side: BUY, price: 10, qty: 100, priority: 1] 
/Users/pranavthatte/Desktop/Core/Princeton Senior/Winter 2023 Studying/Exchange/trading/strategy/trade_engine.cpp:119 onOrderBookUpdate() Thu Jan 23 01:20:00 2025 TradeEngine reaction to orderbook change - ticker: 0 price: 10 side: BUY 
/Users/pranavthatte/Desktop/Core/Princeton Senior/Winter 2023 Studying/Exchange/trading/strategy/feature_engine.h:63 onOrderBookUpdate() Thu Jan 23 01:20:00 2025 ticker:0 price:10 side:BUY mkt-price:nan aggr-trade-ratio:nan 
/Users/pranavthatte/Desktop/Core/Princeton Senior/Winter 2023 Studying/Exchange/trading/strategy/trade_engine.h:61 defaultAlgoOnOrderBookUpdate() Thu Jan 23 01:20:00 2025 TradeEngine orderbook update default - ticker:0 price:10 side:BUY 
/Users/pranavthatte/Desktop/Core/Princeton Senior/Winter 2023 Studying/Exchange/trading/strategy/market_order_book.cpp:109 onMarketUpdate() Thu Jan 23 01:20:00 2025 OrderBook 
 Ticker: 0

                          X

BIDS L:0 =>  <px: 10 prev: 10 next: 10> 10  @ 100  (1   )
 
/Users/pranavthatte/Desktop/Core/Princeton Senior/Winter 2023 Studying/Exchange/trading/strategy/trade_engine.cpp:68 sendClientRequest() Thu Jan 23 01:20:05 2025 TradeEngine Sending MEClientRequest [type: NEW, client: 10, ticker: 1, order_id: 10002, side: BUY, qty: 1, price: 10]
/Users/pranavthatte/Desktop/Core/Princeton Senior/Winter 2023 Studying/Exchange/trading/strategy/trade_engine.cpp:102 run() Thu Jan 23 01:20:05 2025 Processing Market Update MEMarketUpdate [type: ADD, order_id: 1, ticker: 1, side: BUY, price: 10, qty: 1, priority: 1] 
/Users/pranavthatte/Desktop/Core/Princeton Senior/Winter 2023 Studying/Exchange/trading/strategy/trade_engine.cpp:119 onOrderBookUpdate() Thu Jan 23 01:20:05 2025 TradeEngine reaction to orderbook change - ticker: 1 price: 10 side: BUY 
/Users/pranavthatte/Desktop/Core/Princeton Senior/Winter 2023 Studying/Exchange/trading/strategy/feature_engine.h:63 onOrderBookUpdate() Thu Jan 23 01:20:05 2025 ticker:1 price:10 side:BUY mkt-price:nan aggr-trade-ratio:nan 
/Users/pranavthatte/Desktop/Core/Princeton Senior/Winter 2023 Studying/Exchange/trading/strategy/trade_engine.h:61 defaultAlgoOnOrderBookUpdate() Thu Jan 23 01:20:05 2025 TradeEngine orderbook update default - ticker:1 price:10 side:BUY 
/Users/pranavthatte/Desktop/Core/Princeton Senior/Winter 2023 Studying/Exchange/trading/strategy/market_order_book.cpp:109 onMarketUpdate() Thu Jan 23 01:20:05 2025 OrderBook 
 Ticker: 1

                          X

BIDS L:0 =>  <px: 10 prev: 10 next: 10> 10  @ 1    (1   )
 
/Users/pranavthatte/Desktop/Core/Princeton Senior/Winter 2023 Studying/Exchange/trading/strategy/trade_engine.cpp:68 sendClientRequest() Thu Jan 23 01:20:10 2025 TradeEngine Sending MEClientRequest [type: NEW, client: 10, ticker: 1, order_id: 10003, side: BUY, qty: 1, price: 10]
/Users/pranavthatte/Desktop/Core/Princeton Senior/Winter 2023 Studying/Exchange/trading/strategy/trade_engine.cpp:89 run() Thu Jan 23 01:20:10 2025 Processing Exchange Receipt: MEClientResponse [type: ACCEPTED, client: 10, ticker: 0, client order id: 10001, market order id: 2, side: BUY, exec_qty: 0, leaves_qty: 100, price: 40]
/Users/pranavthatte/Desktop/Core/Princeton Senior/Winter 2023 Studying/Exchange/trading/strategy/trade_engine.cpp:145 onOrderUpdate() Thu Jan 23 01:20:10 2025 TradeEngine reaction to order update - MEClientResponse [type: ACCEPTED, client: 10, ticker: 0, client order id: 10001, market order id: 2, side: BUY, exec_qty: 0, leaves_qty: 100, price: 40] 
/Users/pranavthatte/Desktop/Core/Princeton Senior/Winter 2023 Studying/Exchange/trading/strategy/trade_engine.h:75 defaultAlgoOnOrderUpdate() Thu Jan 23 01:20:10 2025 TradeEngine order update default - MEClientResponse [type: ACCEPTED, client: 10, ticker: 0, client order id: 10001, market order id: 2, side: BUY, exec_qty: 0, leaves_qty: 100, price: 40] 
/Users/pranavthatte/Desktop/Core/Princeton Senior/Winter 2023 Studying/Exchange/trading/strategy/trade_engine.cpp:89 run() Thu Jan 23 01:20:10 2025 Processing Exchange Receipt: MEClientResponse [type: FILLED, client: 10, ticker: 0, client order id: 10001, market order id: 2, side: BUY, exec_qty: 100, leaves_qty: 0, price: 10]
/Users/pranavthatte/Desktop/Core/Princeton Senior/Winter 2023 Studying/Exchange/trading/strategy/trade_engine.cpp:145 onOrderUpdate() Thu Jan 23 01:20:10 2025 TradeEngine reaction to order update - MEClientResponse [type: FILLED, client: 10, ticker: 0, client order id: 10001, market order id: 2, side: BUY, exec_qty: 100, leaves_qty: 0, price: 10] 
/Users/pranavthatte/Desktop/Core/Princeton Senior/Winter 2023 Studying/Exchange/trading/strategy/position_keeper.h:133 addFill() Thu Jan 23 01:20:10 2025 Position{ pos: 100 r-pnl: 0 u-pnl: 0 t-pnl: 0 vol: 100 vwaps:[ 10 X 0 ] BBO{ INVALID@INVALID X INVALID@INVALID }} MEClientResponse [type: FILLED, client: 10, ticker: 0, client order id: 10001, market order id: 2, side: BUY, exec_qty: 100, leaves_qty: 0, price: 10]
/Users/pranavthatte/Desktop/Core/Princeton Senior/Winter 2023 Studying/Exchange/trading/strategy/trade_engine.h:75 defaultAlgoOnOrderUpdate() Thu Jan 23 01:20:10 2025 TradeEngine order update default - MEClientResponse [type: FILLED, client: 10, ticker: 0, client order id: 10001, market order id: 2, side: BUY, exec_qty: 100, leaves_qty: 0, price: 10] 
/Users/pranavthatte/Desktop/Core/Princeton Senior/Winter 2023 Studying/Exchange/trading/strategy/trade_engine.cpp:89 run() Thu Jan 23 01:20:10 2025 Processing Exchange Receipt: MEClientResponse [type: FILLED, client: 10, ticker: 0, client order id: 10000, market order id: 1, side: SELL, exec_qty: 100, leaves_qty: 0, price: 10]
/Users/pranavthatte/Desktop/Core/Princeton Senior/Winter 2023 Studying/Exchange/trading/strategy/trade_engine.cpp:145 onOrderUpdate() Thu Jan 23 01:20:10 2025 TradeEngine reaction to order update - MEClientResponse [type: FILLED, client: 10, ticker: 0, client order id: 10000, market order id: 1, side: SELL, exec_qty: 100, leaves_qty: 0, price: 10] 
/Users/pranavthatte/Desktop/Core/Princeton Senior/Winter 2023 Studying/Exchange/trading/strategy/position_keeper.h:133 addFill() Thu Jan 23 01:20:10 2025 Position{ pos: 0 r-pnl: 0 u-pnl: 0 t-pnl: 0 vol: 200 vwaps:[ 0 X 0 ] BBO{ INVALID@INVALID X INVALID@INVALID }} MEClientResponse [type: FILLED, client: 10, ticker: 0, client order id: 10000, market order id: 1, side: SELL, exec_qty: 100, leaves_qty: 0, price: 10]
/Users/pranavthatte/Desktop/Core/Princeton Senior/Winter 2023 Studying/Exchange/trading/strategy/trade_engine.h:75 defaultAlgoOnOrderUpdate() Thu Jan 23 01:20:10 2025 TradeEngine order update default - MEClientResponse [type: FILLED, client: 10, ticker: 0, client order id: 10000, market order id: 1, side: SELL, exec_qty: 100, leaves_qty: 0, price: 10] 
/Users/pranavthatte/Desktop/Core/Princeton Senior/Winter 2023 Studying/Exchange/trading/strategy/trade_engine.cpp:89 run() Thu Jan 23 01:20:10 2025 Processing Exchange Receipt: MEClientResponse [type: ACCEPTED, client: 10, ticker: 1, client order id: 10002, market order id: 1, side: BUY, exec_qty: 0, leaves_qty: 1, price: 10]
/Users/pranavthatte/Desktop/Core/Princeton Senior/Winter 2023 Studying/Exchange/trading/strategy/trade_engine.cpp:145 onOrderUpdate() Thu Jan 23 01:20:10 2025 TradeEngine reaction to order update - MEClientResponse [type: ACCEPTED, client: 10, ticker: 1, client order id: 10002, market order id: 1, side: BUY, exec_qty: 0, leaves_qty: 1, price: 10] 
/Users/pranavthatte/Desktop/Core/Princeton Senior/Winter 2023 Studying/Exchange/trading/strategy/trade_engine.h:75 defaultAlgoOnOrderUpdate() Thu Jan 23 01:20:10 2025 TradeEngine order update default - MEClientResponse [type: ACCEPTED, client: 10, ticker: 1, client order id: 10002, market order id: 1, side: BUY, exec_qty: 0, leaves_qty: 1, price: 10] 
/Users/pranavthatte/Desktop/Core/Princeton Senior/Winter 2023 Studying/Exchange/trading/strategy/trade_engine.cpp:102 run() Thu Jan 23 01:20:10 2025 Processing Market Update MEMarketUpdate [type: ADD, order_id: 2, ticker: 1, side: BUY, price: 10, qty: 1, priority: 2] 
/Users/pranavthatte/Desktop/Core/Princeton Senior/Winter 2023 Studying/Exchange/trading/strategy/trade_engine.cpp:119 onOrderBookUpdate() Thu Jan 23 01:20:10 2025 TradeEngine reaction to orderbook change - ticker: 1 price: 10 side: BUY 
/Users/pranavthatte/Desktop/Core/Princeton Senior/Winter 2023 Studying/Exchange/trading/strategy/feature_engine.h:63 onOrderBookUpdate() Thu Jan 23 01:20:10 2025 ticker:1 price:10 side:BUY mkt-price:nan aggr-trade-ratio:nan 
/Users/pranavthatte/Desktop/Core/Princeton Senior/Winter 2023 Studying/Exchange/trading/strategy/trade_engine.h:61 defaultAlgoOnOrderBookUpdate() Thu Jan 23 01:20:10 2025 TradeEngine orderbook update default - ticker:1 price:10 side:BUY 
/Users/pranavthatte/Desktop/Core/Princeton Senior/Winter 2023 Studying/Exchange/trading/strategy/market_order_book.cpp:109 onMarketUpdate() Thu Jan 23 01:20:10 2025 OrderBook 
 Ticker: 1

                          X

BIDS L:0 =>  <px: 10 prev: 10 next: 10> 10  @ 2    (2   )
 
/Users/pranavthatte/Desktop/Core/Princeton Senior/Winter 2023 Studying/Exchange/trading/strategy/trade_engine.cpp:102 run() Thu Jan 23 01:20:10 2025 Processing Market Update MEMarketUpdate [type: ADD, order_id: 4, ticker: 0, side: SELL, price: 40, qty: 100, priority: 1] 
/Users/pranavthatte/Desktop/Core/Princeton Senior/Winter 2023 Studying/Exchange/trading/strategy/trade_engine.cpp:119 onOrderBookUpdate() Thu Jan 23 01:20:10 2025 TradeEngine reaction to orderbook change - ticker: 0 price: 40 side: SELL 
/Users/pranavthatte/Desktop/Core/Princeton Senior/Winter 2023 Studying/Exchange/trading/strategy/feature_engine.h:63 onOrderBookUpdate() Thu Jan 23 01:20:10 2025 ticker:0 price:40 side:SELL mkt-price:nan aggr-trade-ratio:nan 
/Users/pranavthatte/Desktop/Core/Princeton Senior/Winter 2023 Studying/Exchange/trading/strategy/trade_engine.h:61 defaultAlgoOnOrderBookUpdate() Thu Jan 23 01:20:10 2025 TradeEngine orderbook update default - ticker:0 price:40 side:SELL 
/Users/pranavthatte/Desktop/Core/Princeton Senior/Winter 2023 Studying/Exchange/trading/strategy/market_order_book.cpp:109 onMarketUpdate() Thu Jan 23 01:20:10 2025 OrderBook 
 Ticker: 0
ASKS L:0 =>  <px: 40 prev: 40 next: 40> 40  @ 100  (1   )

                          X

BIDS L:0 =>  <px: 10 prev: 10 next: 10> 10  @ 100  (1   )
 
/Users/pranavthatte/Desktop/Core/Princeton Senior/Winter 2023 Studying/Exchange/trading/strategy/trade_engine.cpp:102 run() Thu Jan 23 01:20:10 2025 Processing Market Update MEMarketUpdate [type: ADD, order_id: 3, ticker: 1, side: BUY, price: 10, qty: 1, priority: 3] 
/Users/pranavthatte/Desktop/Core/Princeton Senior/Winter 2023 Studying/Exchange/trading/strategy/trade_engine.cpp:119 onOrderBookUpdate() Thu Jan 23 01:20:10 2025 TradeEngine reaction to orderbook change - ticker: 1 price: 10 side: BUY 
/Users/pranavthatte/Desktop/Core/Princeton Senior/Winter 2023 Studying/Exchange/trading/strategy/feature_engine.h:63 onOrderBookUpdate() Thu Jan 23 01:20:10 2025 ticker:1 price:10 side:BUY mkt-price:nan aggr-trade-ratio:nan 
/Users/pranavthatte/Desktop/Core/Princeton Senior/Winter 2023 Studying/Exchange/trading/strategy/trade_engine.h:61 defaultAlgoOnOrderBookUpdate() Thu Jan 23 01:20:10 2025 TradeEngine orderbook update default - ticker:1 price:10 side:BUY 
/Users/pranavthatte/Desktop/Core/Princeton Senior/Winter 2023 Studying/Exchange/trading/strategy/market_order_book.cpp:109 onMarketUpdate() Thu Jan 23 01:20:10 2025 OrderBook 
 Ticker: 1

                          X

BIDS L:0 =>  <px: 10 prev: 10 next: 10> 10  @ 3    (3   )
 
/Users/pranavthatte/Desktop/Core/Princeton Senior/Winter 2023 Studying/Exchange/trading/strategy/trade_engine.cpp:68 sendClientRequest() Thu Jan 23 01:20:15 2025 TradeEngine Sending MEClientRequest [type: NEW, client: 10, ticker: 1, order_id: 10004, side: BUY, qty: 1, price: 10]
/Users/pranavthatte/Desktop/Core/Princeton Senior/Winter 2023 Studying/Exchange/trading/strategy/trade_engine.cpp:89 run() Thu Jan 23 01:20:15 2025 Processing Exchange Receipt: MEClientResponse [type: ACCEPTED, client: 10, ticker: 1, client order id: 10003, market order id: 2, side: BUY, exec_qty: 0, leaves_qty: 1, price: 10]
/Users/pranavthatte/Desktop/Core/Princeton Senior/Winter 2023 Studying/Exchange/trading/strategy/trade_engine.cpp:145 onOrderUpdate() Thu Jan 23 01:20:15 2025 TradeEngine reaction to order update - MEClientResponse [type: ACCEPTED, client: 10, ticker: 1, client order id: 10003, market order id: 2, side: BUY, exec_qty: 0, leaves_qty: 1, price: 10] 
/Users/pranavthatte/Desktop/Core/Princeton Senior/Winter 2023 Studying/Exchange/trading/strategy/trade_engine.h:75 defaultAlgoOnOrderUpdate() Thu Jan 23 01:20:15 2025 TradeEngine order update default - MEClientResponse [type: ACCEPTED, client: 10, ticker: 1, client order id: 10003, market order id: 2, side: BUY, exec_qty: 0, leaves_qty: 1, price: 10] 
/Users/pranavthatte/Desktop/Core/Princeton Senior/Winter 2023 Studying/Exchange/trading/strategy/trade_engine.cpp:102 run() Thu Jan 23 01:20:15 2025 Processing Market Update MEMarketUpdate [type: ADD, order_id: 4, ticker: 1, side: BUY, price: 10, qty: 1, priority: 4] 
/Users/pranavthatte/Desktop/Core/Princeton Senior/Winter 2023 Studying/Exchange/trading/strategy/trade_engine.cpp:119 onOrderBookUpdate() Thu Jan 23 01:20:15 2025 TradeEngine reaction to orderbook change - ticker: 1 price: 10 side: BUY 
/Users/pranavthatte/Desktop/Core/Princeton Senior/Winter 2023 Studying/Exchange/trading/strategy/feature_engine.h:63 onOrderBookUpdate() Thu Jan 23 01:20:15 2025 ticker:1 price:10 side:BUY mkt-price:nan aggr-trade-ratio:nan 
/Users/pranavthatte/Desktop/Core/Princeton Senior/Winter 2023 Studying/Exchange/trading/strategy/trade_engine.h:61 defaultAlgoOnOrderBookUpdate() Thu Jan 23 01:20:15 2025 TradeEngine orderbook update default - ticker:1 price:10 side:BUY 
/Users/pranavthatte/Desktop/Core/Princeton Senior/Winter 2023 Studying/Exchange/trading/strategy/market_order_book.cpp:109 onMarketUpdate() Thu Jan 23 01:20:15 2025 OrderBook 
 Ticker: 1

                          X

BIDS L:0 =>  <px: 10 prev: 10 next: 10> 10  @ 4    (4   )
 
/Users/pranavthatte/Desktop/Core/Princeton Senior/Winter 2023 Studying/Exchange/trading/strategy/trade_engine.cpp:102 run() Thu Jan 23 01:20:15 2025 Processing Market Update MEMarketUpdate [type: ADD, order_id: 5, ticker: 1, side: BUY, price: 10, qty: 1, priority: 5] 
/Users/pranavthatte/Desktop/Core/Princeton Senior/Winter 2023 Studying/Exchange/trading/strategy/trade_engine.cpp:119 onOrderBookUpdate() Thu Jan 23 01:20:15 2025 TradeEngine reaction to orderbook change - ticker: 1 price: 10 side: BUY 
/Users/pranavthatte/Desktop/Core/Princeton Senior/Winter 2023 Studying/Exchange/trading/strategy/feature_engine.h:63 onOrderBookUpdate() Thu Jan 23 01:20:15 2025 ticker:1 price:10 side:BUY mkt-price:nan aggr-trade-ratio:nan 
/Users/pranavthatte/Desktop/Core/Princeton Senior/Winter 2023 Studying/Exchange/trading/strategy/trade_engine.h:61 defaultAlgoOnOrderBookUpdate() Thu Jan 23 01:20:15 2025 TradeEngine orderbook update default - ticker:1 price:10 side:BUY 
/Users/pranavthatte/Desktop/Core/Princeton Senior/Winter 2023 Studying/Exchange/trading/strategy/market_order_book.cpp:109 onMarketUpdate() Thu Jan 23 01:20:15 2025 OrderBook 
 Ticker: 1

                          X

BIDS L:0 =>  <px: 10 prev: 10 next: 10> 10  @ 5    (5   )
 
/Users/pranavthatte/Desktop/Core/Princeton Senior/Winter 2023 Studying/Exchange/trading/strategy/trade_engine.cpp:102 run() Thu Jan 23 01:20:20 2025 Processing Market Update MEMarketUpdate [type: ADD, order_id: 6, ticker: 1, side: BUY, price: 10, qty: 1, priority: 6] 
/Users/pranavthatte/Desktop/Core/Princeton Senior/Winter 2023 Studying/Exchange/trading/strategy/trade_engine.cpp:119 onOrderBookUpdate() Thu Jan 23 01:20:20 2025 TradeEngine reaction to orderbook change - ticker: 1 price: 10 side: BUY 
/Users/pranavthatte/Desktop/Core/Princeton Senior/Winter 2023 Studying/Exchange/trading/strategy/feature_engine.h:63 onOrderBookUpdate() Thu Jan 23 01:20:20 2025 ticker:1 price:10 side:BUY mkt-price:nan aggr-trade-ratio:nan 
/Users/pranavthatte/Desktop/Core/Princeton Senior/Winter 2023 Studying/Exchange/trading/strategy/trade_engine.h:61 defaultAlgoOnOrderBookUpdate() Thu Jan 23 01:20:20 2025 TradeEngine orderbook update default - ticker:1 price:10 side:BUY 
/Users/pranavthatte/Desktop/Core/Princeton Senior/Winter 2023 Studying/Exchange/trading/strategy/market_order_book.cpp:109 onMarketUpdate() Thu Jan 23 01:20:20 2025 OrderBook 
 Ticker: 1

                          X

BIDS L:0 =>  <px: 10 prev: 10 next: 10> 10  @ 6    (6   )
 
/Users/pranavthatte/Desktop/Core/Princeton Senior/Winter 2023 Studying/Exchange/trading/strategy/trade_engine.h:112 stop() Thu Jan 23 01:21:10 2025 POSITIONS 
 TickerId: 0 Position{ pos: 0 r-pnl: 0 u-pnl: 0 t-pnl: 0 vol: 200 vwaps:[ 0 X 0 ] BBO{ INVALID@INVALID X INVALID@INVALID }}
TickerId: 1 Position{ pos: 0 r-pnl: 0 u-pnl: 0 t-pnl: 0 vol: 0 vwaps:[ 0 X 0 ] BBO{ 6@10 X INVALID@INVALID }}
TickerId: 2 Position{ pos: 0 r-pnl: 0 u-pnl: 0 t-pnl: 0 vol: 0 vwaps:[ 0 X 0 ] }
TickerId: 3 Position{ pos: 0 r-pnl: 0 u-pnl: 0 t-pnl: 0 vol: 0 vwaps:[ 0 X 0 ] }
TickerId: 4 Position{ pos: 0 r-pnl: 0 u-pnl: 0 t-pnl: 0 vol: 0 vwaps:[ 0 X 0 ] }
TickerId: 5 Position{ pos: 0 r-pnl: 0 u-pnl: 0 t-pnl: 0 vol: 0 vwaps:[ 0 X 0 ] }
TickerId: 6 Position{ pos: 0 r-pnl: 0 u-pnl: 0 t-pnl: 0 vol: 0 vwaps:[ 0 X 0 ] }
TickerId: 7 Position{ pos: 0 r-pnl: 0 u-pnl: 0 t-pnl: 0 vol: 0 vwaps:[ 0 X 0 ] }
Total PnL:0 Vol: 200
 
/Users/pranavthatte/Desktop/Core/Princeton Senior/Winter 2023 Studying/Exchange/trading/strategy/market_order_book.cpp:16 ~MarketOrderBook() Thu Jan 23 01:21:21 2025 ~MarketOrderBook() 
 Ticker: 0
ASKS L:0 =>  <px: 40 prev: 40 next: 40> 40  @ 100  (1   )

                          X

BIDS L:0 =>  <px: 10 prev: 10 next: 10> 10  @ 100  (1   )
 
/Users/pranavthatte/Desktop/Core/Princeton Senior/Winter 2023 Studying/Exchange/trading/strategy/market_order_book.cpp:16 ~MarketOrderBook() Thu Jan 23 01:21:21 2025 ~MarketOrderBook() 
 Ticker: 1

                          X

BIDS L:0 =>  <px: 10 prev: 10 next: 10> 10  @ 6    (6   )
 
/Users/pranavthatte/Desktop/Core/Princeton Senior/Winter 2023 Studying/Exchange/trading/strategy/market_order_book.cpp:16 ~MarketOrderBook() Thu Jan 23 01:21:21 2025 ~MarketOrderBook() 
 Ticker: 2

                          X

 
/Users/pranavthatte/Desktop/Core/Princeton Senior/Winter 2023 Studying/Exchange/trading/strategy/market_order_book.cpp:16 ~MarketOrderBook() Thu Jan 23 01:21:21 2025 ~MarketOrderBook() 
 Ticker: 3

                          X

 
/Users/pranavthatte/Desktop/Core/Princeton Senior/Winter 2023 Studying/Exchange/trading/strategy/market_order_book.cpp:16 ~MarketOrderBook() Thu Jan 23 01:21:21 2025 ~MarketOrderBook() 
 Ticker: 4

                          X

 
/Users/pranavthatte/Desktop/Core/Princeton Senior/Winter 2023 Studying/Exchange/trading/strategy/market_order_book.cpp:16 ~MarketOrderBook() Thu Jan 23 01:21:21 2025 ~MarketOrderBook() 
 Ticker: 5

                          X

 
/Users/pranavthatte/Desktop/Core/Princeton Senior/Winter 2023 Studying/Exchange/trading/strategy/market_order_book.cpp:16 ~MarketOrderBook() Thu Jan 23 01:21:21 2025 ~MarketOrderBook() 
 Ticker: 6

                          X

 
/Users/pranavthatte/Desktop/Core/Princeton Senior/Winter 2023 Studying/Exchange/trading/strategy/market_order_book.cpp:16 ~MarketOrderBook() Thu Jan 23 01:21:21 2025 ~MarketOrderBook() 
 Ticker: 7

                          X

 
