/Users/pranavthatte/Desktop/Core/Princeton Senior/Winter 2023 Studying/Exchange/utils/socket_utils.h:125 createSocket() Tue Jan 21 01:05:42 2025 ip:127.0.0.1 interface:lo port:12345 is_udp:0 is_blocking:0 is_listening:0 ttl:0 SOtime:1 
/Users/pranavthatte/Desktop/Core/Princeton Senior/Winter 2023 Studying/Exchange/trading/order_gw/order_gateway.cpp:45 run() Tue Jan 21 01:05:42 2025 
/Users/pranavthatte/Desktop/Core/Princeton Senior/Winter 2023 Studying/Exchange/trading/order_gw/order_gateway.cpp:58 run() Tue Jan 21 01:05:55 2025 Sending cid:3 seq1 MEClientRequest [type: NEW, client: 3, ticker: 3, order_id: 3000, side: SELL, qty: 75, price: 131]
/Users/pranavthatte/Desktop/Core/Princeton Senior/Winter 2023 Studying/Exchange/utils/tcp_socket.cpp:78 sendAndReceive() Tue Jan 21 01:05:55 2025 send socket:6 len:38 
/Users/pranavthatte/Desktop/Core/Princeton Senior/Winter 2023 Studying/Exchange/trading/order_gw/order_gateway.cpp:58 run() Tue Jan 21 01:05:55 2025 Sending cid:3 seq2 MEClientRequest [type: CANCEL, client: 3, ticker: 3, order_id: 3000, side: SELL, qty: 75, price: 131]
/Users/pranavthatte/Desktop/Core/Princeton Senior/Winter 2023 Studying/Exchange/utils/tcp_socket.cpp:78 sendAndReceive() Tue Jan 21 01:05:55 2025 send socket:6 len:38 
/Users/pranavthatte/Desktop/Core/Princeton Senior/Winter 2023 Studying/Exchange/trading/order_gw/order_gateway.cpp:58 run() Tue Jan 21 01:05:55 2025 Sending cid:3 seq3 MEClientRequest [type: NEW, client: 3, ticker: 6, order_id: 3001, side: BUY, qty: 64, price: 134]
/Users/pranavthatte/Desktop/Core/Princeton Senior/Winter 2023 Studying/Exchange/utils/tcp_socket.cpp:78 sendAndReceive() Tue Jan 21 01:05:55 2025 send socket:6 len:38 
/Users/pranavthatte/Desktop/Core/Princeton Senior/Winter 2023 Studying/Exchange/trading/order_gw/order_gateway.cpp:58 run() Tue Jan 21 01:05:55 2025 Sending cid:3 seq4 MEClientRequest [type: CANCEL, client: 3, ticker: 6, order_id: 3001, side: BUY, qty: 64, price: 134]
/Users/pranavthatte/Desktop/Core/Princeton Senior/Winter 2023 Studying/Exchange/utils/tcp_socket.cpp:78 sendAndReceive() Tue Jan 21 01:05:55 2025 send socket:6 len:38 
/Users/pranavthatte/Desktop/Core/Princeton Senior/Winter 2023 Studying/Exchange/trading/order_gw/order_gateway.cpp:58 run() Tue Jan 21 01:05:55 2025 Sending cid:3 seq5 MEClientRequest [type: NEW, client: 3, ticker: 1, order_id: 3002, side: BUY, qty: 64, price: 154]
/Users/pranavthatte/Desktop/Core/Princeton Senior/Winter 2023 Studying/Exchange/utils/tcp_socket.cpp:78 sendAndReceive() Tue Jan 21 01:05:55 2025 send socket:6 len:38 
/Users/pranavthatte/Desktop/Core/Princeton Senior/Winter 2023 Studying/Exchange/trading/order_gw/order_gateway.cpp:58 run() Tue Jan 21 01:05:55 2025 Sending cid:3 seq6 MEClientRequest [type: CANCEL, client: 3, ticker: 1, order_id: 3002, side: BUY, qty: 64, price: 154]
/Users/pranavthatte/Desktop/Core/Princeton Senior/Winter 2023 Studying/Exchange/utils/tcp_socket.cpp:78 sendAndReceive() Tue Jan 21 01:05:55 2025 send socket:6 len:38 
/Users/pranavthatte/Desktop/Core/Princeton Senior/Winter 2023 Studying/Exchange/utils/tcp_socket.cpp: 55 sendAndReceive() Tue Jan 21 01:05:55 2025 read socket: 6 len:108 utime:1737443155724488000 ktime:0 diff:1737443155724488000 
/Users/pranavthatte/Desktop/Core/Princeton Senior/Winter 2023 Studying/Exchange/trading/order_gw/order_gateway.cpp:74 recvCallback() Tue Jan 21 01:05:55 2025 Received socket:6 len:108 0
/Users/pranavthatte/Desktop/Core/Princeton Senior/Winter 2023 Studying/Exchange/trading/order_gw/order_gateway.cpp:87 recvCallback() Tue Jan 21 01:05:55 2025 Received OMClientRequest [seq: 1 MEClientResponse [type: ACCEPTED, client: 3, ticker: 3, client order id: 3000, market order id: 1, side: SELL, exec_qty: 75, leaves_qty: INVALID, price: 131]]
/Users/pranavthatte/Desktop/Core/Princeton Senior/Winter 2023 Studying/Exchange/trading/order_gw/order_gateway.cpp:87 recvCallback() Tue Jan 21 01:05:55 2025 Received OMClientRequest [seq: 2 MEClientResponse [type: CANCELED, client: 3, ticker: 3, client order id: 3000, market order id: 1, side: SELL, exec_qty: 75, leaves_qty: INVALID, price: 131]]
/Users/pranavthatte/Desktop/Core/Princeton Senior/Winter 2023 Studying/Exchange/trading/order_gw/order_gateway.cpp:58 run() Tue Jan 21 01:05:55 2025 Sending cid:3 seq7 MEClientRequest [type: NEW, client: 3, ticker: 1, order_id: 3003, side: BUY, qty: 54, price: 154]
/Users/pranavthatte/Desktop/Core/Princeton Senior/Winter 2023 Studying/Exchange/utils/tcp_socket.cpp:78 sendAndReceive() Tue Jan 21 01:05:55 2025 send socket:6 len:38 
/Users/pranavthatte/Desktop/Core/Princeton Senior/Winter 2023 Studying/Exchange/trading/order_gw/order_gateway.cpp:58 run() Tue Jan 21 01:05:55 2025 Sending cid:3 seq8 MEClientRequest [type: CANCEL, client: 3, ticker: 1, order_id: 3003, side: BUY, qty: 54, price: 154]
/Users/pranavthatte/Desktop/Core/Princeton Senior/Winter 2023 Studying/Exchange/utils/tcp_socket.cpp:78 sendAndReceive() Tue Jan 21 01:05:55 2025 send socket:6 len:38 
/Users/pranavthatte/Desktop/Core/Princeton Senior/Winter 2023 Studying/Exchange/trading/order_gw/order_gateway.cpp:58 run() Tue Jan 21 01:05:55 2025 Sending cid:3 seq9 MEClientRequest [type: NEW, client: 3, ticker: 1, order_id: 3004, side: SELL, qty: 99, price: 149]
/Users/pranavthatte/Desktop/Core/Princeton Senior/Winter 2023 Studying/Exchange/utils/tcp_socket.cpp:78 sendAndReceive() Tue Jan 21 01:05:55 2025 send socket:6 len:38 
/Users/pranavthatte/Desktop/Core/Princeton Senior/Winter 2023 Studying/Exchange/utils/tcp_socket.cpp: 55 sendAndReceive() Tue Jan 21 01:05:55 2025 read socket: 6 len:54 utime:1737443155800931000 ktime:0 diff:1737443155800931000 
/Users/pranavthatte/Desktop/Core/Princeton Senior/Winter 2023 Studying/Exchange/trading/order_gw/order_gateway.cpp:74 recvCallback() Tue Jan 21 01:05:55 2025 Received socket:6 len:54 0
/Users/pranavthatte/Desktop/Core/Princeton Senior/Winter 2023 Studying/Exchange/trading/order_gw/order_gateway.cpp:87 recvCallback() Tue Jan 21 01:05:55 2025 Received OMClientRequest [seq: 3 MEClientResponse [type: ACCEPTED, client: 3, ticker: 6, client order id: 3001, market order id: 1, side: BUY, exec_qty: 64, leaves_qty: INVALID, price: 134]]
/Users/pranavthatte/Desktop/Core/Princeton Senior/Winter 2023 Studying/Exchange/trading/order_gw/order_gateway.cpp:58 run() Tue Jan 21 01:05:55 2025 Sending cid:3 seq10 MEClientRequest [type: CANCEL, client: 3, ticker: 6, order_id: 3001, side: BUY, qty: 64, price: 134]
/Users/pranavthatte/Desktop/Core/Princeton Senior/Winter 2023 Studying/Exchange/utils/tcp_socket.cpp:78 sendAndReceive() Tue Jan 21 01:05:55 2025 send socket:6 len:38 
/Users/pranavthatte/Desktop/Core/Princeton Senior/Winter 2023 Studying/Exchange/trading/order_gw/order_gateway.cpp:58 run() Tue Jan 21 01:05:55 2025 Sending cid:3 seq11 MEClientRequest [type: NEW, client: 3, ticker: 1, order_id: 3005, side: SELL, qty: 101, price: 154]
/Users/pranavthatte/Desktop/Core/Princeton Senior/Winter 2023 Studying/Exchange/utils/tcp_socket.cpp:78 sendAndReceive() Tue Jan 21 01:05:55 2025 send socket:6 len:38 
/Users/pranavthatte/Desktop/Core/Princeton Senior/Winter 2023 Studying/Exchange/trading/order_gw/order_gateway.cpp:58 run() Tue Jan 21 01:05:55 2025 Sending cid:3 seq12 MEClientRequest [type: CANCEL, client: 3, ticker: 6, order_id: 3001, side: BUY, qty: 64, price: 134]
/Users/pranavthatte/Desktop/Core/Princeton Senior/Winter 2023 Studying/Exchange/utils/tcp_socket.cpp:78 sendAndReceive() Tue Jan 21 01:05:55 2025 send socket:6 len:38 
/Users/pranavthatte/Desktop/Core/Princeton Senior/Winter 2023 Studying/Exchange/trading/order_gw/order_gateway.cpp:58 run() Tue Jan 21 01:05:55 2025 Sending cid:3 seq13 MEClientRequest [type: NEW, client: 3, ticker: 3, order_id: 3006, side: SELL, qty: 3, price: 134]
/Users/pranavthatte/Desktop/Core/Princeton Senior/Winter 2023 Studying/Exchange/utils/tcp_socket.cpp:78 sendAndReceive() Tue Jan 21 01:05:55 2025 send socket:6 len:38 
/Users/pranavthatte/Desktop/Core/Princeton Senior/Winter 2023 Studying/Exchange/trading/order_gw/order_gateway.cpp:58 run() Tue Jan 21 01:05:55 2025 Sending cid:3 seq14 MEClientRequest [type: CANCEL, client: 3, ticker: 1, order_id: 3005, side: SELL, qty: 101, price: 154]
/Users/pranavthatte/Desktop/Core/Princeton Senior/Winter 2023 Studying/Exchange/utils/tcp_socket.cpp:78 sendAndReceive() Tue Jan 21 01:05:55 2025 send socket:6 len:38 
/Users/pranavthatte/Desktop/Core/Princeton Senior/Winter 2023 Studying/Exchange/trading/order_gw/order_gateway.cpp:58 run() Tue Jan 21 01:05:55 2025 Sending cid:3 seq15 MEClientRequest [type: NEW, client: 3, ticker: 2, order_id: 3007, side: BUY, qty: 37, price: 134]
/Users/pranavthatte/Desktop/Core/Princeton Senior/Winter 2023 Studying/Exchange/utils/tcp_socket.cpp:78 sendAndReceive() Tue Jan 21 01:05:55 2025 send socket:6 len:38 
/Users/pranavthatte/Desktop/Core/Princeton Senior/Winter 2023 Studying/Exchange/utils/tcp_socket.cpp: 55 sendAndReceive() Tue Jan 21 01:05:55 2025 read socket: 6 len:270 utime:1737443155922385000 ktime:0 diff:1737443155922385000 
/Users/pranavthatte/Desktop/Core/Princeton Senior/Winter 2023 Studying/Exchange/trading/order_gw/order_gateway.cpp:74 recvCallback() Tue Jan 21 01:05:55 2025 Received socket:6 len:270 0
/Users/pranavthatte/Desktop/Core/Princeton Senior/Winter 2023 Studying/Exchange/trading/order_gw/order_gateway.cpp:87 recvCallback() Tue Jan 21 01:05:55 2025 Received OMClientRequest [seq: 4 MEClientResponse [type: CANCELED, client: 3, ticker: 6, client order id: 3001, market order id: 1, side: BUY, exec_qty: 64, leaves_qty: INVALID, price: 134]]
/Users/pranavthatte/Desktop/Core/Princeton Senior/Winter 2023 Studying/Exchange/trading/order_gw/order_gateway.cpp:87 recvCallback() Tue Jan 21 01:05:55 2025 Received OMClientRequest [seq: 5 MEClientResponse [type: ACCEPTED, client: 3, ticker: 1, client order id: 3002, market order id: 1, side: BUY, exec_qty: 64, leaves_qty: INVALID, price: 154]]
/Users/pranavthatte/Desktop/Core/Princeton Senior/Winter 2023 Studying/Exchange/trading/order_gw/order_gateway.cpp:87 recvCallback() Tue Jan 21 01:05:55 2025 Received OMClientRequest [seq: 6 MEClientResponse [type: CANCELED, client: 3, ticker: 1, client order id: 3002, market order id: 1, side: BUY, exec_qty: 64, leaves_qty: INVALID, price: 154]]
/Users/pranavthatte/Desktop/Core/Princeton Senior/Winter 2023 Studying/Exchange/trading/order_gw/order_gateway.cpp:87 recvCallback() Tue Jan 21 01:05:55 2025 Received OMClientRequest [seq: 7 MEClientResponse [type: ACCEPTED, client: 3, ticker: 1, client order id: 3003, market order id: 2, side: BUY, exec_qty: 54, leaves_qty: INVALID, price: 154]]
/Users/pranavthatte/Desktop/Core/Princeton Senior/Winter 2023 Studying/Exchange/trading/order_gw/order_gateway.cpp:87 recvCallback() Tue Jan 21 01:05:55 2025 Received OMClientRequest [seq: 8 MEClientResponse [type: CANCELED, client: 3, ticker: 1, client order id: 3003, market order id: 2, side: BUY, exec_qty: 54, leaves_qty: INVALID, price: 154]]
/Users/pranavthatte/Desktop/Core/Princeton Senior/Winter 2023 Studying/Exchange/trading/order_gw/order_gateway.cpp:58 run() Tue Jan 21 01:05:55 2025 Sending cid:3 seq16 MEClientRequest [type: CANCEL, client: 3, ticker: 1, order_id: 3003, side: BUY, qty: 54, price: 154]
/Users/pranavthatte/Desktop/Core/Princeton Senior/Winter 2023 Studying/Exchange/utils/tcp_socket.cpp:78 sendAndReceive() Tue Jan 21 01:05:55 2025 send socket:6 len:38 
/Users/pranavthatte/Desktop/Core/Princeton Senior/Winter 2023 Studying/Exchange/trading/order_gw/order_gateway.cpp:58 run() Tue Jan 21 01:05:55 2025 Sending cid:3 seq17 MEClientRequest [type: NEW, client: 3, ticker: 6, order_id: 3008, side: SELL, qty: 11, price: 137]
/Users/pranavthatte/Desktop/Core/Princeton Senior/Winter 2023 Studying/Exchange/utils/tcp_socket.cpp:78 sendAndReceive() Tue Jan 21 01:05:55 2025 send socket:6 len:38 
/Users/pranavthatte/Desktop/Core/Princeton Senior/Winter 2023 Studying/Exchange/trading/order_gw/order_gateway.cpp:58 run() Tue Jan 21 01:05:55 2025 Sending cid:3 seq18 MEClientRequest [type: CANCEL, client: 3, ticker: 1, order_id: 3003, side: BUY, qty: 54, price: 154]
/Users/pranavthatte/Desktop/Core/Princeton Senior/Winter 2023 Studying/Exchange/utils/tcp_socket.cpp:78 sendAndReceive() Tue Jan 21 01:05:55 2025 send socket:6 len:38 
/Users/pranavthatte/Desktop/Core/Princeton Senior/Winter 2023 Studying/Exchange/trading/order_gw/order_gateway.cpp:58 run() Tue Jan 21 01:05:56 2025 Sending cid:3 seq19 MEClientRequest [type: NEW, client: 3, ticker: 0, order_id: 3009, side: BUY, qty: 72, price: 129]
/Users/pranavthatte/Desktop/Core/Princeton Senior/Winter 2023 Studying/Exchange/utils/tcp_socket.cpp:78 sendAndReceive() Tue Jan 21 01:05:56 2025 send socket:6 len:38 
/Users/pranavthatte/Desktop/Core/Princeton Senior/Winter 2023 Studying/Exchange/utils/tcp_socket.cpp: 55 sendAndReceive() Tue Jan 21 01:05:56 2025 read socket: 6 len:162 utime:1737443156018170000 ktime:0 diff:1737443156018170000 
/Users/pranavthatte/Desktop/Core/Princeton Senior/Winter 2023 Studying/Exchange/trading/order_gw/order_gateway.cpp:74 recvCallback() Tue Jan 21 01:05:56 2025 Received socket:6 len:162 0
/Users/pranavthatte/Desktop/Core/Princeton Senior/Winter 2023 Studying/Exchange/trading/order_gw/order_gateway.cpp:87 recvCallback() Tue Jan 21 01:05:56 2025 Received OMClientRequest [seq: 9 MEClientResponse [type: ACCEPTED, client: 3, ticker: 1, client order id: 3004, market order id: 3, side: SELL, exec_qty: 99, leaves_qty: INVALID, price: 149]]
/Users/pranavthatte/Desktop/Core/Princeton Senior/Winter 2023 Studying/Exchange/trading/order_gw/order_gateway.cpp:87 recvCallback() Tue Jan 21 01:05:56 2025 Received OMClientRequest [seq: 10 MEClientResponse [type: CANCEL_REJECTED, client: 3, ticker: 6, client order id: 3001, market order id: INVALID, side: INVALID, exec_qty: INVALID, leaves_qty: INVALID, price: INVALID]]
/Users/pranavthatte/Desktop/Core/Princeton Senior/Winter 2023 Studying/Exchange/trading/order_gw/order_gateway.cpp:87 recvCallback() Tue Jan 21 01:05:56 2025 Received OMClientRequest [seq: 11 MEClientResponse [type: ACCEPTED, client: 3, ticker: 1, client order id: 3005, market order id: 4, side: SELL, exec_qty: 101, leaves_qty: INVALID, price: 154]]
/Users/pranavthatte/Desktop/Core/Princeton Senior/Winter 2023 Studying/Exchange/trading/order_gw/order_gateway.cpp:58 run() Tue Jan 21 01:05:56 2025 Sending cid:3 seq20 MEClientRequest [type: CANCEL, client: 3, ticker: 1, order_id: 3004, side: SELL, qty: 99, price: 149]
/Users/pranavthatte/Desktop/Core/Princeton Senior/Winter 2023 Studying/Exchange/utils/tcp_socket.cpp:78 sendAndReceive() Tue Jan 21 01:05:56 2025 send socket:6 len:38 
/Users/pranavthatte/Desktop/Core/Princeton Senior/Winter 2023 Studying/Exchange/utils/tcp_socket.cpp: 55 sendAndReceive() Tue Jan 21 01:05:56 2025 read socket: 6 len:432 utime:1737443156105712000 ktime:0 diff:1737443156105712000 
/Users/pranavthatte/Desktop/Core/Princeton Senior/Winter 2023 Studying/Exchange/trading/order_gw/order_gateway.cpp:74 recvCallback() Tue Jan 21 01:05:56 2025 Received socket:6 len:432 0
/Users/pranavthatte/Desktop/Core/Princeton Senior/Winter 2023 Studying/Exchange/trading/order_gw/order_gateway.cpp:87 recvCallback() Tue Jan 21 01:05:56 2025 Received OMClientRequest [seq: 12 MEClientResponse [type: CANCEL_REJECTED, client: 3, ticker: 6, client order id: 3001, market order id: INVALID, side: INVALID, exec_qty: INVALID, leaves_qty: INVALID, price: INVALID]]
/Users/pranavthatte/Desktop/Core/Princeton Senior/Winter 2023 Studying/Exchange/trading/order_gw/order_gateway.cpp:87 recvCallback() Tue Jan 21 01:05:56 2025 Received OMClientRequest [seq: 13 MEClientResponse [type: ACCEPTED, client: 3, ticker: 3, client order id: 3006, market order id: 2, side: SELL, exec_qty: 3, leaves_qty: INVALID, price: 134]]
/Users/pranavthatte/Desktop/Core/Princeton Senior/Winter 2023 Studying/Exchange/trading/order_gw/order_gateway.cpp:87 recvCallback() Tue Jan 21 01:05:56 2025 Received OMClientRequest [seq: 14 MEClientResponse [type: CANCELED, client: 3, ticker: 1, client order id: 3005, market order id: 4, side: SELL, exec_qty: 101, leaves_qty: INVALID, price: 154]]
/Users/pranavthatte/Desktop/Core/Princeton Senior/Winter 2023 Studying/Exchange/trading/order_gw/order_gateway.cpp:87 recvCallback() Tue Jan 21 01:05:56 2025 Received OMClientRequest [seq: 15 MEClientResponse [type: ACCEPTED, client: 3, ticker: 2, client order id: 3007, market order id: 1, side: BUY, exec_qty: 37, leaves_qty: INVALID, price: 134]]
/Users/pranavthatte/Desktop/Core/Princeton Senior/Winter 2023 Studying/Exchange/trading/order_gw/order_gateway.cpp:87 recvCallback() Tue Jan 21 01:05:56 2025 Received OMClientRequest [seq: 16 MEClientResponse [type: CANCEL_REJECTED, client: 3, ticker: 1, client order id: 3003, market order id: INVALID, side: INVALID, exec_qty: INVALID, leaves_qty: INVALID, price: INVALID]]
/Users/pranavthatte/Desktop/Core/Princeton Senior/Winter 2023 Studying/Exchange/trading/order_gw/order_gateway.cpp:87 recvCallback() Tue Jan 21 01:05:56 2025 Received OMClientRequest [seq: 17 MEClientResponse [type: ACCEPTED, client: 3, ticker: 6, client order id: 3008, market order id: 2, side: SELL, exec_qty: 11, leaves_qty: INVALID, price: 137]]
/Users/pranavthatte/Desktop/Core/Princeton Senior/Winter 2023 Studying/Exchange/trading/order_gw/order_gateway.cpp:87 recvCallback() Tue Jan 21 01:05:56 2025 Received OMClientRequest [seq: 18 MEClientResponse [type: CANCEL_REJECTED, client: 3, ticker: 1, client order id: 3003, market order id: INVALID, side: INVALID, exec_qty: INVALID, leaves_qty: INVALID, price: INVALID]]
/Users/pranavthatte/Desktop/Core/Princeton Senior/Winter 2023 Studying/Exchange/trading/order_gw/order_gateway.cpp:87 recvCallback() Tue Jan 21 01:05:56 2025 Received OMClientRequest [seq: 19 MEClientResponse [type: ACCEPTED, client: 3, ticker: 0, client order id: 3009, market order id: 1, side: BUY, exec_qty: 72, leaves_qty: INVALID, price: 129]]
