/Users/pranavthatte/Desktop/Core/Princeton Senior/Winter 2023 Studying/Exchange/trading/strategy/trade_engine.cpp:40 TradeEngine() Mon Jan 20 22:36:10 2025 TradeEngine Configs Initialized RANDOM Ticker: 0 TradeEngineConfig { trade-size: 0 feature-threshold: 0 risk config: RiskConfig { max-order-size: 0 max-position: 0 max-loss: 0 } }. 
/Users/pranavthatte/Desktop/Core/Princeton Senior/Winter 2023 Studying/Exchange/trading/strategy/trade_engine.cpp:40 TradeEngine() Mon Jan 20 22:36:10 2025 TradeEngine Configs Initialized RANDOM Ticker: 1 TradeEngineConfig { trade-size: 0 feature-threshold: 0 risk config: RiskConfig { max-order-size: 0 max-position: 0 max-loss: 0 } }. 
/Users/pranavthatte/Desktop/Core/Princeton Senior/Winter 2023 Studying/Exchange/trading/strategy/trade_engine.cpp:40 TradeEngine() Mon Jan 20 22:36:10 2025 TradeEngine Configs Initialized RANDOM Ticker: 2 TradeEngineConfig { trade-size: 0 feature-threshold: 0 risk config: RiskConfig { max-order-size: 0 max-position: 0 max-loss: 0 } }. 
/Users/pranavthatte/Desktop/Core/Princeton Senior/Winter 2023 Studying/Exchange/trading/strategy/trade_engine.cpp:40 TradeEngine() Mon Jan 20 22:36:10 2025 TradeEngine Configs Initialized RANDOM Ticker: 3 TradeEngineConfig { trade-size: 0 feature-threshold: 0 risk config: RiskConfig { max-order-size: 0 max-position: 0 max-loss: 0 } }. 
/Users/pranavthatte/Desktop/Core/Princeton Senior/Winter 2023 Studying/Exchange/trading/strategy/trade_engine.cpp:40 TradeEngine() Mon Jan 20 22:36:10 2025 TradeEngine Configs Initialized RANDOM Ticker: 4 TradeEngineConfig { trade-size: 0 feature-threshold: 0 risk config: RiskConfig { max-order-size: 0 max-position: 0 max-loss: 0 } }. 
/Users/pranavthatte/Desktop/Core/Princeton Senior/Winter 2023 Studying/Exchange/trading/strategy/trade_engine.cpp:40 TradeEngine() Mon Jan 20 22:36:10 2025 TradeEngine Configs Initialized RANDOM Ticker: 5 TradeEngineConfig { trade-size: 0 feature-threshold: 0 risk config: RiskConfig { max-order-size: 0 max-position: 0 max-loss: 0 } }. 
/Users/pranavthatte/Desktop/Core/Princeton Senior/Winter 2023 Studying/Exchange/trading/strategy/trade_engine.cpp:40 TradeEngine() Mon Jan 20 22:36:10 2025 TradeEngine Configs Initialized RANDOM Ticker: 6 TradeEngineConfig { trade-size: 0 feature-threshold: 0 risk config: RiskConfig { max-order-size: 0 max-position: 0 max-loss: 0 } }. 
/Users/pranavthatte/Desktop/Core/Princeton Senior/Winter 2023 Studying/Exchange/trading/strategy/trade_engine.cpp:40 TradeEngine() Mon Jan 20 22:36:10 2025 TradeEngine Configs Initialized RANDOM Ticker: 7 TradeEngineConfig { trade-size: 0 feature-threshold: 0 risk config: RiskConfig { max-order-size: 0 max-position: 0 max-loss: 0 } }. 
/Users/pranavthatte/Desktop/Core/Princeton Senior/Winter 2023 Studying/Exchange/trading/strategy/trade_engine.cpp:80 run() Mon Jan 20 22:36:10 2025 TradeEngine running! 
/Users/pranavthatte/Desktop/Core/Princeton Senior/Winter 2023 Studying/Exchange/trading/strategy/trade_engine.cpp:68 sendClientRequest() Mon Jan 20 22:36:25 2025 TradeEngine Sending MEClientRequest [type: NEW, client: 1, ticker: 3, order_id: 1000, side: BUY, qty: 42, price: 168]
/Users/pranavthatte/Desktop/Core/Princeton Senior/Winter 2023 Studying/Exchange/trading/strategy/trade_engine.cpp:68 sendClientRequest() Mon Jan 20 22:36:25 2025 TradeEngine Sending MEClientRequest [type: CANCEL, client: 1, ticker: 3, order_id: 1000, side: BUY, qty: 42, price: 168]
/Users/pranavthatte/Desktop/Core/Princeton Senior/Winter 2023 Studying/Exchange/trading/strategy/trade_engine.cpp:68 sendClientRequest() Mon Jan 20 22:36:25 2025 TradeEngine Sending MEClientRequest [type: NEW, client: 1, ticker: 2, order_id: 1001, side: BUY, qty: 5, price: 181]
/Users/pranavthatte/Desktop/Core/Princeton Senior/Winter 2023 Studying/Exchange/trading/strategy/trade_engine.cpp:68 sendClientRequest() Mon Jan 20 22:36:25 2025 TradeEngine Sending MEClientRequest [type: CANCEL, client: 1, ticker: 2, order_id: 1001, side: BUY, qty: 5, price: 181]
/Users/pranavthatte/Desktop/Core/Princeton Senior/Winter 2023 Studying/Exchange/trading/strategy/trade_engine.cpp:68 sendClientRequest() Mon Jan 20 22:36:25 2025 TradeEngine Sending MEClientRequest [type: NEW, client: 1, ticker: 0, order_id: 1002, side: BUY, qty: 5, price: 110]
/Users/pranavthatte/Desktop/Core/Princeton Senior/Winter 2023 Studying/Exchange/trading/strategy/trade_engine.cpp:68 sendClientRequest() Mon Jan 20 22:36:25 2025 TradeEngine Sending MEClientRequest [type: CANCEL, client: 1, ticker: 3, order_id: 1000, side: BUY, qty: 42, price: 168]
/Users/pranavthatte/Desktop/Core/Princeton Senior/Winter 2023 Studying/Exchange/trading/strategy/trade_engine.cpp:68 sendClientRequest() Mon Jan 20 22:36:25 2025 TradeEngine Sending MEClientRequest [type: NEW, client: 1, ticker: 5, order_id: 1003, side: BUY, qty: 35, price: 173]
/Users/pranavthatte/Desktop/Core/Princeton Senior/Winter 2023 Studying/Exchange/trading/strategy/trade_engine.cpp:68 sendClientRequest() Mon Jan 20 22:36:25 2025 TradeEngine Sending MEClientRequest [type: CANCEL, client: 1, ticker: 0, order_id: 1002, side: BUY, qty: 5, price: 110]
/Users/pranavthatte/Desktop/Core/Princeton Senior/Winter 2023 Studying/Exchange/trading/strategy/trade_engine.cpp:68 sendClientRequest() Mon Jan 20 22:36:25 2025 TradeEngine Sending MEClientRequest [type: NEW, client: 1, ticker: 0, order_id: 1004, side: SELL, qty: 99, price: 113]
/Users/pranavthatte/Desktop/Core/Princeton Senior/Winter 2023 Studying/Exchange/trading/strategy/trade_engine.cpp:68 sendClientRequest() Mon Jan 20 22:36:25 2025 TradeEngine Sending MEClientRequest [type: CANCEL, client: 1, ticker: 0, order_id: 1002, side: BUY, qty: 5, price: 110]
/Users/pranavthatte/Desktop/Core/Princeton Senior/Winter 2023 Studying/Exchange/trading/strategy/trade_engine.cpp:68 sendClientRequest() Mon Jan 20 22:36:25 2025 TradeEngine Sending MEClientRequest [type: NEW, client: 1, ticker: 3, order_id: 1005, side: BUY, qty: 35, price: 159]
/Users/pranavthatte/Desktop/Core/Princeton Senior/Winter 2023 Studying/Exchange/trading/strategy/trade_engine.cpp:68 sendClientRequest() Mon Jan 20 22:36:25 2025 TradeEngine Sending MEClientRequest [type: CANCEL, client: 1, ticker: 2, order_id: 1001, side: BUY, qty: 5, price: 181]
/Users/pranavthatte/Desktop/Core/Princeton Senior/Winter 2023 Studying/Exchange/trading/strategy/trade_engine.cpp:68 sendClientRequest() Mon Jan 20 22:36:25 2025 TradeEngine Sending MEClientRequest [type: NEW, client: 1, ticker: 3, order_id: 1006, side: SELL, qty: 69, price: 160]
/Users/pranavthatte/Desktop/Core/Princeton Senior/Winter 2023 Studying/Exchange/trading/strategy/trade_engine.cpp:68 sendClientRequest() Mon Jan 20 22:36:25 2025 TradeEngine Sending MEClientRequest [type: CANCEL, client: 1, ticker: 3, order_id: 1000, side: BUY, qty: 42, price: 168]
/Users/pranavthatte/Desktop/Core/Princeton Senior/Winter 2023 Studying/Exchange/trading/strategy/trade_engine.cpp:68 sendClientRequest() Mon Jan 20 22:36:25 2025 TradeEngine Sending MEClientRequest [type: NEW, client: 1, ticker: 0, order_id: 1007, side: SELL, qty: 47, price: 113]
/Users/pranavthatte/Desktop/Core/Princeton Senior/Winter 2023 Studying/Exchange/trading/strategy/trade_engine.cpp:68 sendClientRequest() Mon Jan 20 22:36:26 2025 TradeEngine Sending MEClientRequest [type: CANCEL, client: 1, ticker: 5, order_id: 1003, side: BUY, qty: 35, price: 173]
/Users/pranavthatte/Desktop/Core/Princeton Senior/Winter 2023 Studying/Exchange/trading/strategy/trade_engine.cpp:68 sendClientRequest() Mon Jan 20 22:36:26 2025 TradeEngine Sending MEClientRequest [type: NEW, client: 1, ticker: 2, order_id: 1008, side: BUY, qty: 3, price: 181]
/Users/pranavthatte/Desktop/Core/Princeton Senior/Winter 2023 Studying/Exchange/trading/strategy/trade_engine.cpp:68 sendClientRequest() Mon Jan 20 22:36:26 2025 TradeEngine Sending MEClientRequest [type: CANCEL, client: 1, ticker: 0, order_id: 1007, side: SELL, qty: 47, price: 113]
/Users/pranavthatte/Desktop/Core/Princeton Senior/Winter 2023 Studying/Exchange/trading/strategy/trade_engine.cpp:68 sendClientRequest() Mon Jan 20 22:36:26 2025 TradeEngine Sending MEClientRequest [type: NEW, client: 1, ticker: 0, order_id: 1009, side: SELL, qty: 92, price: 116]
/Users/pranavthatte/Desktop/Core/Princeton Senior/Winter 2023 Studying/Exchange/trading/strategy/trade_engine.cpp:68 sendClientRequest() Mon Jan 20 22:36:26 2025 TradeEngine Sending MEClientRequest [type: CANCEL, client: 1, ticker: 3, order_id: 1006, side: SELL, qty: 69, price: 160]
/Users/pranavthatte/Desktop/Core/Princeton Senior/Winter 2023 Studying/Exchange/trading/strategy/trade_engine.h:106 stop() Mon Jan 20 22:36:46 2025 POSITIONS 
 TickerId: 0 Position{ pos: 0 r-pnl: 0 u-pnl: 0 t-pnl: 0 vol: 0 vwaps:[ 0 X 0 ] }
TickerId: 1 Position{ pos: 0 r-pnl: 0 u-pnl: 0 t-pnl: 0 vol: 0 vwaps:[ 0 X 0 ] }
TickerId: 2 Position{ pos: 0 r-pnl: 0 u-pnl: 0 t-pnl: 0 vol: 0 vwaps:[ 0 X 0 ] }
TickerId: 3 Position{ pos: 0 r-pnl: 0 u-pnl: 0 t-pnl: 0 vol: 0 vwaps:[ 0 X 0 ] }
TickerId: 4 Position{ pos: 0 r-pnl: 0 u-pnl: 0 t-pnl: 0 vol: 0 vwaps:[ 0 X 0 ] }
TickerId: 5 Position{ pos: 0 r-pnl: 0 u-pnl: 0 t-pnl: 0 vol: 0 vwaps:[ 0 X 0 ] }
TickerId: 6 Position{ pos: 0 r-pnl: 0 u-pnl: 0 t-pnl: 0 vol: 0 vwaps:[ 0 X 0 ] }
TickerId: 7 Position{ pos: 0 r-pnl: 0 u-pnl: 0 t-pnl: 0 vol: 0 vwaps:[ 0 X 0 ] }
Total PnL:0 Vol: 0
 
/Users/pranavthatte/Desktop/Core/Princeton Senior/Winter 2023 Studying/Exchange/trading/strategy/market_order_book.cpp:16 ~MarketOrderBook() Mon Jan 20 22:36:57 2025 ~MarketOrderBook() 
 Ticker: 0

                          X

 
/Users/pranavthatte/Desktop/Core/Princeton Senior/Winter 2023 Studying/Exchange/trading/strategy/market_order_book.cpp:16 ~MarketOrderBook() Mon Jan 20 22:36:57 2025 ~MarketOrderBook() 
 Ticker: 1

                          X

 
/Users/pranavthatte/Desktop/Core/Princeton Senior/Winter 2023 Studying/Exchange/trading/strategy/market_order_book.cpp:16 ~MarketOrderBook() Mon Jan 20 22:36:57 2025 ~MarketOrderBook() 
 Ticker: 2

                          X

 
/Users/pranavthatte/Desktop/Core/Princeton Senior/Winter 2023 Studying/Exchange/trading/strategy/market_order_book.cpp:16 ~MarketOrderBook() Mon Jan 20 22:36:57 2025 ~MarketOrderBook() 
 Ticker: 3

                          X

 
/Users/pranavthatte/Desktop/Core/Princeton Senior/Winter 2023 Studying/Exchange/trading/strategy/market_order_book.cpp:16 ~MarketOrderBook() Mon Jan 20 22:36:57 2025 ~MarketOrderBook() 
 Ticker: 4

                          X

 
/Users/pranavthatte/Desktop/Core/Princeton Senior/Winter 2023 Studying/Exchange/trading/strategy/market_order_book.cpp:16 ~MarketOrderBook() Mon Jan 20 22:36:57 2025 ~MarketOrderBook() 
 Ticker: 5

                          X

 
/Users/pranavthatte/Desktop/Core/Princeton Senior/Winter 2023 Studying/Exchange/trading/strategy/market_order_book.cpp:16 ~MarketOrderBook() Mon Jan 20 22:36:57 2025 ~MarketOrderBook() 
 Ticker: 6

                          X

 
/Users/pranavthatte/Desktop/Core/Princeton Senior/Winter 2023 Studying/Exchange/trading/strategy/market_order_book.cpp:16 ~MarketOrderBook() Mon Jan 20 22:36:57 2025 ~MarketOrderBook() 
 Ticker: 7

                          X

 
